2018-12-10 00:40:19.987 - INFO 12720 [           main] com.luwei.test.AllTest                   : Starting AllTest on PC-20170920CQZX with PID 12720 (started by Administrator in D:\idea\project\topshow\cms)
2018-12-10 00:40:20.004 - INFO 12720 [           main] com.luwei.test.AllTest                   : The following profiles are active: pro
2018-12-10 00:40:20.042 - INFO 12720 [           main] o.s.w.c.s.GenericWebApplicationContext   : Refreshing org.springframework.web.context.support.GenericWebApplicationContext@61544ae6: startup date [Mon Dec 10 00:40:20 CST 2018]; root of context hierarchy
2018-12-10 00:40:21.724 - INFO 12720 [           main] .s.d.r.c.RepositoryConfigurationDelegate : Multiple Spring Data modules found, entering strict repository configuration mode!
2018-12-10 00:40:22.248 - INFO 12720 [           main] .s.d.r.c.RepositoryConfigurationDelegate : Multiple Spring Data modules found, entering strict repository configuration mode!
2018-12-10 00:40:22.272 - INFO 12720 [           main] .RepositoryConfigurationExtensionSupport : Spring Data Redis - Could not safely identify store assignment for repository candidate interface com.luwei.models.activity.ActivityDao.
2018-12-10 00:40:22.275 - INFO 12720 [           main] .RepositoryConfigurationExtensionSupport : Spring Data Redis - Could not safely identify store assignment for repository candidate interface com.luwei.models.activity.category.ActivityCategoryDao.
2018-12-10 00:40:22.275 - INFO 12720 [           main] .RepositoryConfigurationExtensionSupport : Spring Data Redis - Could not safely identify store assignment for repository candidate interface com.luwei.models.activity.order.ActivityOrderDao.
2018-12-10 00:40:22.275 - INFO 12720 [           main] .RepositoryConfigurationExtensionSupport : Spring Data Redis - Could not safely identify store assignment for repository candidate interface com.luwei.models.activity.order.subcard.ActivitySubCardOrderDao.
2018-12-10 00:40:22.277 - INFO 12720 [           main] .RepositoryConfigurationExtensionSupport : Spring Data Redis - Could not safely identify store assignment for repository candidate interface com.luwei.models.activity.series.ActivitySeriesDao.
2018-12-10 00:40:22.280 - INFO 12720 [           main] .RepositoryConfigurationExtensionSupport : Spring Data Redis - Could not safely identify store assignment for repository candidate interface com.luwei.models.activity.subcard.ActivitySubCardDao.
2018-12-10 00:40:22.281 - INFO 12720 [           main] .RepositoryConfigurationExtensionSupport : Spring Data Redis - Could not safely identify store assignment for repository candidate interface com.luwei.models.address.AddressDao.
2018-12-10 00:40:22.284 - INFO 12720 [           main] .RepositoryConfigurationExtensionSupport : Spring Data Redis - Could not safely identify store assignment for repository candidate interface com.luwei.models.area.AreaDao.
2018-12-10 00:40:22.284 - INFO 12720 [           main] .RepositoryConfigurationExtensionSupport : Spring Data Redis - Could not safely identify store assignment for repository candidate interface com.luwei.models.banner.BannerDao.
2018-12-10 00:40:22.285 - INFO 12720 [           main] .RepositoryConfigurationExtensionSupport : Spring Data Redis - Could not safely identify store assignment for repository candidate interface com.luwei.models.bill.BillDao.
2018-12-10 00:40:22.286 - INFO 12720 [           main] .RepositoryConfigurationExtensionSupport : Spring Data Redis - Could not safely identify store assignment for repository candidate interface com.luwei.models.checkIn.CheckInDao.
2018-12-10 00:40:22.286 - INFO 12720 [           main] .RepositoryConfigurationExtensionSupport : Spring Data Redis - Could not safely identify store assignment for repository candidate interface com.luwei.models.collect.CollectDao.
2018-12-10 00:40:22.287 - INFO 12720 [           main] .RepositoryConfigurationExtensionSupport : Spring Data Redis - Could not safely identify store assignment for repository candidate interface com.luwei.models.coupon.CouponDao.
2018-12-10 00:40:22.287 - INFO 12720 [           main] .RepositoryConfigurationExtensionSupport : Spring Data Redis - Could not safely identify store assignment for repository candidate interface com.luwei.models.course.CourseDao.
2018-12-10 00:40:22.288 - INFO 12720 [           main] .RepositoryConfigurationExtensionSupport : Spring Data Redis - Could not safely identify store assignment for repository candidate interface com.luwei.models.courseEnrolment.CourseEnrolmentDao.
2018-12-10 00:40:22.289 - INFO 12720 [           main] .RepositoryConfigurationExtensionSupport : Spring Data Redis - Could not safely identify store assignment for repository candidate interface com.luwei.models.evaluate.EvaluateDao.
2018-12-10 00:40:22.289 - INFO 12720 [           main] .RepositoryConfigurationExtensionSupport : Spring Data Redis - Could not safely identify store assignment for repository candidate interface com.luwei.models.goods.category.GoodsCategoryDao.
2018-12-10 00:40:22.290 - INFO 12720 [           main] .RepositoryConfigurationExtensionSupport : Spring Data Redis - Could not safely identify store assignment for repository candidate interface com.luwei.models.goods.GoodsDao.
2018-12-10 00:40:22.290 - INFO 12720 [           main] .RepositoryConfigurationExtensionSupport : Spring Data Redis - Could not safely identify store assignment for repository candidate interface com.luwei.models.integralbill.IntegralBillDao.
2018-12-10 00:40:22.290 - INFO 12720 [           main] .RepositoryConfigurationExtensionSupport : Spring Data Redis - Could not safely identify store assignment for repository candidate interface com.luwei.models.integralset.IntegralSetDao.
2018-12-10 00:40:22.292 - INFO 12720 [           main] .RepositoryConfigurationExtensionSupport : Spring Data Redis - Could not safely identify store assignment for repository candidate interface com.luwei.models.manager.ManagerDao.
2018-12-10 00:40:22.293 - INFO 12720 [           main] .RepositoryConfigurationExtensionSupport : Spring Data Redis - Could not safely identify store assignment for repository candidate interface com.luwei.models.membershipcard.MembershipCardDao.
2018-12-10 00:40:22.293 - INFO 12720 [           main] .RepositoryConfigurationExtensionSupport : Spring Data Redis - Could not safely identify store assignment for repository candidate interface com.luwei.models.membershipcard.order.MembershipCardOrderDao.
2018-12-10 00:40:22.293 - INFO 12720 [           main] .RepositoryConfigurationExtensionSupport : Spring Data Redis - Could not safely identify store assignment for repository candidate interface com.luwei.models.order.detail.OrderDetailDao.
2018-12-10 00:40:22.294 - INFO 12720 [           main] .RepositoryConfigurationExtensionSupport : Spring Data Redis - Could not safely identify store assignment for repository candidate interface com.luwei.models.order.OrderDao.
2018-12-10 00:40:22.294 - INFO 12720 [           main] .RepositoryConfigurationExtensionSupport : Spring Data Redis - Could not safely identify store assignment for repository candidate interface com.luwei.models.photo.PhotoDao.
2018-12-10 00:40:22.294 - INFO 12720 [           main] .RepositoryConfigurationExtensionSupport : Spring Data Redis - Could not safely identify store assignment for repository candidate interface com.luwei.models.property.PropertyDao.
2018-12-10 00:40:22.295 - INFO 12720 [           main] .RepositoryConfigurationExtensionSupport : Spring Data Redis - Could not safely identify store assignment for repository candidate interface com.luwei.models.refund.RefundDao.
2018-12-10 00:40:22.295 - INFO 12720 [           main] .RepositoryConfigurationExtensionSupport : Spring Data Redis - Could not safely identify store assignment for repository candidate interface com.luwei.models.shop.ShopDao.
2018-12-10 00:40:22.295 - INFO 12720 [           main] .RepositoryConfigurationExtensionSupport : Spring Data Redis - Could not safely identify store assignment for repository candidate interface com.luwei.models.shopping.ShoppingDao.
2018-12-10 00:40:22.295 - INFO 12720 [           main] .RepositoryConfigurationExtensionSupport : Spring Data Redis - Could not safely identify store assignment for repository candidate interface com.luwei.models.specification.SpecificationDao.
2018-12-10 00:40:22.297 - INFO 12720 [           main] .RepositoryConfigurationExtensionSupport : Spring Data Redis - Could not safely identify store assignment for repository candidate interface com.luwei.models.store.StoreDao.
2018-12-10 00:40:22.297 - INFO 12720 [           main] .RepositoryConfigurationExtensionSupport : Spring Data Redis - Could not safely identify store assignment for repository candidate interface com.luwei.models.task.TaskRepository.
2018-12-10 00:40:22.297 - INFO 12720 [           main] .RepositoryConfigurationExtensionSupport : Spring Data Redis - Could not safely identify store assignment for repository candidate interface com.luwei.models.user.coupon.UserCouponDao.
2018-12-10 00:40:22.298 - INFO 12720 [           main] .RepositoryConfigurationExtensionSupport : Spring Data Redis - Could not safely identify store assignment for repository candidate interface com.luwei.models.user.receiving.ReceivingAddressDao.
2018-12-10 00:40:22.298 - INFO 12720 [           main] .RepositoryConfigurationExtensionSupport : Spring Data Redis - Could not safely identify store assignment for repository candidate interface com.luwei.models.user.UserDao.
2018-12-10 00:40:23.336 - INFO 12720 [           main] trationDelegate$BeanPostProcessorChecker : Bean 'shiroConfig' of type [com.luwei.module.shiro.base.ShiroConfig$$EnhancerBySpringCGLIB$$fe87b165] is not eligible for getting processed by all BeanPostProcessors (for example: not eligible for auto-proxying)
2018-12-10 00:40:23.459 - INFO 12720 [           main] trationDelegate$BeanPostProcessorChecker : Bean 'org.springframework.boot.context.properties.ConversionServiceDeducer$Factory' of type [org.springframework.boot.context.properties.ConversionServiceDeducer$Factory] is not eligible for getting processed by all BeanPostProcessors (for example: not eligible for auto-proxying)
2018-12-10 00:40:23.482 - INFO 12720 [           main] trationDelegate$BeanPostProcessorChecker : Bean 'shiroModuleProperties' of type [com.luwei.module.shiro.base.ShiroModuleProperties$$EnhancerBySpringCGLIB$$79fa5902] is not eligible for getting processed by all BeanPostProcessors (for example: not eligible for auto-proxying)
2018-12-10 00:40:23.487 - INFO 12720 [           main] trationDelegate$BeanPostProcessorChecker : Bean 'org.springframework.boot.autoconfigure.data.redis.RedisAutoConfiguration' of type [org.springframework.boot.autoconfigure.data.redis.RedisAutoConfiguration$$EnhancerBySpringCGLIB$$f6e9b870] is not eligible for getting processed by all BeanPostProcessors (for example: not eligible for auto-proxying)
2018-12-10 00:40:23.500 - INFO 12720 [           main] trationDelegate$BeanPostProcessorChecker : Bean 'spring.redis-org.springframework.boot.autoconfigure.data.redis.RedisProperties' of type [org.springframework.boot.autoconfigure.data.redis.RedisProperties] is not eligible for getting processed by all BeanPostProcessors (for example: not eligible for auto-proxying)
2018-12-10 00:40:23.511 - INFO 12720 [           main] trationDelegate$BeanPostProcessorChecker : Bean 'org.springframework.boot.autoconfigure.data.redis.LettuceConnectionConfiguration' of type [org.springframework.boot.autoconfigure.data.redis.LettuceConnectionConfiguration$$EnhancerBySpringCGLIB$$166c4b7e] is not eligible for getting processed by all BeanPostProcessors (for example: not eligible for auto-proxying)
2018-12-10 00:40:23.672 - INFO 12720 [           main] trationDelegate$BeanPostProcessorChecker : Bean 'lettuceClientResources' of type [io.lettuce.core.resource.DefaultClientResources] is not eligible for getting processed by all BeanPostProcessors (for example: not eligible for auto-proxying)
2018-12-10 00:40:23.817 - INFO 12720 [           main] trationDelegate$BeanPostProcessorChecker : Bean 'redisConnectionFactory' of type [org.springframework.data.redis.connection.lettuce.LettuceConnectionFactory] is not eligible for getting processed by all BeanPostProcessors (for example: not eligible for auto-proxying)
2018-12-10 00:40:23.854 - INFO 12720 [           main] trationDelegate$BeanPostProcessorChecker : Bean 'stringRedisTemplate' of type [org.springframework.data.redis.core.StringRedisTemplate] is not eligible for getting processed by all BeanPostProcessors (for example: not eligible for auto-proxying)
2018-12-10 00:40:23.855 - INFO 12720 [           main] trationDelegate$BeanPostProcessorChecker : Bean 'tokenRealm' of type [com.luwei.module.shiro.base.TokenRealm] is not eligible for getting processed by all BeanPostProcessors (for example: not eligible for auto-proxying)
2018-12-10 00:40:24.675 - INFO 12720 [           main] trationDelegate$BeanPostProcessorChecker : Bean 'defaultSessionManager' of type [org.apache.shiro.session.mgt.DefaultSessionManager] is not eligible for getting processed by all BeanPostProcessors (for example: not eligible for auto-proxying)
2018-12-10 00:40:24.675 - WARN 12720 [           main] o.a.s.web.mgt.DefaultWebSecurityManager  : The org.apache.shiro.web.mgt.DefaultWebSecurityManager implementation expects SessionManager instances that implement the org.apache.shiro.web.session.mgt.WebSessionManager interface.  The configured instance is of type [org.apache.shiro.session.mgt.DefaultSessionManager] which does not implement this interface..  This may cause unexpected behavior.
2018-12-10 00:40:24.698 - INFO 12720 [           main] trationDelegate$BeanPostProcessorChecker : Bean 'securityManager' of type [org.apache.shiro.web.mgt.DefaultWebSecurityManager] is not eligible for getting processed by all BeanPostProcessors (for example: not eligible for auto-proxying)
2018-12-10 00:40:24.703 - INFO 12720 [           main] com.luwei.module.shiro.base.ShiroConfig  : Mapped "{[/api/login]}"
2018-12-10 00:40:24.703 - INFO 12720 [           main] com.luwei.module.shiro.base.ShiroConfig  : Mapped "{[/api/logout]}"
2018-12-10 00:40:24.703 - INFO 12720 [           main] com.luwei.module.shiro.base.ShiroConfig  : Mapped "{[/api/file/upload/**]}"
2018-12-10 00:40:24.703 - INFO 12720 [           main] com.luwei.module.shiro.base.ShiroConfig  : Mapped "{[/api/captcha]}"
2018-12-10 00:40:24.703 - INFO 12720 [           main] com.luwei.module.shiro.base.ShiroConfig  : Mapped "{[/api/user/**]}"
2018-12-10 00:40:24.703 - INFO 12720 [           main] com.luwei.module.shiro.base.ShiroConfig  : Mapped "{[/api/wx]}"
2018-12-10 00:40:24.703 - INFO 12720 [           main] com.luwei.module.shiro.base.ShiroConfig  : Mapped "{[/api/**]}"
2018-12-10 00:40:24.825 - INFO 12720 [           main] trationDelegate$BeanPostProcessorChecker : Bean 'advisor' of type [org.apache.shiro.spring.security.interceptor.AuthorizationAttributeSourceAdvisor] is not eligible for getting processed by all BeanPostProcessors (for example: not eligible for auto-proxying)
2018-12-10 00:40:24.854 - INFO 12720 [           main] trationDelegate$BeanPostProcessorChecker : Bean 'org.springframework.transaction.annotation.ProxyTransactionManagementConfiguration' of type [org.springframework.transaction.annotation.ProxyTransactionManagementConfiguration$$EnhancerBySpringCGLIB$$1528d34] is not eligible for getting processed by all BeanPostProcessors (for example: not eligible for auto-proxying)
2018-12-10 00:40:25.312 - INFO 12720 [           main] com.zaxxer.hikari.HikariDataSource       : HikariPool-1 - Starting...
2018-12-10 00:40:26.002 - INFO 12720 [           main] com.zaxxer.hikari.HikariDataSource       : HikariPool-1 - Start completed.
2018-12-10 00:40:26.070 - INFO 12720 [           main] j.LocalContainerEntityManagerFactoryBean : Building JPA container EntityManagerFactory for persistence unit 'default'
2018-12-10 00:40:26.092 - INFO 12720 [           main] o.hibernate.jpa.internal.util.LogHelper  : HHH000204: Processing PersistenceUnitInfo [
	name: default
	...]
2018-12-10 00:40:26.204 - INFO 12720 [           main] org.hibernate.Version                    : HHH000412: Hibernate Core {5.2.17.Final}
2018-12-10 00:40:26.206 - INFO 12720 [           main] org.hibernate.cfg.Environment            : HHH000206: hibernate.properties not found
2018-12-10 00:40:26.290 - INFO 12720 [           main] o.hibernate.annotations.common.Version   : HCANN000001: Hibernate Commons Annotations {5.0.1.Final}
2018-12-10 00:40:26.560 - INFO 12720 [           main] org.hibernate.dialect.Dialect            : HHH000400: Using dialect: org.hibernate.dialect.MySQL5Dialect
2018-12-10 00:40:29.395 - INFO 12720 [           main] j.LocalContainerEntityManagerFactoryBean : Initialized JPA EntityManagerFactory for persistence unit 'default'
2018-12-10 00:40:30.152 - INFO 12720 [           main] o.h.h.i.QueryTranslatorFactoryInitiator  : HHH000397: Using ASTQueryTranslatorFactory
2018-12-10 00:40:32.611 - INFO 12720 [           main] org.quartz.impl.StdSchedulerFactory      : Using default implementation for ThreadExecutor
2018-12-10 00:40:32.637 - INFO 12720 [           main] org.quartz.core.SchedulerSignalerImpl    : Initialized Scheduler Signaller of type: class org.quartz.core.SchedulerSignalerImpl
2018-12-10 00:40:32.637 - INFO 12720 [           main] org.quartz.core.QuartzScheduler          : Quartz Scheduler v.2.3.0 created.
2018-12-10 00:40:32.638 - INFO 12720 [           main] org.quartz.simpl.RAMJobStore             : RAMJobStore initialized.
2018-12-10 00:40:32.640 - INFO 12720 [           main] org.quartz.core.QuartzScheduler          : Scheduler meta-data: Quartz Scheduler (v2.3.0) 'schedulerFactoryBean' with instanceId 'NON_CLUSTERED'
  Scheduler class: 'org.quartz.core.QuartzScheduler' - running locally.
  NOT STARTED.
  Currently in standby mode.
  Number of jobs executed: 0
  Using thread pool 'org.quartz.simpl.SimpleThreadPool' - with 10 threads.
  Using job-store 'org.quartz.simpl.RAMJobStore' - which does not support persistence. and is not clustered.

2018-12-10 00:40:32.640 - INFO 12720 [           main] org.quartz.impl.StdSchedulerFactory      : Quartz scheduler 'schedulerFactoryBean' initialized from an externally provided properties instance.
2018-12-10 00:40:32.640 - INFO 12720 [           main] org.quartz.impl.StdSchedulerFactory      : Quartz scheduler version: 2.3.0
2018-12-10 00:40:32.642 - INFO 12720 [           main] org.quartz.core.QuartzScheduler          : JobFactory set to: com.luwei.task.JobFactory@370a935f
2018-12-10 00:40:33.337 - WARN 12720 [           main] aWebConfiguration$JpaWebMvcConfiguration : spring.jpa.open-in-view is enabled by default. Therefore, database queries may be performed during view rendering. Explicitly configure spring.jpa.open-in-view to disable this warning
2018-12-10 00:40:33.509 - INFO 12720 [           main] s.w.s.m.m.a.RequestMappingHandlerMapping : Mapped "{[/api/activity/category],methods=[PUT]}" onto public com.luwei.services.activity.category.cms.ActivityCategoryPageVO com.luwei.controllers.ActivityCategoryController.update(com.luwei.services.activity.category.cms.ActivityCategoryEditDTO)
2018-12-10 00:40:33.510 - INFO 12720 [           main] s.w.s.m.m.a.RequestMappingHandlerMapping : Mapped "{[/api/activity/category],methods=[DELETE]}" onto public void com.luwei.controllers.ActivityCategoryController.delete(java.util.Set<java.lang.Integer>)
2018-12-10 00:40:33.515 - INFO 12720 [           main] s.w.s.m.m.a.RequestMappingHandlerMapping : Mapped "{[/api/activity/category],methods=[POST]}" onto public void com.luwei.controllers.ActivityCategoryController.save(com.luwei.services.activity.category.cms.ActivityCategoryAddDTO)
2018-12-10 00:40:33.517 - INFO 12720 [           main] s.w.s.m.m.a.RequestMappingHandlerMapping : Mapped "{[/api/activity/category/one],methods=[GET]}" onto public com.luwei.services.activity.category.cms.ActivityCategoryPageVO com.luwei.controllers.ActivityCategoryController.one(java.lang.Integer)
2018-12-10 00:40:33.518 - INFO 12720 [           main] s.w.s.m.m.a.RequestMappingHandlerMapping : Mapped "{[/api/activity/category/page],methods=[GET]}" onto public org.springframework.data.domain.Page<com.luwei.services.activity.category.cms.ActivityCategoryPageVO> com.luwei.controllers.ActivityCategoryController.page(java.lang.String,org.springframework.data.domain.Pageable)
2018-12-10 00:40:33.519 - INFO 12720 [           main] s.w.s.m.m.a.RequestMappingHandlerMapping : Mapped "{[/api/activity],methods=[PUT]}" onto public com.luwei.services.activity.cms.ActivityPageVO com.luwei.controllers.ActivityController.update(com.luwei.services.activity.cms.ActivityEditDTO)
2018-12-10 00:40:33.520 - INFO 12720 [           main] s.w.s.m.m.a.RequestMappingHandlerMapping : Mapped "{[/api/activity],methods=[DELETE]}" onto public void com.luwei.controllers.ActivityController.delete(java.util.Set<java.lang.Integer>)
2018-12-10 00:40:33.520 - INFO 12720 [           main] s.w.s.m.m.a.RequestMappingHandlerMapping : Mapped "{[/api/activity],methods=[POST]}" onto public void com.luwei.controllers.ActivityController.save(com.luwei.services.activity.cms.ActivityAddDTO)
2018-12-10 00:40:33.521 - INFO 12720 [           main] s.w.s.m.m.a.RequestMappingHandlerMapping : Mapped "{[/api/activity/one],methods=[GET]}" onto public com.luwei.services.activity.cms.ActivityPageVO com.luwei.controllers.ActivityController.one(java.lang.Integer)
2018-12-10 00:40:33.521 - INFO 12720 [           main] s.w.s.m.m.a.RequestMappingHandlerMapping : Mapped "{[/api/activity/page],methods=[GET]}" onto public org.springframework.data.domain.Page<com.luwei.services.activity.cms.ActivityPageVO> com.luwei.controllers.ActivityController.page(java.lang.String,java.lang.Integer,org.springframework.data.domain.Pageable)
2018-12-10 00:40:33.521 - INFO 12720 [           main] s.w.s.m.m.a.RequestMappingHandlerMapping : Mapped "{[/api/activity/recommend],methods=[GET]}" onto public com.luwei.services.activity.cms.ActivityPageVO com.luwei.controllers.ActivityController.recommend(java.lang.Integer)
2018-12-10 00:40:33.527 - INFO 12720 [           main] s.w.s.m.m.a.RequestMappingHandlerMapping : Mapped "{[/api/activity/series],methods=[PUT]}" onto public com.luwei.services.activity.series.cms.ActivitySeriesPageVO com.luwei.controllers.ActivitySeriesController.update(com.luwei.services.activity.series.cms.ActivitySeriesEditDTO)
2018-12-10 00:40:33.528 - INFO 12720 [           main] s.w.s.m.m.a.RequestMappingHandlerMapping : Mapped "{[/api/activity/series],methods=[DELETE]}" onto public void com.luwei.controllers.ActivitySeriesController.delete(java.util.Set<java.lang.Integer>)
2018-12-10 00:40:33.528 - INFO 12720 [           main] s.w.s.m.m.a.RequestMappingHandlerMapping : Mapped "{[/api/activity/series],methods=[POST]}" onto public void com.luwei.controllers.ActivitySeriesController.save(com.luwei.services.activity.series.cms.ActivitySeriesAddDTO)
2018-12-10 00:40:33.528 - INFO 12720 [           main] s.w.s.m.m.a.RequestMappingHandlerMapping : Mapped "{[/api/activity/series/one],methods=[GET]}" onto public com.luwei.services.activity.series.cms.ActivitySeriesPageVO com.luwei.controllers.ActivitySeriesController.one(java.lang.Integer)
2018-12-10 00:40:33.528 - INFO 12720 [           main] s.w.s.m.m.a.RequestMappingHandlerMapping : Mapped "{[/api/activity/series/page],methods=[GET]}" onto public org.springframework.data.domain.Page<com.luwei.services.activity.series.cms.ActivitySeriesPageVO> com.luwei.controllers.ActivitySeriesController.page(java.lang.String,org.springframework.data.domain.Pageable)
2018-12-10 00:40:33.532 - INFO 12720 [           main] s.w.s.m.m.a.RequestMappingHandlerMapping : Mapped "{[/api/area],methods=[PUT]}" onto public void com.luwei.controllers.AreaController.update(com.luwei.services.area.cms.AreaDTO)
2018-12-10 00:40:33.538 - INFO 12720 [           main] s.w.s.m.m.a.RequestMappingHandlerMapping : Mapped "{[/api/area],methods=[DELETE]}" onto public void com.luwei.controllers.AreaController.delete(java.util.Set<java.lang.Integer>)
2018-12-10 00:40:33.538 - INFO 12720 [           main] s.w.s.m.m.a.RequestMappingHandlerMapping : Mapped "{[/api/area],methods=[POST]}" onto public void com.luwei.controllers.AreaController.save(com.luwei.services.area.cms.AreaDTO)
2018-12-10 00:40:33.539 - INFO 12720 [           main] s.w.s.m.m.a.RequestMappingHandlerMapping : Mapped "{[/api/area/one],methods=[GET]}" onto public com.luwei.services.area.cms.DistrictVO com.luwei.controllers.AreaController.findOne(java.lang.Integer)
2018-12-10 00:40:33.539 - INFO 12720 [           main] s.w.s.m.m.a.RequestMappingHandlerMapping : Mapped "{[/api/area/page],methods=[GET]}" onto public org.springframework.data.domain.Page<com.luwei.services.area.cms.AreaPageVo> com.luwei.controllers.AreaController.page(java.lang.String,java.lang.Integer,org.springframework.data.domain.Pageable)
2018-12-10 00:40:33.540 - INFO 12720 [           main] s.w.s.m.m.a.RequestMappingHandlerMapping : Mapped "{[/api/area],methods=[GET]}" onto public java.util.List<com.luwei.services.area.cms.ProvinceVO> com.luwei.controllers.AreaController.allArea()
2018-12-10 00:40:33.542 - INFO 12720 [           main] s.w.s.m.m.a.RequestMappingHandlerMapping : Mapped "{[/api/banner],methods=[PUT]}" onto public com.luwei.services.banner.cms.BannerPageVO com.luwei.controllers.BannerController.update(com.luwei.services.banner.cms.BannerEditDTO)
2018-12-10 00:40:33.542 - INFO 12720 [           main] s.w.s.m.m.a.RequestMappingHandlerMapping : Mapped "{[/api/banner],methods=[DELETE]}" onto public void com.luwei.controllers.BannerController.delete(java.util.Set<java.lang.Integer>)
2018-12-10 00:40:33.542 - INFO 12720 [           main] s.w.s.m.m.a.RequestMappingHandlerMapping : Mapped "{[/api/banner/list],methods=[GET]}" onto public java.util.List<com.luwei.services.banner.cms.BannerPageVO> com.luwei.controllers.BannerController.list(com.luwei.services.banner.cms.BannerQueryDTO)
2018-12-10 00:40:33.543 - INFO 12720 [           main] s.w.s.m.m.a.RequestMappingHandlerMapping : Mapped "{[/api/banner],methods=[POST]}" onto public void com.luwei.controllers.BannerController.save(com.luwei.services.banner.cms.BannerAddDTO)
2018-12-10 00:40:33.543 - INFO 12720 [           main] s.w.s.m.m.a.RequestMappingHandlerMapping : Mapped "{[/api/banner/search],methods=[GET]}" onto public java.util.List<com.luwei.services.banner.cms.GoodsActivityVO> com.luwei.controllers.BannerController.search(java.lang.String,com.luwei.common.enums.type.CollectType)
2018-12-10 00:40:33.544 - INFO 12720 [           main] s.w.s.m.m.a.RequestMappingHandlerMapping : Mapped "{[/api/banner/one],methods=[GET]}" onto public com.luwei.services.banner.cms.BannerPageVO com.luwei.controllers.BannerController.one(java.lang.Integer)
2018-12-10 00:40:33.544 - INFO 12720 [           main] s.w.s.m.m.a.RequestMappingHandlerMapping : Mapped "{[/api/banner/page],methods=[GET]}" onto public org.springframework.data.domain.Page<com.luwei.services.banner.cms.BannerPageVO> com.luwei.controllers.BannerController.page(com.luwei.services.banner.cms.BannerQueryDTO,org.springframework.data.domain.Pageable)
2018-12-10 00:40:33.544 - INFO 12720 [           main] s.w.s.m.m.a.RequestMappingHandlerMapping : Mapped "{[/api/banner/show],methods=[PUT]}" onto public com.luwei.services.banner.cms.BannerPageVO com.luwei.controllers.BannerController.showHidden(java.lang.Integer)
2018-12-10 00:40:33.545 - INFO 12720 [           main] s.w.s.m.m.a.RequestMappingHandlerMapping : Mapped "{[/api/captcha],methods=[GET]}" onto public void com.luwei.controllers.CaptchaController.getCaptcha(java.lang.String,javax.servlet.http.HttpServletResponse)
2018-12-10 00:40:33.548 - INFO 12720 [           main] s.w.s.m.m.a.RequestMappingHandlerMapping : Mapped "{[/api/checkIn],methods=[POST]}" onto public com.luwei.common.Response com.luwei.controllers.CheckInController.offlineCheckIn(java.lang.Integer)
2018-12-10 00:40:33.549 - INFO 12720 [           main] s.w.s.m.m.a.RequestMappingHandlerMapping : Mapped "{[/api/checkIn],methods=[GET]}" onto public com.luwei.services.user.cms.UserInfoVo com.luwei.controllers.CheckInController.getUserInfoVoByPhone(java.lang.String)
2018-12-10 00:40:33.550 - INFO 12720 [           main] s.w.s.m.m.a.RequestMappingHandlerMapping : Mapped "{[/api/coupon],methods=[PUT]}" onto public com.luwei.services.coupon.cms.CouponPageVO com.luwei.controllers.CouponController.update(com.luwei.services.coupon.cms.CouponEditDTO)
2018-12-10 00:40:33.550 - INFO 12720 [           main] s.w.s.m.m.a.RequestMappingHandlerMapping : Mapped "{[/api/coupon],methods=[DELETE]}" onto public void com.luwei.controllers.CouponController.delete(java.util.Set<java.lang.Integer>)
2018-12-10 00:40:33.550 - INFO 12720 [           main] s.w.s.m.m.a.RequestMappingHandlerMapping : Mapped "{[/api/coupon],methods=[POST]}" onto public void com.luwei.controllers.CouponController.save(com.luwei.services.coupon.cms.CouponAddDTO)
2018-12-10 00:40:33.550 - INFO 12720 [           main] s.w.s.m.m.a.RequestMappingHandlerMapping : Mapped "{[/api/coupon/status],methods=[PUT]}" onto public com.luwei.services.coupon.cms.CouponPageVO com.luwei.controllers.CouponController.updateStatus(java.lang.Integer)
2018-12-10 00:40:33.551 - INFO 12720 [           main] s.w.s.m.m.a.RequestMappingHandlerMapping : Mapped "{[/api/coupon/one],methods=[GET]}" onto public com.luwei.services.coupon.cms.CouponPageVO com.luwei.controllers.CouponController.one(java.lang.Integer)
2018-12-10 00:40:33.551 - INFO 12720 [           main] s.w.s.m.m.a.RequestMappingHandlerMapping : Mapped "{[/api/coupon/page],methods=[GET]}" onto public org.springframework.data.domain.Page<com.luwei.services.coupon.cms.CouponPageVO> com.luwei.controllers.CouponController.page(java.lang.String,org.springframework.data.domain.Pageable)
2018-12-10 00:40:33.552 - INFO 12720 [           main] s.w.s.m.m.a.RequestMappingHandlerMapping : Mapped "{[/api/course],methods=[PUT]}" onto public void com.luwei.controllers.CourseController.update(com.luwei.services.course.cms.CourseDTO)
2018-12-10 00:40:33.552 - INFO 12720 [           main] s.w.s.m.m.a.RequestMappingHandlerMapping : Mapped "{[/api/course],methods=[DELETE]}" onto public void com.luwei.controllers.CourseController.delete(java.util.Set<java.lang.Integer>)
2018-12-10 00:40:33.552 - INFO 12720 [           main] s.w.s.m.m.a.RequestMappingHandlerMapping : Mapped "{[/api/course],methods=[POST]}" onto public void com.luwei.controllers.CourseController.save(com.luwei.services.course.cms.CourseDTO)
2018-12-10 00:40:33.552 - INFO 12720 [           main] s.w.s.m.m.a.RequestMappingHandlerMapping : Mapped "{[/api/course/page],methods=[GET]}" onto public org.springframework.data.domain.Page<com.luwei.services.course.cms.CoursePageVo> com.luwei.controllers.CourseController.page(java.lang.String,org.springframework.data.domain.Pageable)
2018-12-10 00:40:33.553 - INFO 12720 [           main] s.w.s.m.m.a.RequestMappingHandlerMapping : Mapped "{[/api/customer/check],methods=[GET]}" onto public com.luwei.common.Response com.luwei.controllers.CustomerController.check(java.lang.String)
2018-12-10 00:40:33.553 - INFO 12720 [           main] s.w.s.m.m.a.RequestMappingHandlerMapping : Mapped "{[/api/evaluate],methods=[GET]}" onto public java.util.List<com.luwei.services.evaluate.cms.EvaluateCmsVO> com.luwei.controllers.EvaluateController.list(java.lang.Integer,com.luwei.common.enums.type.EvaluateType)
2018-12-10 00:40:33.553 - INFO 12720 [           main] s.w.s.m.m.a.RequestMappingHandlerMapping : Mapped "{[/api/evaluate/display],methods=[PUT]}" onto public java.util.List<com.luwei.services.evaluate.cms.EvaluateCmsVO> com.luwei.controllers.EvaluateController.display(java.lang.Integer,com.luwei.common.enums.type.EvaluateType,java.lang.Integer)
2018-12-10 00:40:33.554 - INFO 12720 [           main] s.w.s.m.m.a.RequestMappingHandlerMapping : Mapped "{[/api/category],methods=[PUT]}" onto public void com.luwei.controllers.GoodsCategoryController.update(com.luwei.services.category.cms.CategoryEditDTO)
2018-12-10 00:40:33.554 - INFO 12720 [           main] s.w.s.m.m.a.RequestMappingHandlerMapping : Mapped "{[/api/category],methods=[DELETE]}" onto public void com.luwei.controllers.GoodsCategoryController.delete(java.util.Set<java.lang.Integer>)
2018-12-10 00:40:33.554 - INFO 12720 [           main] s.w.s.m.m.a.RequestMappingHandlerMapping : Mapped "{[/api/category],methods=[POST]}" onto public void com.luwei.controllers.GoodsCategoryController.save(com.luwei.services.category.cms.CategoryAddDTO)
2018-12-10 00:40:33.555 - INFO 12720 [           main] s.w.s.m.m.a.RequestMappingHandlerMapping : Mapped "{[/api/category/list],methods=[GET]}" onto public java.util.List<com.luwei.services.category.cms.CategorySelectVO> com.luwei.controllers.GoodsCategoryController.category()
2018-12-10 00:40:33.555 - INFO 12720 [           main] s.w.s.m.m.a.RequestMappingHandlerMapping : Mapped "{[/api/category/page],methods=[GET]}" onto public org.springframework.data.domain.Page<com.luwei.services.category.cms.CategoryPageVO> com.luwei.controllers.GoodsCategoryController.page(org.springframework.data.domain.Pageable)
2018-12-10 00:40:33.556 - INFO 12720 [           main] s.w.s.m.m.a.RequestMappingHandlerMapping : Mapped "{[/api/goods/upDown],methods=[PUT]}" onto public com.luwei.services.goods.cms.GoodsPageVO com.luwei.controllers.GoodsController.update(java.lang.Integer)
2018-12-10 00:40:33.556 - INFO 12720 [           main] s.w.s.m.m.a.RequestMappingHandlerMapping : Mapped "{[/api/goods],methods=[PUT]}" onto public com.luwei.services.goods.cms.GoodsPageVO com.luwei.controllers.GoodsController.update(com.luwei.services.goods.cms.GoodsEditDTO)
2018-12-10 00:40:33.556 - INFO 12720 [           main] s.w.s.m.m.a.RequestMappingHandlerMapping : Mapped "{[/api/goods],methods=[DELETE]}" onto public void com.luwei.controllers.GoodsController.delete(java.util.Set<java.lang.Integer>)
2018-12-10 00:40:33.556 - INFO 12720 [           main] s.w.s.m.m.a.RequestMappingHandlerMapping : Mapped "{[/api/goods],methods=[POST]}" onto public void com.luwei.controllers.GoodsController.save(com.luwei.services.goods.cms.GoodsAddDTO)
2018-12-10 00:40:33.557 - INFO 12720 [           main] s.w.s.m.m.a.RequestMappingHandlerMapping : Mapped "{[/api/goods/detail],methods=[GET]}" onto public java.util.Map com.luwei.controllers.GoodsController.detail(java.lang.Integer)
2018-12-10 00:40:33.557 - INFO 12720 [           main] s.w.s.m.m.a.RequestMappingHandlerMapping : Mapped "{[/api/goods/page],methods=[GET]}" onto public org.springframework.data.domain.Page<com.luwei.services.goods.cms.GoodsPageVO> com.luwei.controllers.GoodsController.page(com.luwei.services.goods.cms.GoodsQueryDTO,org.springframework.data.domain.Pageable)
2018-12-10 00:40:33.557 - INFO 12720 [           main] s.w.s.m.m.a.RequestMappingHandlerMapping : Mapped "{[/api/goods/recommend],methods=[PUT]}" onto public com.luwei.services.goods.cms.GoodsPageVO com.luwei.controllers.GoodsController.recommend(java.lang.Integer)
2018-12-10 00:40:33.557 - INFO 12720 [           main] s.w.s.m.m.a.RequestMappingHandlerMapping : Mapped "{[/api/integral/bill/page],methods=[GET]}" onto public org.springframework.data.domain.Page<com.luwei.services.integral.bill.cms.IntegralBillPageVO> com.luwei.controllers.IntegralBillController.page(java.lang.String,java.util.Date,java.util.Date,org.springframework.data.domain.Pageable)
2018-12-10 00:40:33.558 - INFO 12720 [           main] s.w.s.m.m.a.RequestMappingHandlerMapping : Mapped "{[/api/login],methods=[POST]}" onto public com.luwei.services.manager.cms.LoginSuccessVO com.luwei.controllers.LoginController.login(com.luwei.services.manager.cms.ManagerLoginVO)
2018-12-10 00:40:33.558 - INFO 12720 [           main] s.w.s.m.m.a.RequestMappingHandlerMapping : Mapped "{[/api/logout],methods=[POST]}" onto public void com.luwei.controllers.LoginController.logout(java.lang.Integer)
2018-12-10 00:40:33.569 - INFO 12720 [           main] s.w.s.m.m.a.RequestMappingHandlerMapping : Mapped "{[/api/manager],methods=[PUT]}" onto public com.luwei.services.manager.cms.ManagerPageVO com.luwei.controllers.ManagerController.update(com.luwei.services.manager.cms.ManagerEditDTO)
2018-12-10 00:40:33.570 - INFO 12720 [           main] s.w.s.m.m.a.RequestMappingHandlerMapping : Mapped "{[/api/manager],methods=[DELETE]}" onto public void com.luwei.controllers.ManagerController.delete(java.util.Set<java.lang.Integer>)
2018-12-10 00:40:33.571 - INFO 12720 [           main] s.w.s.m.m.a.RequestMappingHandlerMapping : Mapped "{[/api/manager/list],methods=[GET]}" onto public java.util.List<com.luwei.services.manager.cms.ManagerPageVO> com.luwei.controllers.ManagerController.list(com.luwei.services.manager.cms.ManagerQueryDTO,org.springframework.data.domain.Pageable)
2018-12-10 00:40:33.572 - INFO 12720 [           main] s.w.s.m.m.a.RequestMappingHandlerMapping : Mapped "{[/api/manager],methods=[POST]}" onto public void com.luwei.controllers.ManagerController.save(com.luwei.services.manager.cms.ManagerAddDTO,org.springframework.validation.BindingResult)
2018-12-10 00:40:33.573 - INFO 12720 [           main] s.w.s.m.m.a.RequestMappingHandlerMapping : Mapped "{[/api/manager/page],methods=[GET]}" onto public org.springframework.data.domain.Page<com.luwei.services.manager.cms.ManagerPageVO> com.luwei.controllers.ManagerController.page(com.luwei.services.manager.cms.ManagerQueryDTO,org.springframework.data.domain.Pageable)
2018-12-10 00:40:33.573 - INFO 12720 [           main] s.w.s.m.m.a.RequestMappingHandlerMapping : Mapped "{[/api/manager/state],methods=[PUT]}" onto public com.luwei.services.manager.cms.ManagerPageVO com.luwei.controllers.ManagerController.handleDisabled(java.lang.Integer)
2018-12-10 00:40:33.573 - INFO 12720 [           main] s.w.s.m.m.a.RequestMappingHandlerMapping : Mapped "{[/api/manager/reset],methods=[PUT]}" onto public com.luwei.services.manager.cms.ManagerPageVO com.luwei.controllers.ManagerController.resetPassword(com.luwei.services.manager.cms.ManagerEditDTO)
2018-12-10 00:40:33.576 - INFO 12720 [           main] s.w.s.m.m.a.RequestMappingHandlerMapping : Mapped "{[/api/order],methods=[PUT]}" onto public com.luwei.services.order.cms.OrderPageVO com.luwei.controllers.OrderController.update(com.luwei.services.order.cms.OrderEditDTO)
2018-12-10 00:40:33.576 - INFO 12720 [           main] s.w.s.m.m.a.RequestMappingHandlerMapping : Mapped "{[/api/order],methods=[DELETE]}" onto public void com.luwei.controllers.OrderController.delete(java.util.Set<java.lang.Integer>)
2018-12-10 00:40:33.576 - INFO 12720 [           main] s.w.s.m.m.a.RequestMappingHandlerMapping : Mapped "{[/api/order/list],methods=[GET]}" onto public java.util.List<com.luwei.services.order.cms.OrderPageVO> com.luwei.controllers.OrderController.list(com.luwei.services.order.cms.OrderQueryDTO)
2018-12-10 00:40:33.576 - INFO 12720 [           main] s.w.s.m.m.a.RequestMappingHandlerMapping : Mapped "{[/api/order/one],methods=[GET]}" onto public com.luwei.services.order.cms.OrderPageVO com.luwei.controllers.OrderController.one(java.lang.Integer)
2018-12-10 00:40:33.576 - INFO 12720 [           main] s.w.s.m.m.a.RequestMappingHandlerMapping : Mapped "{[/api/order/page],methods=[GET]}" onto public org.springframework.data.domain.Page<com.luwei.services.order.cms.OrderPageVO> com.luwei.controllers.OrderController.page(com.luwei.services.order.cms.OrderQueryDTO,org.springframework.data.domain.Pageable)
2018-12-10 00:40:33.577 - INFO 12720 [           main] s.w.s.m.m.a.RequestMappingHandlerMapping : Mapped "{[/api/order/export],methods=[GET]}" onto public void com.luwei.controllers.OrderController.export(org.springframework.data.domain.Pageable,com.luwei.services.order.cms.OrderQueryDTO,javax.servlet.http.HttpServletResponse)
2018-12-10 00:40:33.577 - INFO 12720 [           main] s.w.s.m.m.a.RequestMappingHandlerMapping : Mapped "{[/api/order/deliver],methods=[PUT]}" onto public com.luwei.services.order.cms.OrderPageVO com.luwei.controllers.OrderController.deliver(com.luwei.services.order.cms.DeliverDTO)
2018-12-10 00:40:33.577 - INFO 12720 [           main] s.w.s.m.m.a.RequestMappingHandlerMapping : Mapped "{[/api/order/express],methods=[GET]}" onto public com.luwei.services.kuaidi.KdVO com.luwei.controllers.OrderController.express(java.lang.Integer)
2018-12-10 00:40:33.578 - INFO 12720 [           main] s.w.s.m.m.a.RequestMappingHandlerMapping : Mapped "{[/api/refund],methods=[PUT]}" onto public com.luwei.services.refund.cms.RefundPageVO com.luwei.controllers.RefundController.update(com.luwei.services.refund.cms.RefundEditDTO)
2018-12-10 00:40:33.578 - INFO 12720 [           main] s.w.s.m.m.a.RequestMappingHandlerMapping : Mapped "{[/api/refund],methods=[DELETE]}" onto public void com.luwei.controllers.RefundController.delete(java.util.Set<java.lang.Integer>)
2018-12-10 00:40:33.579 - INFO 12720 [           main] s.w.s.m.m.a.RequestMappingHandlerMapping : Mapped "{[/api/refund/one],methods=[GET]}" onto public com.luwei.services.refund.cms.RefundPageVO com.luwei.controllers.RefundController.one(java.lang.Integer)
2018-12-10 00:40:33.579 - INFO 12720 [           main] s.w.s.m.m.a.RequestMappingHandlerMapping : Mapped "{[/api/refund/page],methods=[GET]}" onto public org.springframework.data.domain.Page<com.luwei.services.refund.cms.RefundPageVO> com.luwei.controllers.RefundController.page(com.luwei.services.refund.cms.RefundQueryDTO,org.springframework.data.domain.Pageable)
2018-12-10 00:40:33.582 - INFO 12720 [           main] s.w.s.m.m.a.RequestMappingHandlerMapping : Mapped "{[/api/shop],methods=[PUT]}" onto public void com.luwei.controllers.ShopController.update(com.luwei.services.shop.cms.ShopAddDTO)
2018-12-10 00:40:33.583 - INFO 12720 [           main] s.w.s.m.m.a.RequestMappingHandlerMapping : Mapped "{[/api/shop],methods=[DELETE]}" onto public void com.luwei.controllers.ShopController.delete(java.util.Set<java.lang.Integer>)
2018-12-10 00:40:33.583 - INFO 12720 [           main] s.w.s.m.m.a.RequestMappingHandlerMapping : Mapped "{[/api/shop],methods=[POST]}" onto public void com.luwei.controllers.ShopController.save(com.luwei.services.shop.cms.ShopAddDTO)
2018-12-10 00:40:33.584 - INFO 12720 [           main] s.w.s.m.m.a.RequestMappingHandlerMapping : Mapped "{[/api/shop/page],methods=[GET]}" onto public org.springframework.data.domain.Page<com.luwei.services.shop.cms.ShopPageVo> com.luwei.controllers.ShopController.page(java.lang.String,org.springframework.data.domain.Pageable)
2018-12-10 00:40:33.593 - INFO 12720 [           main] s.w.s.m.m.a.RequestMappingHandlerMapping : Mapped "{[/api/specification],methods=[PUT]}" onto public com.luwei.services.specification.cms.SpecificationPageVO com.luwei.controllers.SpecificationController.update(com.luwei.services.specification.cms.SpecificationEditDTO)
2018-12-10 00:40:33.594 - INFO 12720 [           main] s.w.s.m.m.a.RequestMappingHandlerMapping : Mapped "{[/api/specification],methods=[DELETE]}" onto public void com.luwei.controllers.SpecificationController.delete(java.util.Set<java.lang.Integer>)
2018-12-10 00:40:33.595 - INFO 12720 [           main] s.w.s.m.m.a.RequestMappingHandlerMapping : Mapped "{[/api/specification],methods=[POST]}" onto public void com.luwei.controllers.SpecificationController.save(com.luwei.services.specification.cms.SpecificationAddDTO)
2018-12-10 00:40:33.595 - INFO 12720 [           main] s.w.s.m.m.a.RequestMappingHandlerMapping : Mapped "{[/api/specification/page],methods=[GET]}" onto public org.springframework.data.domain.Page<com.luwei.services.specification.cms.SpecificationPageVO> com.luwei.controllers.SpecificationController.page(java.lang.Integer,org.springframework.data.domain.Pageable)
2018-12-10 00:40:33.604 - INFO 12720 [           main] s.w.s.m.m.a.RequestMappingHandlerMapping : Mapped "{[/api/store],methods=[PUT]}" onto public com.luwei.services.store.cms.StorePageVO com.luwei.controllers.StoreController.update(com.luwei.services.store.cms.StoreEditDTO)
2018-12-10 00:40:33.604 - INFO 12720 [           main] s.w.s.m.m.a.RequestMappingHandlerMapping : Mapped "{[/api/store],methods=[DELETE]}" onto public void com.luwei.controllers.StoreController.delete(java.util.Set<java.lang.Integer>)
2018-12-10 00:40:33.605 - INFO 12720 [           main] s.w.s.m.m.a.RequestMappingHandlerMapping : Mapped "{[/api/store],methods=[POST]}" onto public void com.luwei.controllers.StoreController.save(com.luwei.services.store.cms.StoreAddDTO)
2018-12-10 00:40:33.605 - INFO 12720 [           main] s.w.s.m.m.a.RequestMappingHandlerMapping : Mapped "{[/api/store/one],methods=[GET]}" onto public com.luwei.services.store.cms.StorePageVO com.luwei.controllers.StoreController.one(java.lang.Integer)
2018-12-10 00:40:33.605 - INFO 12720 [           main] s.w.s.m.m.a.RequestMappingHandlerMapping : Mapped "{[/api/store/page],methods=[GET]}" onto public org.springframework.data.domain.Page<com.luwei.services.store.cms.StorePageVO> com.luwei.controllers.StoreController.page(java.lang.String,org.springframework.data.domain.Pageable)
2018-12-10 00:40:33.611 - INFO 12720 [           main] s.w.s.m.m.a.RequestMappingHandlerMapping : Mapped "{[/api/template],methods=[PUT]}" onto public java.lang.Object com.luwei.controllers.TemplateController.update(java.lang.Object)
2018-12-10 00:40:33.612 - INFO 12720 [           main] s.w.s.m.m.a.RequestMappingHandlerMapping : Mapped "{[/api/template],methods=[DELETE]}" onto public void com.luwei.controllers.TemplateController.delete(java.util.Set<java.lang.Integer>)
2018-12-10 00:40:33.612 - INFO 12720 [           main] s.w.s.m.m.a.RequestMappingHandlerMapping : Mapped "{[/api/template/list],methods=[GET]}" onto public java.util.List<java.lang.Object> com.luwei.controllers.TemplateController.list(java.lang.Object)
2018-12-10 00:40:33.612 - INFO 12720 [           main] s.w.s.m.m.a.RequestMappingHandlerMapping : Mapped "{[/api/template],methods=[POST]}" onto public void com.luwei.controllers.TemplateController.save(java.lang.Object)
2018-12-10 00:40:33.612 - INFO 12720 [           main] s.w.s.m.m.a.RequestMappingHandlerMapping : Mapped "{[/api/template/one],methods=[GET]}" onto public java.lang.Object com.luwei.controllers.TemplateController.one(java.lang.Integer)
2018-12-10 00:40:33.612 - INFO 12720 [           main] s.w.s.m.m.a.RequestMappingHandlerMapping : Mapped "{[/api/template/page],methods=[GET]}" onto public org.springframework.data.domain.Page<java.lang.Object> com.luwei.controllers.TemplateController.page(java.lang.Object,org.springframework.data.domain.Pageable)
2018-12-10 00:40:33.613 - INFO 12720 [           main] s.w.s.m.m.a.RequestMappingHandlerMapping : Mapped "{[/api/template/export],methods=[GET]}" onto public void com.luwei.controllers.TemplateController.export(org.springframework.data.domain.Pageable,java.lang.Object,javax.servlet.http.HttpServletResponse)
2018-12-10 00:40:33.614 - INFO 12720 [           main] s.w.s.m.m.a.RequestMappingHandlerMapping : Mapped "{[/api/user],methods=[PUT]}" onto public com.luwei.services.user.cms.UserPageVO com.luwei.controllers.UserController.update(com.luwei.services.user.cms.UserEditDTO)
2018-12-10 00:40:33.614 - INFO 12720 [           main] s.w.s.m.m.a.RequestMappingHandlerMapping : Mapped "{[/api/user],methods=[DELETE]}" onto public void com.luwei.controllers.UserController.delete(java.util.Set<java.lang.Integer>)
2018-12-10 00:40:33.614 - INFO 12720 [           main] s.w.s.m.m.a.RequestMappingHandlerMapping : Mapped "{[/api/user/status],methods=[PUT]}" onto public com.luwei.services.user.cms.UserPageVO com.luwei.controllers.UserController.updateStatus(java.lang.Integer)
2018-12-10 00:40:33.615 - INFO 12720 [           main] s.w.s.m.m.a.RequestMappingHandlerMapping : Mapped "{[/api/user/one],methods=[GET]}" onto public com.luwei.services.user.cms.UserPageVO com.luwei.controllers.UserController.one(java.lang.Integer)
2018-12-10 00:40:33.615 - INFO 12720 [           main] s.w.s.m.m.a.RequestMappingHandlerMapping : Mapped "{[/api/user/page],methods=[GET]}" onto public org.springframework.data.domain.Page<com.luwei.services.user.cms.UserPageVO> com.luwei.controllers.UserController.page(java.lang.String,java.lang.String,org.springframework.data.domain.Pageable)
2018-12-10 00:40:33.616 - INFO 12720 [           main] s.w.s.m.m.a.RequestMappingHandlerMapping : Mapped "{[/api/file/upload/batch],methods=[POST]}" onto public com.luwei.module.qiniu.FileVO com.luwei.module.qiniu.QiNiuController.batch(org.springframework.web.multipart.MultipartFile[])
2018-12-10 00:40:33.616 - INFO 12720 [           main] s.w.s.m.m.a.RequestMappingHandlerMapping : Mapped "{[/api/file/upload/token],methods=[GET]}" onto public com.luwei.module.qiniu.QiNiuToken com.luwei.module.qiniu.QiNiuController.getToken(java.lang.String)
2018-12-10 00:40:33.616 - INFO 12720 [           main] s.w.s.m.m.a.RequestMappingHandlerMapping : Mapped "{[/api/file/upload/single],methods=[POST]}" onto public com.luwei.module.qiniu.FileVO com.luwei.module.qiniu.QiNiuController.single(org.springframework.web.multipart.MultipartFile)
2018-12-10 00:40:33.616 - INFO 12720 [           main] s.w.s.m.m.a.RequestMappingHandlerMapping : Mapped "{[/api/file/upload/stream],methods=[POST]}" onto public com.luwei.module.qiniu.FileVO com.luwei.module.qiniu.QiNiuController.uploadByStream(java.io.InputStream)
2018-12-10 00:40:33.630 - INFO 12720 [           main] s.w.s.m.m.a.RequestMappingHandlerMapping : Mapped "{[/swagger-resources]}" onto public org.springframework.http.ResponseEntity<java.util.List<springfox.documentation.swagger.web.SwaggerResource>> springfox.documentation.swagger.web.ApiResourceController.swaggerResources()
2018-12-10 00:40:33.634 - INFO 12720 [           main] s.w.s.m.m.a.RequestMappingHandlerMapping : Mapped "{[/swagger-resources/configuration/ui]}" onto public org.springframework.http.ResponseEntity<springfox.documentation.swagger.web.UiConfiguration> springfox.documentation.swagger.web.ApiResourceController.uiConfiguration()
2018-12-10 00:40:33.634 - INFO 12720 [           main] s.w.s.m.m.a.RequestMappingHandlerMapping : Mapped "{[/swagger-resources/configuration/security]}" onto public org.springframework.http.ResponseEntity<springfox.documentation.swagger.web.SecurityConfiguration> springfox.documentation.swagger.web.ApiResourceController.securityConfiguration()
2018-12-10 00:40:33.639 - INFO 12720 [           main] s.w.s.m.m.a.RequestMappingHandlerMapping : Mapped "{[/error]}" onto public org.springframework.http.ResponseEntity<java.util.Map<java.lang.String, java.lang.Object>> org.springframework.boot.autoconfigure.web.servlet.error.BasicErrorController.error(javax.servlet.http.HttpServletRequest)
2018-12-10 00:40:33.640 - INFO 12720 [           main] s.w.s.m.m.a.RequestMappingHandlerMapping : Mapped "{[/error],produces=[text/html]}" onto public org.springframework.web.servlet.ModelAndView org.springframework.boot.autoconfigure.web.servlet.error.BasicErrorController.errorHtml(javax.servlet.http.HttpServletRequest,javax.servlet.http.HttpServletResponse)
2018-12-10 00:40:33.875 - INFO 12720 [           main] o.s.s.concurrent.ThreadPoolTaskExecutor  : Initializing ExecutorService
2018-12-10 00:40:33.881 - INFO 12720 [           main] o.s.s.concurrent.ThreadPoolTaskExecutor  : Initializing ExecutorService 'taskExecutor'
2018-12-10 00:40:33.928 - INFO 12720 [           main] pertySourcedRequestMappingHandlerMapping : Mapped URL path [/v2/api-docs] onto method [public org.springframework.http.ResponseEntity<springfox.documentation.spring.web.json.Json> springfox.documentation.swagger2.web.Swagger2Controller.getDocumentation(java.lang.String,javax.servlet.http.HttpServletRequest)]
2018-12-10 00:40:34.304 - INFO 12720 [           main] o.s.w.s.handler.SimpleUrlHandlerMapping  : Mapped URL path [/**/favicon.ico] onto handler of type [class org.springframework.web.servlet.resource.ResourceHttpRequestHandler]
2018-12-10 00:40:34.473 - INFO 12720 [           main] s.w.s.m.m.a.RequestMappingHandlerAdapter : Looking for @ControllerAdvice: org.springframework.web.context.support.GenericWebApplicationContext@61544ae6: startup date [Mon Dec 10 00:40:20 CST 2018]; root of context hierarchy
2018-12-10 00:40:34.565 - INFO 12720 [           main] o.s.w.s.handler.SimpleUrlHandlerMapping  : Mapped URL path [/webjars/**] onto handler of type [class org.springframework.web.servlet.resource.ResourceHttpRequestHandler]
2018-12-10 00:40:34.565 - INFO 12720 [           main] o.s.w.s.handler.SimpleUrlHandlerMapping  : Mapped URL path [/**] onto handler of type [class org.springframework.web.servlet.resource.ResourceHttpRequestHandler]
2018-12-10 00:40:34.595 - INFO 12720 [           main] .m.m.a.ExceptionHandlerExceptionResolver : Detected @ExceptionHandler methods in globalExceptionHandler
2018-12-10 00:40:34.649 - INFO 12720 [           main] o.s.b.a.w.s.WelcomePageHandlerMapping    : Adding welcome page: class path resource [static/index.html]
2018-12-10 00:40:35.259 - INFO 12720 [           main] o.s.c.support.DefaultLifecycleProcessor  : Starting beans in phase 2147483647
2018-12-10 00:40:35.260 - INFO 12720 [           main] d.s.w.p.DocumentationPluginsBootstrapper : Context refreshed
2018-12-10 00:40:35.287 - INFO 12720 [           main] d.s.w.p.DocumentationPluginsBootstrapper : Found 1 custom documentation plugin(s)
2018-12-10 00:40:35.382 - INFO 12720 [           main] s.d.s.w.s.ApiListingReferenceScanner     : Scanning for api listing references
2018-12-10 00:40:35.726 - INFO 12720 [           main] .d.s.w.r.o.CachingOperationNameGenerator : Generating unique operation named: deleteUsingDELETE_1
2018-12-10 00:40:35.758 - INFO 12720 [           main] .d.s.w.r.o.CachingOperationNameGenerator : Generating unique operation named: oneUsingGET_1
2018-12-10 00:40:35.766 - INFO 12720 [           main] .d.s.w.r.o.CachingOperationNameGenerator : Generating unique operation named: pageUsingGET_1
2018-12-10 00:40:35.772 - INFO 12720 [           main] .d.s.w.r.o.CachingOperationNameGenerator : Generating unique operation named: saveUsingPOST_1
2018-12-10 00:40:35.780 - INFO 12720 [           main] .d.s.w.r.o.CachingOperationNameGenerator : Generating unique operation named: updateUsingPUT_1
2018-12-10 00:40:35.784 - INFO 12720 [           main] .d.s.w.r.o.CachingOperationNameGenerator : Generating unique operation named: deleteUsingDELETE_2
2018-12-10 00:40:35.787 - INFO 12720 [           main] .d.s.w.r.o.CachingOperationNameGenerator : Generating unique operation named: oneUsingGET_2
2018-12-10 00:40:35.792 - INFO 12720 [           main] .d.s.w.r.o.CachingOperationNameGenerator : Generating unique operation named: pageUsingGET_2
2018-12-10 00:40:35.795 - INFO 12720 [           main] .d.s.w.r.o.CachingOperationNameGenerator : Generating unique operation named: saveUsingPOST_2
2018-12-10 00:40:35.800 - INFO 12720 [           main] .d.s.w.r.o.CachingOperationNameGenerator : Generating unique operation named: updateUsingPUT_2
2018-12-10 00:40:35.820 - INFO 12720 [           main] .d.s.w.r.o.CachingOperationNameGenerator : Generating unique operation named: deleteUsingDELETE_3
2018-12-10 00:40:35.827 - INFO 12720 [           main] .d.s.w.r.o.CachingOperationNameGenerator : Generating unique operation named: pageUsingGET_3
2018-12-10 00:40:35.832 - INFO 12720 [           main] .d.s.w.r.o.CachingOperationNameGenerator : Generating unique operation named: saveUsingPOST_3
2018-12-10 00:40:35.834 - INFO 12720 [           main] .d.s.w.r.o.CachingOperationNameGenerator : Generating unique operation named: updateUsingPUT_3
2018-12-10 00:40:35.837 - INFO 12720 [           main] .d.s.w.r.o.CachingOperationNameGenerator : Generating unique operation named: deleteUsingDELETE_4
2018-12-10 00:40:35.856 - INFO 12720 [           main] .d.s.w.r.o.CachingOperationNameGenerator : Generating unique operation named: oneUsingGET_3
2018-12-10 00:40:35.870 - INFO 12720 [           main] .d.s.w.r.o.CachingOperationNameGenerator : Generating unique operation named: pageUsingGET_4
2018-12-10 00:40:35.876 - INFO 12720 [           main] .d.s.w.r.o.CachingOperationNameGenerator : Generating unique operation named: saveUsingPOST_4
2018-12-10 00:40:35.891 - INFO 12720 [           main] .d.s.w.r.o.CachingOperationNameGenerator : Generating unique operation named: updateUsingPUT_4
2018-12-10 00:40:35.910 - INFO 12720 [           main] .d.s.w.r.o.CachingOperationNameGenerator : Generating unique operation named: deleteUsingDELETE_5
2018-12-10 00:40:35.914 - INFO 12720 [           main] .d.s.w.r.o.CachingOperationNameGenerator : Generating unique operation named: oneUsingGET_4
2018-12-10 00:40:35.918 - INFO 12720 [           main] .d.s.w.r.o.CachingOperationNameGenerator : Generating unique operation named: pageUsingGET_5
2018-12-10 00:40:35.923 - INFO 12720 [           main] .d.s.w.r.o.CachingOperationNameGenerator : Generating unique operation named: saveUsingPOST_5
2018-12-10 00:40:35.930 - INFO 12720 [           main] .d.s.w.r.o.CachingOperationNameGenerator : Generating unique operation named: updateUsingPUT_5
2018-12-10 00:40:35.934 - INFO 12720 [           main] .d.s.w.r.o.CachingOperationNameGenerator : Generating unique operation named: deleteUsingDELETE_6
2018-12-10 00:40:35.953 - INFO 12720 [           main] .d.s.w.r.o.CachingOperationNameGenerator : Generating unique operation named: pageUsingGET_6
2018-12-10 00:40:35.959 - INFO 12720 [           main] .d.s.w.r.o.CachingOperationNameGenerator : Generating unique operation named: saveUsingPOST_6
2018-12-10 00:40:35.966 - INFO 12720 [           main] .d.s.w.r.o.CachingOperationNameGenerator : Generating unique operation named: updateUsingPUT_6
2018-12-10 00:40:35.985 - INFO 12720 [           main] .d.s.w.r.o.CachingOperationNameGenerator : Generating unique operation named: listUsingGET_1
2018-12-10 00:40:35.991 - INFO 12720 [           main] .d.s.w.r.o.CachingOperationNameGenerator : Generating unique operation named: deleteUsingDELETE_7
2018-12-10 00:40:36.004 - INFO 12720 [           main] .d.s.w.r.o.CachingOperationNameGenerator : Generating unique operation named: pageUsingGET_7
2018-12-10 00:40:36.012 - INFO 12720 [           main] .d.s.w.r.o.CachingOperationNameGenerator : Generating unique operation named: saveUsingPOST_7
2018-12-10 00:40:36.017 - INFO 12720 [           main] .d.s.w.r.o.CachingOperationNameGenerator : Generating unique operation named: updateUsingPUT_7
2018-12-10 00:40:36.022 - INFO 12720 [           main] .d.s.w.r.o.CachingOperationNameGenerator : Generating unique operation named: deleteUsingDELETE_8
2018-12-10 00:40:36.039 - INFO 12720 [           main] .d.s.w.r.o.CachingOperationNameGenerator : Generating unique operation named: pageUsingGET_8
2018-12-10 00:40:36.042 - INFO 12720 [           main] .d.s.w.r.o.CachingOperationNameGenerator : Generating unique operation named: saveUsingPOST_8
2018-12-10 00:40:36.043 - INFO 12720 [           main] .d.s.w.r.o.CachingOperationNameGenerator : Generating unique operation named: updateUsingPUT_8
2018-12-10 00:40:36.049 - INFO 12720 [           main] .d.s.w.r.o.CachingOperationNameGenerator : Generating unique operation named: updateUsingPUT_9
2018-12-10 00:40:36.056 - INFO 12720 [           main] .d.s.w.r.o.CachingOperationNameGenerator : Generating unique operation named: pageUsingGET_9
2018-12-10 00:40:36.067 - INFO 12720 [           main] .d.s.w.r.o.CachingOperationNameGenerator : Generating unique operation named: deleteUsingDELETE_9
2018-12-10 00:40:36.072 - INFO 12720 [           main] .d.s.w.r.o.CachingOperationNameGenerator : Generating unique operation named: listUsingGET_2
2018-12-10 00:40:36.075 - INFO 12720 [           main] .d.s.w.r.o.CachingOperationNameGenerator : Generating unique operation named: pageUsingGET_10
2018-12-10 00:40:36.084 - INFO 12720 [           main] .d.s.w.r.o.CachingOperationNameGenerator : Generating unique operation named: saveUsingPOST_9
2018-12-10 00:40:36.086 - INFO 12720 [           main] .d.s.w.r.o.CachingOperationNameGenerator : Generating unique operation named: updateUsingPUT_10
2018-12-10 00:40:36.089 - INFO 12720 [           main] .d.s.w.r.o.CachingOperationNameGenerator : Generating unique operation named: deleteUsingDELETE_10
2018-12-10 00:40:36.103 - INFO 12720 [           main] .d.s.w.r.o.CachingOperationNameGenerator : Generating unique operation named: listUsingGET_3
2018-12-10 00:40:36.105 - INFO 12720 [           main] .d.s.w.r.o.CachingOperationNameGenerator : Generating unique operation named: oneUsingGET_5
2018-12-10 00:40:36.108 - INFO 12720 [           main] .d.s.w.r.o.CachingOperationNameGenerator : Generating unique operation named: pageUsingGET_11
2018-12-10 00:40:36.113 - INFO 12720 [           main] .d.s.w.r.o.CachingOperationNameGenerator : Generating unique operation named: updateUsingPUT_11
2018-12-10 00:40:36.121 - INFO 12720 [           main] .d.s.w.r.o.CachingOperationNameGenerator : Generating unique operation named: deleteUsingDELETE_11
2018-12-10 00:40:36.124 - INFO 12720 [           main] .d.s.w.r.o.CachingOperationNameGenerator : Generating unique operation named: oneUsingGET_6
2018-12-10 00:40:36.128 - INFO 12720 [           main] .d.s.w.r.o.CachingOperationNameGenerator : Generating unique operation named: pageUsingGET_12
2018-12-10 00:40:36.133 - INFO 12720 [           main] .d.s.w.r.o.CachingOperationNameGenerator : Generating unique operation named: updateUsingPUT_12
2018-12-10 00:40:36.134 - INFO 12720 [           main] .d.s.w.r.o.CachingOperationNameGenerator : Generating unique operation named: deleteUsingDELETE_12
2018-12-10 00:40:36.139 - INFO 12720 [           main] .d.s.w.r.o.CachingOperationNameGenerator : Generating unique operation named: pageUsingGET_13
2018-12-10 00:40:36.142 - INFO 12720 [           main] .d.s.w.r.o.CachingOperationNameGenerator : Generating unique operation named: saveUsingPOST_10
2018-12-10 00:40:36.143 - INFO 12720 [           main] .d.s.w.r.o.CachingOperationNameGenerator : Generating unique operation named: updateUsingPUT_13
2018-12-10 00:40:36.144 - INFO 12720 [           main] .d.s.w.r.o.CachingOperationNameGenerator : Generating unique operation named: deleteUsingDELETE_13
2018-12-10 00:40:36.149 - INFO 12720 [           main] .d.s.w.r.o.CachingOperationNameGenerator : Generating unique operation named: pageUsingGET_14
2018-12-10 00:40:36.152 - INFO 12720 [           main] .d.s.w.r.o.CachingOperationNameGenerator : Generating unique operation named: saveUsingPOST_11
2018-12-10 00:40:36.155 - INFO 12720 [           main] .d.s.w.r.o.CachingOperationNameGenerator : Generating unique operation named: updateUsingPUT_14
2018-12-10 00:40:36.166 - INFO 12720 [           main] .d.s.w.r.o.CachingOperationNameGenerator : Generating unique operation named: deleteUsingDELETE_14
2018-12-10 00:40:36.170 - INFO 12720 [           main] .d.s.w.r.o.CachingOperationNameGenerator : Generating unique operation named: oneUsingGET_7
2018-12-10 00:40:36.173 - INFO 12720 [           main] .d.s.w.r.o.CachingOperationNameGenerator : Generating unique operation named: pageUsingGET_15
2018-12-10 00:40:36.179 - INFO 12720 [           main] .d.s.w.r.o.CachingOperationNameGenerator : Generating unique operation named: saveUsingPOST_12
2018-12-10 00:40:36.184 - INFO 12720 [           main] .d.s.w.r.o.CachingOperationNameGenerator : Generating unique operation named: updateUsingPUT_15
2018-12-10 00:40:36.186 - INFO 12720 [           main] .d.s.w.r.o.CachingOperationNameGenerator : Generating unique operation named: deleteUsingDELETE_15
2018-12-10 00:40:36.188 - INFO 12720 [           main] .d.s.w.r.o.CachingOperationNameGenerator : Generating unique operation named: exportUsingGET_1
2018-12-10 00:40:36.190 - WARN 12720 [           main] s.d.s.w.r.parameter.ParameterTypeReader  : @ModelAttribute annotated parameters should have already been expanded via the ExpandedParameterBuilderPlugin
2018-12-10 00:40:36.191 - INFO 12720 [           main] .d.s.w.r.o.CachingOperationNameGenerator : Generating unique operation named: listUsingGET_4
2018-12-10 00:40:36.192 - INFO 12720 [           main] .d.s.w.r.o.CachingOperationNameGenerator : Generating unique operation named: oneUsingGET_8
2018-12-10 00:40:36.195 - WARN 12720 [           main] s.d.s.w.r.parameter.ParameterTypeReader  : @ModelAttribute annotated parameters should have already been expanded via the ExpandedParameterBuilderPlugin
2018-12-10 00:40:36.197 - INFO 12720 [           main] .d.s.w.r.o.CachingOperationNameGenerator : Generating unique operation named: pageUsingGET_16
2018-12-10 00:40:36.198 - INFO 12720 [           main] .d.s.w.r.o.CachingOperationNameGenerator : Generating unique operation named: saveUsingPOST_13
2018-12-10 00:40:36.199 - INFO 12720 [           main] .d.s.w.r.o.CachingOperationNameGenerator : Generating unique operation named: updateUsingPUT_16
2018-12-10 00:40:36.205 - INFO 12720 [           main] .d.s.w.r.o.CachingOperationNameGenerator : Generating unique operation named: deleteUsingDELETE_16
2018-12-10 00:40:36.210 - INFO 12720 [           main] .d.s.w.r.o.CachingOperationNameGenerator : Generating unique operation named: oneUsingGET_9
2018-12-10 00:40:36.214 - INFO 12720 [           main] .d.s.w.r.o.CachingOperationNameGenerator : Generating unique operation named: pageUsingGET_17
2018-12-10 00:40:36.218 - INFO 12720 [           main] .d.s.w.r.o.CachingOperationNameGenerator : Generating unique operation named: updateUsingPUT_17
2018-12-10 00:40:36.219 - INFO 12720 [           main] .d.s.w.r.o.CachingOperationNameGenerator : Generating unique operation named: updateStatusUsingPUT_1
2018-12-10 00:40:36.235 - INFO 12720 [           main] o.s.s.quartz.SchedulerFactoryBean        : Will start Quartz Scheduler [schedulerFactoryBean] in 20 seconds
2018-12-10 00:40:36.271 - INFO 12720 [           main] com.luwei.test.AllTest                   : Started AllTest in 16.861 seconds (JVM running for 17.854)
2018-12-10 00:40:36.518 - INFO 12720 [       Thread-3] o.s.w.c.s.GenericWebApplicationContext   : Closing org.springframework.web.context.support.GenericWebApplicationContext@61544ae6: startup date [Mon Dec 10 00:40:20 CST 2018]; root of context hierarchy
2018-12-10 00:40:36.526 - INFO 12720 [       Thread-3] o.s.c.support.DefaultLifecycleProcessor  : Stopping beans in phase 2147483647
2018-12-10 00:40:36.536 - INFO 12720 [       Thread-3] o.s.s.concurrent.ThreadPoolTaskExecutor  : Shutting down ExecutorService 'taskExecutor'
2018-12-10 00:40:36.540 - INFO 12720 [       Thread-3] o.s.s.quartz.SchedulerFactoryBean        : Shutting down Quartz Scheduler
2018-12-10 00:40:36.540 - INFO 12720 [       Thread-3] org.quartz.core.QuartzScheduler          : Scheduler schedulerFactoryBean_$_NON_CLUSTERED shutting down.
2018-12-10 00:40:36.540 - INFO 12720 [       Thread-3] org.quartz.core.QuartzScheduler          : Scheduler schedulerFactoryBean_$_NON_CLUSTERED paused.
2018-12-10 00:40:36.540 - INFO 12720 [       Thread-3] org.quartz.core.QuartzScheduler          : Scheduler schedulerFactoryBean_$_NON_CLUSTERED shutdown complete.
2018-12-10 00:40:36.560 - INFO 12720 [       Thread-3] j.LocalContainerEntityManagerFactoryBean : Closing JPA EntityManagerFactory for persistence unit 'default'
2018-12-10 00:40:36.562 - INFO 12720 [       Thread-3] com.zaxxer.hikari.HikariDataSource       : HikariPool-1 - Shutdown initiated...
2018-12-10 00:40:36.590 - INFO 12720 [       Thread-3] com.zaxxer.hikari.HikariDataSource       : HikariPool-1 - Shutdown completed.
