2018-11-24 13:24:04.683 - INFO 43112 [           main] com.luwei.WebApplication                 : Starting WebApplication on LW-mcd with PID 43112 (E:\ideaworkspase\topshow\web\target\classes started by LW-mochengdong in E:\ideaworkspase\topshow)
2018-11-24 13:24:04.696 - INFO 43112 [           main] com.luwei.WebApplication                 : The following profiles are active: dev
2018-11-24 13:24:04.828 - INFO 43112 [           main] ConfigServletWebServerApplicationContext : Refreshing org.springframework.boot.web.servlet.context.AnnotationConfigServletWebServerApplicationContext@4c398c80: startup date [Sat Nov 24 13:24:04 CST 2018]; root of context hierarchy
2018-11-24 13:24:06.445 - INFO 43112 [           main] .s.d.r.c.RepositoryConfigurationDelegate : Multiple Spring Data modules found, entering strict repository configuration mode!
2018-11-24 13:24:06.790 - INFO 43112 [           main] .s.d.r.c.RepositoryConfigurationDelegate : Multiple Spring Data modules found, entering strict repository configuration mode!
2018-11-24 13:24:06.839 - INFO 43112 [           main] .RepositoryConfigurationExtensionSupport : Spring Data Redis - Could not safely identify store assignment for repository candidate interface com.luwei.models.activity.ActivityDao.
2018-11-24 13:24:06.842 - INFO 43112 [           main] .RepositoryConfigurationExtensionSupport : Spring Data Redis - Could not safely identify store assignment for repository candidate interface com.luwei.models.activity.category.ActivityCategoryDao.
2018-11-24 13:24:06.843 - INFO 43112 [           main] .RepositoryConfigurationExtensionSupport : Spring Data Redis - Could not safely identify store assignment for repository candidate interface com.luwei.models.activity.order.ActivityOrderDao.
2018-11-24 13:24:06.844 - INFO 43112 [           main] .RepositoryConfigurationExtensionSupport : Spring Data Redis - Could not safely identify store assignment for repository candidate interface com.luwei.models.activity.series.ActivitySeriesDao.
2018-11-24 13:24:06.844 - INFO 43112 [           main] .RepositoryConfigurationExtensionSupport : Spring Data Redis - Could not safely identify store assignment for repository candidate interface com.luwei.models.address.AddressDao.
2018-11-24 13:24:06.844 - INFO 43112 [           main] .RepositoryConfigurationExtensionSupport : Spring Data Redis - Could not safely identify store assignment for repository candidate interface com.luwei.models.area.AreaDao.
2018-11-24 13:24:06.845 - INFO 43112 [           main] .RepositoryConfigurationExtensionSupport : Spring Data Redis - Could not safely identify store assignment for repository candidate interface com.luwei.models.banner.BannerDao.
2018-11-24 13:24:06.845 - INFO 43112 [           main] .RepositoryConfigurationExtensionSupport : Spring Data Redis - Could not safely identify store assignment for repository candidate interface com.luwei.models.bill.BillDao.
2018-11-24 13:24:06.845 - INFO 43112 [           main] .RepositoryConfigurationExtensionSupport : Spring Data Redis - Could not safely identify store assignment for repository candidate interface com.luwei.models.collect.CollectDao.
2018-11-24 13:24:06.845 - INFO 43112 [           main] .RepositoryConfigurationExtensionSupport : Spring Data Redis - Could not safely identify store assignment for repository candidate interface com.luwei.models.coupon.CouponDao.
2018-11-24 13:24:06.846 - INFO 43112 [           main] .RepositoryConfigurationExtensionSupport : Spring Data Redis - Could not safely identify store assignment for repository candidate interface com.luwei.models.evaluate.EvaluateDao.
2018-11-24 13:24:06.846 - INFO 43112 [           main] .RepositoryConfigurationExtensionSupport : Spring Data Redis - Could not safely identify store assignment for repository candidate interface com.luwei.models.goods.category.GoodsCategoryDao.
2018-11-24 13:24:06.846 - INFO 43112 [           main] .RepositoryConfigurationExtensionSupport : Spring Data Redis - Could not safely identify store assignment for repository candidate interface com.luwei.models.goods.GoodsDao.
2018-11-24 13:24:06.847 - INFO 43112 [           main] .RepositoryConfigurationExtensionSupport : Spring Data Redis - Could not safely identify store assignment for repository candidate interface com.luwei.models.integralbill.IntegralBillDao.
2018-11-24 13:24:06.848 - INFO 43112 [           main] .RepositoryConfigurationExtensionSupport : Spring Data Redis - Could not safely identify store assignment for repository candidate interface com.luwei.models.manager.ManagerDao.
2018-11-24 13:24:06.849 - INFO 43112 [           main] .RepositoryConfigurationExtensionSupport : Spring Data Redis - Could not safely identify store assignment for repository candidate interface com.luwei.models.order.detail.OrderDetailDao.
2018-11-24 13:24:06.850 - INFO 43112 [           main] .RepositoryConfigurationExtensionSupport : Spring Data Redis - Could not safely identify store assignment for repository candidate interface com.luwei.models.order.OrderDao.
2018-11-24 13:24:06.851 - INFO 43112 [           main] .RepositoryConfigurationExtensionSupport : Spring Data Redis - Could not safely identify store assignment for repository candidate interface com.luwei.models.photo.PhotoDao.
2018-11-24 13:24:06.851 - INFO 43112 [           main] .RepositoryConfigurationExtensionSupport : Spring Data Redis - Could not safely identify store assignment for repository candidate interface com.luwei.models.property.PropertyDao.
2018-11-24 13:24:06.851 - INFO 43112 [           main] .RepositoryConfigurationExtensionSupport : Spring Data Redis - Could not safely identify store assignment for repository candidate interface com.luwei.models.refund.RefundDao.
2018-11-24 13:24:06.852 - INFO 43112 [           main] .RepositoryConfigurationExtensionSupport : Spring Data Redis - Could not safely identify store assignment for repository candidate interface com.luwei.models.shopping.ShoppingDao.
2018-11-24 13:24:06.852 - INFO 43112 [           main] .RepositoryConfigurationExtensionSupport : Spring Data Redis - Could not safely identify store assignment for repository candidate interface com.luwei.models.specification.SpecificationDao.
2018-11-24 13:24:06.852 - INFO 43112 [           main] .RepositoryConfigurationExtensionSupport : Spring Data Redis - Could not safely identify store assignment for repository candidate interface com.luwei.models.store.StoreDao.
2018-11-24 13:24:06.853 - INFO 43112 [           main] .RepositoryConfigurationExtensionSupport : Spring Data Redis - Could not safely identify store assignment for repository candidate interface com.luwei.models.task.TaskRepository.
2018-11-24 13:24:06.853 - INFO 43112 [           main] .RepositoryConfigurationExtensionSupport : Spring Data Redis - Could not safely identify store assignment for repository candidate interface com.luwei.models.user.coupon.UserCouponDao.
2018-11-24 13:24:06.853 - INFO 43112 [           main] .RepositoryConfigurationExtensionSupport : Spring Data Redis - Could not safely identify store assignment for repository candidate interface com.luwei.models.user.receiving.ReceivingAddressDao.
2018-11-24 13:24:06.854 - INFO 43112 [           main] .RepositoryConfigurationExtensionSupport : Spring Data Redis - Could not safely identify store assignment for repository candidate interface com.luwei.models.user.UserDao.
2018-11-24 13:24:07.368 - INFO 43112 [           main] trationDelegate$BeanPostProcessorChecker : Bean 'shiroConfig' of type [com.luwei.module.shiro.base.ShiroConfig$$EnhancerBySpringCGLIB$$1835b686] is not eligible for getting processed by all BeanPostProcessors (for example: not eligible for auto-proxying)
2018-11-24 13:24:07.572 - INFO 43112 [           main] trationDelegate$BeanPostProcessorChecker : Bean 'org.springframework.boot.context.properties.ConversionServiceDeducer$Factory' of type [org.springframework.boot.context.properties.ConversionServiceDeducer$Factory] is not eligible for getting processed by all BeanPostProcessors (for example: not eligible for auto-proxying)
2018-11-24 13:24:07.604 - INFO 43112 [           main] trationDelegate$BeanPostProcessorChecker : Bean 'shiroModuleProperties' of type [com.luwei.module.shiro.base.ShiroModuleProperties$$EnhancerBySpringCGLIB$$93a85e23] is not eligible for getting processed by all BeanPostProcessors (for example: not eligible for auto-proxying)
2018-11-24 13:24:07.617 - INFO 43112 [           main] trationDelegate$BeanPostProcessorChecker : Bean 'org.springframework.boot.autoconfigure.data.redis.RedisAutoConfiguration' of type [org.springframework.boot.autoconfigure.data.redis.RedisAutoConfiguration$$EnhancerBySpringCGLIB$$1097bd91] is not eligible for getting processed by all BeanPostProcessors (for example: not eligible for auto-proxying)
2018-11-24 13:24:07.642 - INFO 43112 [           main] trationDelegate$BeanPostProcessorChecker : Bean 'spring.redis-org.springframework.boot.autoconfigure.data.redis.RedisProperties' of type [org.springframework.boot.autoconfigure.data.redis.RedisProperties] is not eligible for getting processed by all BeanPostProcessors (for example: not eligible for auto-proxying)
2018-11-24 13:24:07.659 - INFO 43112 [           main] trationDelegate$BeanPostProcessorChecker : Bean 'org.springframework.boot.autoconfigure.data.redis.LettuceConnectionConfiguration' of type [org.springframework.boot.autoconfigure.data.redis.LettuceConnectionConfiguration$$EnhancerBySpringCGLIB$$301a509f] is not eligible for getting processed by all BeanPostProcessors (for example: not eligible for auto-proxying)
2018-11-24 13:24:07.831 - INFO 43112 [           main] trationDelegate$BeanPostProcessorChecker : Bean 'lettuceClientResources' of type [io.lettuce.core.resource.DefaultClientResources] is not eligible for getting processed by all BeanPostProcessors (for example: not eligible for auto-proxying)
2018-11-24 13:24:07.966 - INFO 43112 [           main] trationDelegate$BeanPostProcessorChecker : Bean 'redisConnectionFactory' of type [org.springframework.data.redis.connection.lettuce.LettuceConnectionFactory] is not eligible for getting processed by all BeanPostProcessors (for example: not eligible for auto-proxying)
2018-11-24 13:24:08.014 - INFO 43112 [           main] trationDelegate$BeanPostProcessorChecker : Bean 'stringRedisTemplate' of type [org.springframework.data.redis.core.StringRedisTemplate] is not eligible for getting processed by all BeanPostProcessors (for example: not eligible for auto-proxying)
2018-11-24 13:24:08.015 - INFO 43112 [           main] trationDelegate$BeanPostProcessorChecker : Bean 'tokenRealm' of type [com.luwei.module.shiro.base.TokenRealm] is not eligible for getting processed by all BeanPostProcessors (for example: not eligible for auto-proxying)
2018-11-24 13:24:08.377 - INFO 43112 [           main] trationDelegate$BeanPostProcessorChecker : Bean 'defaultSessionManager' of type [org.apache.shiro.session.mgt.DefaultSessionManager] is not eligible for getting processed by all BeanPostProcessors (for example: not eligible for auto-proxying)
2018-11-24 13:24:08.378 - WARN 43112 [           main] o.a.s.web.mgt.DefaultWebSecurityManager  : The org.apache.shiro.web.mgt.DefaultWebSecurityManager implementation expects SessionManager instances that implement the org.apache.shiro.web.session.mgt.WebSessionManager interface.  The configured instance is of type [org.apache.shiro.session.mgt.DefaultSessionManager] which does not implement this interface..  This may cause unexpected behavior.
2018-11-24 13:24:08.393 - INFO 43112 [           main] trationDelegate$BeanPostProcessorChecker : Bean 'securityManager' of type [org.apache.shiro.web.mgt.DefaultWebSecurityManager] is not eligible for getting processed by all BeanPostProcessors (for example: not eligible for auto-proxying)
2018-11-24 13:24:08.395 - INFO 43112 [           main] com.luwei.module.shiro.base.ShiroConfig  : Mapped "{[/api/banner]}"
2018-11-24 13:24:08.395 - INFO 43112 [           main] com.luwei.module.shiro.base.ShiroConfig  : Mapped "{[/api/module/qiniu/**]}"
2018-11-24 13:24:08.395 - INFO 43112 [           main] com.luwei.module.shiro.base.ShiroConfig  : Mapped "{[/api/sms/send]}"
2018-11-24 13:24:08.395 - INFO 43112 [           main] com.luwei.module.shiro.base.ShiroConfig  : Mapped "{[/api/wx/login]}"
2018-11-24 13:24:08.396 - INFO 43112 [           main] com.luwei.module.shiro.base.ShiroConfig  : Mapped "{[/api/wx/token]}"
2018-11-24 13:24:08.396 - INFO 43112 [           main] com.luwei.module.shiro.base.ShiroConfig  : Mapped "{[/api/wx/openid]}"
2018-11-24 13:24:08.396 - INFO 43112 [           main] com.luwei.module.shiro.base.ShiroConfig  : Mapped "{[/api/pay/*]}"
2018-11-24 13:24:08.396 - INFO 43112 [           main] com.luwei.module.shiro.base.ShiroConfig  : Mapped "{[/api/wx]}"
2018-11-24 13:24:08.396 - INFO 43112 [           main] com.luwei.module.shiro.base.ShiroConfig  : Mapped "{[/api/**]}"
2018-11-24 13:24:08.535 - INFO 43112 [           main] trationDelegate$BeanPostProcessorChecker : Bean 'advisor' of type [org.apache.shiro.spring.security.interceptor.AuthorizationAttributeSourceAdvisor] is not eligible for getting processed by all BeanPostProcessors (for example: not eligible for auto-proxying)
2018-11-24 13:24:08.592 - INFO 43112 [           main] trationDelegate$BeanPostProcessorChecker : Bean 'org.springframework.transaction.annotation.ProxyTransactionManagementConfiguration' of type [org.springframework.transaction.annotation.ProxyTransactionManagementConfiguration$$EnhancerBySpringCGLIB$$1b009255] is not eligible for getting processed by all BeanPostProcessors (for example: not eligible for auto-proxying)
2018-11-24 13:24:09.249 - INFO 43112 [           main] o.s.b.w.embedded.tomcat.TomcatWebServer  : Tomcat initialized with port(s): 9095 (http)
2018-11-24 13:24:09.272 - INFO 43112 [           main] o.a.coyote.http11.Http11NioProtocol      : Initializing ProtocolHandler ["http-nio-9095"]
2018-11-24 13:24:09.291 - INFO 43112 [           main] o.apache.catalina.core.StandardService   : Starting service [Tomcat]
2018-11-24 13:24:09.291 - INFO 43112 [           main] org.apache.catalina.core.StandardEngine  : Starting Servlet Engine: Apache Tomcat/8.5.31
2018-11-24 13:24:09.301 - INFO 43112 [ost-startStop-1] o.a.catalina.core.AprLifecycleListener   : The APR based Apache Tomcat Native library which allows optimal performance in production environments was not found on the java.library.path: [E:\jdk1.8_64\bin;C:\WINDOWS\Sun\Java\bin;C:\WINDOWS\system32;C:\WINDOWS;E:\jdk1.8_64\bin;C:\WINDOWS\system32;C:\WINDOWS;C:\WINDOWS\System32\Wbem;C:\WINDOWS\System32\WindowsPowerShell\v1.0\;E:\git\Git\cmd;C:\Program Files (x86)\GtkSharp\2.12\bin;E:\MongoDB\bin;E:\vscode\bin;E:\node\nodejs\node_global\node_modules;E:\node\nodejs\node_global\;C:\Program Files (x86)\MySQL\MySQL Server 5.5\bin;E:\node\nodejs\;E:\putty\;E:\python\Scripts\;E:\python\;C:\Users\lw\AppData\Local\Microsoft\WindowsApps;E:\fiddler;C:\Users\lw\AppData\Local\Microsoft\WindowsApps;C:\Program Files\Microsoft VS Code\bin;C:\Users\lw\AppData\Roaming\Dashlane\6.0.3.11395\bin\Firefox_Extension\{442718d9-475e-452a-b3e1-fb1ee16b8e9f}\components;C:\Users\lw\AppData\Roaming\Dashlane\6.0.3.11395\ucrt;C:\Users\lw\AppData\Roaming\Dashlane\6.0.3.11395\bin\Qt;C:\Users\lw\AppData\Roaming\Dashlane\6.0.3.11395\ucrt;C:\Users\lw\AppData\Roaming\Dashlane\6.0.3.11395\bin\Ssl;C:\Users\lw\AppData\Roaming\npm;.]
2018-11-24 13:24:09.486 - INFO 43112 [ost-startStop-1] o.a.c.c.C.[Tomcat].[localhost].[/]       : Initializing Spring embedded WebApplicationContext
2018-11-24 13:24:09.486 - INFO 43112 [ost-startStop-1] o.s.web.context.ContextLoader            : Root WebApplicationContext: initialization completed in 4658 ms
2018-11-24 13:24:09.836 - INFO 43112 [ost-startStop-1] o.s.b.w.servlet.ServletRegistrationBean  : Servlet dispatcherServlet mapped to [/]
2018-11-24 13:24:09.845 - INFO 43112 [ost-startStop-1] o.s.b.w.servlet.FilterRegistrationBean   : Mapping filter: 'characterEncodingFilter' to: [/*]
2018-11-24 13:24:09.845 - INFO 43112 [ost-startStop-1] o.s.b.w.servlet.FilterRegistrationBean   : Mapping filter: 'hiddenHttpMethodFilter' to: [/*]
2018-11-24 13:24:09.846 - INFO 43112 [ost-startStop-1] o.s.b.w.servlet.FilterRegistrationBean   : Mapping filter: 'httpPutFormContentFilter' to: [/*]
2018-11-24 13:24:09.846 - INFO 43112 [ost-startStop-1] o.s.b.w.servlet.FilterRegistrationBean   : Mapping filter: 'requestContextFilter' to: [/*]
2018-11-24 13:24:09.846 - INFO 43112 [ost-startStop-1] o.s.b.w.servlet.FilterRegistrationBean   : Mapping filter: 'shiroFilter' to: [/*]
2018-11-24 13:24:10.168 - INFO 43112 [           main] com.zaxxer.hikari.HikariDataSource       : HikariPool-1 - Starting...
2018-11-24 13:24:10.584 - INFO 43112 [           main] com.zaxxer.hikari.HikariDataSource       : HikariPool-1 - Start completed.
2018-11-24 13:24:10.727 - INFO 43112 [           main] j.LocalContainerEntityManagerFactoryBean : Building JPA container EntityManagerFactory for persistence unit 'default'
2018-11-24 13:24:10.755 - INFO 43112 [           main] o.hibernate.jpa.internal.util.LogHelper  : HHH000204: Processing PersistenceUnitInfo [
	name: default
	...]
2018-11-24 13:24:11.006 - INFO 43112 [           main] org.hibernate.Version                    : HHH000412: Hibernate Core {5.2.17.Final}
2018-11-24 13:24:11.012 - INFO 43112 [           main] org.hibernate.cfg.Environment            : HHH000206: hibernate.properties not found
2018-11-24 13:24:11.147 - INFO 43112 [           main] o.hibernate.annotations.common.Version   : HCANN000001: Hibernate Commons Annotations {5.0.1.Final}
2018-11-24 13:24:11.430 - INFO 43112 [           main] org.hibernate.dialect.Dialect            : HHH000400: Using dialect: org.hibernate.dialect.MySQL5Dialect
2018-11-24 13:24:12.956 - INFO 43112 [           main] j.LocalContainerEntityManagerFactoryBean : Initialized JPA EntityManagerFactory for persistence unit 'default'
2018-11-24 13:24:13.560 - INFO 43112 [           main] o.h.h.i.QueryTranslatorFactoryInitiator  : HHH000397: Using ASTQueryTranslatorFactory
2018-11-24 13:24:16.527 - INFO 43112 [           main] org.quartz.impl.StdSchedulerFactory      : Using default implementation for ThreadExecutor
2018-11-24 13:24:16.545 - INFO 43112 [           main] org.quartz.core.SchedulerSignalerImpl    : Initialized Scheduler Signaller of type: class org.quartz.core.SchedulerSignalerImpl
2018-11-24 13:24:16.545 - INFO 43112 [           main] org.quartz.core.QuartzScheduler          : Quartz Scheduler v.2.3.0 created.
2018-11-24 13:24:16.546 - INFO 43112 [           main] org.quartz.simpl.RAMJobStore             : RAMJobStore initialized.
2018-11-24 13:24:16.547 - INFO 43112 [           main] org.quartz.core.QuartzScheduler          : Scheduler meta-data: Quartz Scheduler (v2.3.0) 'schedulerFactoryBean' with instanceId 'NON_CLUSTERED'
  Scheduler class: 'org.quartz.core.QuartzScheduler' - running locally.
  NOT STARTED.
  Currently in standby mode.
  Number of jobs executed: 0
  Using thread pool 'org.quartz.simpl.SimpleThreadPool' - with 10 threads.
  Using job-store 'org.quartz.simpl.RAMJobStore' - which does not support persistence. and is not clustered.

2018-11-24 13:24:16.547 - INFO 43112 [           main] org.quartz.impl.StdSchedulerFactory      : Quartz scheduler 'schedulerFactoryBean' initialized from an externally provided properties instance.
2018-11-24 13:24:16.547 - INFO 43112 [           main] org.quartz.impl.StdSchedulerFactory      : Quartz scheduler version: 2.3.0
2018-11-24 13:24:16.548 - INFO 43112 [           main] org.quartz.core.QuartzScheduler          : JobFactory set to: com.luwei.task.JobFactory@19b8f1bd
2018-11-24 13:24:17.410 - WARN 43112 [           main] aWebConfiguration$JpaWebMvcConfiguration : spring.jpa.open-in-view is enabled by default. Therefore, database queries may be performed during view rendering. Explicitly configure spring.jpa.open-in-view to disable this warning
2018-11-24 13:24:17.670 - INFO 43112 [           main] s.w.s.m.m.a.RequestMappingHandlerMapping : Mapped "{[/api/category/list],methods=[GET]}" onto public java.util.List<com.luwei.services.activity.category.web.ActivityCategoryListVO> com.luwei.controller.ActivityCategoryController.list()
2018-11-24 13:24:17.679 - INFO 43112 [           main] s.w.s.m.m.a.RequestMappingHandlerMapping : Mapped "{[/api/activity/list],methods=[GET]}" onto public org.springframework.data.domain.Page<com.luwei.services.activity.web.ActivityWebListVO> com.luwei.controller.ActivityController.list(java.lang.Integer,java.lang.Integer,org.springframework.data.domain.Pageable)
2018-11-24 13:24:17.683 - INFO 43112 [           main] s.w.s.m.m.a.RequestMappingHandlerMapping : Mapped "{[/api/activity/search],methods=[GET]}" onto public org.springframework.data.domain.Page<com.luwei.services.activity.web.ActivityWebListVO> com.luwei.controller.ActivityController.search(java.lang.Integer,java.lang.String,org.springframework.data.domain.Pageable)
2018-11-24 13:24:17.683 - INFO 43112 [           main] s.w.s.m.m.a.RequestMappingHandlerMapping : Mapped "{[/api/activity/commit],methods=[POST]}" onto public com.luwei.common.Response com.luwei.controller.ActivityController.commit(com.luwei.services.activity.order.web.ActivityAddDTO,javax.servlet.http.HttpServletRequest) throws java.lang.Exception
2018-11-24 13:24:17.684 - INFO 43112 [           main] s.w.s.m.m.a.RequestMappingHandlerMapping : Mapped "{[/api/activity/handpick],methods=[GET]}" onto public com.luwei.services.activity.web.HandpickVO com.luwei.controller.ActivityController.handpick(java.lang.Integer)
2018-11-24 13:24:17.684 - INFO 43112 [           main] s.w.s.m.m.a.RequestMappingHandlerMapping : Mapped "{[/api/activity/series],methods=[GET]}" onto public java.util.List<com.luwei.services.activity.series.web.ActivitySeriesListVO> com.luwei.controller.ActivityController.seriesActivity(java.lang.Integer,java.lang.Integer)
2018-11-24 13:24:17.685 - INFO 43112 [           main] s.w.s.m.m.a.RequestMappingHandlerMapping : Mapped "{[/api/activity/city],methods=[GET]}" onto public java.util.List<com.luwei.services.area.web.CityListVO> com.luwei.controller.ActivityController.activityCityList()
2018-11-24 13:24:17.686 - INFO 43112 [           main] s.w.s.m.m.a.RequestMappingHandlerMapping : Mapped "{[/api/activity/apply],methods=[POST]}" onto public com.luwei.services.activity.web.ActivityApplyVO com.luwei.controller.ActivityController.applyActivity(java.lang.Integer)
2018-11-24 13:24:17.686 - INFO 43112 [           main] s.w.s.m.m.a.RequestMappingHandlerMapping : Mapped "{[/api/activity/recommend],methods=[GET]}" onto public org.springframework.data.domain.Page<com.luwei.services.activity.web.ActivityWebListVO> com.luwei.controller.ActivityController.recommend(java.lang.Integer,org.springframework.data.domain.Pageable)
2018-11-24 13:24:17.687 - INFO 43112 [           main] s.w.s.m.m.a.RequestMappingHandlerMapping : Mapped "{[/api/activity/affirm],methods=[POST]}" onto public com.luwei.services.activity.web.ActivityAffirmVO com.luwei.controller.ActivityController.affirmActivity(com.luwei.services.activity.web.ActivityApplyDTO)
2018-11-24 13:24:17.688 - INFO 43112 [           main] s.w.s.m.m.a.RequestMappingHandlerMapping : Mapped "{[/api/activity/like],methods=[GET]}" onto public org.springframework.data.domain.Page<com.luwei.services.activity.web.ActivityWebListVO> com.luwei.controller.ActivityController.guessLike(java.lang.Integer,org.springframework.data.domain.Pageable)
2018-11-24 13:24:17.689 - INFO 43112 [           main] s.w.s.m.m.a.RequestMappingHandlerMapping : Mapped "{[/api/activity/detail],methods=[GET]}" onto public com.luwei.services.activity.web.ActivityDetailVO com.luwei.controller.ActivityController.activityWebDetail(java.lang.Integer,java.lang.Integer)
2018-11-24 13:24:17.690 - INFO 43112 [           main] s.w.s.m.m.a.RequestMappingHandlerMapping : Mapped "{[/api/activity/series/list],methods=[GET]}" onto public java.util.List<com.luwei.services.activity.series.web.SeriesListVO> com.luwei.controller.ActivityController.seriesActivityList()
2018-11-24 13:24:17.691 - INFO 43112 [           main] s.w.s.m.m.a.RequestMappingHandlerMapping : Mapped "{[/api/activity/category],methods=[GET]}" onto public org.springframework.data.domain.Page<com.luwei.services.activity.web.ActivityWebListVO> com.luwei.controller.ActivityController.activityCategoryPage(java.lang.Integer,java.lang.Integer,org.springframework.data.domain.Pageable)
2018-11-24 13:24:17.695 - INFO 43112 [           main] s.w.s.m.m.a.RequestMappingHandlerMapping : Mapped "{[/api/activity/order],methods=[DELETE]}" onto public void com.luwei.controller.ActivityOrderController.delete(java.lang.Integer,java.lang.Integer)
2018-11-24 13:24:17.695 - INFO 43112 [           main] s.w.s.m.m.a.RequestMappingHandlerMapping : Mapped "{[/api/activity/order/one],methods=[GET]}" onto public com.luwei.services.activity.order.web.ActivityOrderWebPageVO com.luwei.controller.ActivityOrderController.findOne(java.lang.Integer,java.lang.Integer)
2018-11-24 13:24:17.696 - INFO 43112 [           main] s.w.s.m.m.a.RequestMappingHandlerMapping : Mapped "{[/api/activity/order/page],methods=[GET]}" onto public org.springframework.data.domain.Page<com.luwei.services.activity.order.web.ActivityOrderWebPageVO> com.luwei.controller.ActivityOrderController.page(org.springframework.data.domain.Pageable,java.lang.Integer,com.luwei.common.enums.status.ActivityOrderStatus)
2018-11-24 13:24:17.696 - INFO 43112 [           main] s.w.s.m.m.a.RequestMappingHandlerMapping : Mapped "{[/api/activity/order/detail],methods=[GET]}" onto public com.luwei.services.activity.web.ActivityAffirmVO com.luwei.controller.ActivityOrderController.activityOrderDetail(java.lang.Integer)
2018-11-24 13:24:17.703 - INFO 43112 [           main] s.w.s.m.m.a.RequestMappingHandlerMapping : Mapped "{[/api/area/one],methods=[GET]}" onto public com.luwei.services.area.cms.DistrictVO com.luwei.controller.AreaController.findOne(java.lang.Integer)
2018-11-24 13:24:17.704 - INFO 43112 [           main] s.w.s.m.m.a.RequestMappingHandlerMapping : Mapped "{[/api/area],methods=[GET]}" onto public java.util.List<com.luwei.services.area.cms.ProvinceVO> com.luwei.controller.AreaController.allArea()
2018-11-24 13:24:17.706 - INFO 43112 [           main] s.w.s.m.m.a.RequestMappingHandlerMapping : Mapped "{[/api/banner],methods=[GET]}" onto public org.springframework.data.domain.Page<com.luwei.services.banner.web.BannerWebVO> com.luwei.controller.BannerController.homePage(org.springframework.data.domain.Pageable,com.luwei.common.enums.type.BannerType,java.lang.Integer)
2018-11-24 13:24:17.708 - INFO 43112 [           main] s.w.s.m.m.a.RequestMappingHandlerMapping : Mapped "{[/api/collect],methods=[DELETE]}" onto public void com.luwei.controller.CollectController.delete(java.util.Set<java.lang.Integer>,com.luwei.common.enums.type.CollectType,java.lang.Integer)
2018-11-24 13:24:17.709 - INFO 43112 [           main] s.w.s.m.m.a.RequestMappingHandlerMapping : Mapped "{[/api/collect],methods=[GET]}" onto public org.springframework.data.domain.Page<com.luwei.services.collect.web.CollectWebListVO> com.luwei.controller.CollectController.list(com.luwei.common.enums.type.CollectType,java.lang.Integer,org.springframework.data.domain.Pageable)
2018-11-24 13:24:17.710 - INFO 43112 [           main] s.w.s.m.m.a.RequestMappingHandlerMapping : Mapped "{[/api/collect],methods=[PUT]}" onto public void com.luwei.controller.CollectController.save(java.lang.Integer,com.luwei.common.enums.type.CollectType,java.lang.Integer)
2018-11-24 13:24:17.713 - INFO 43112 [           main] s.w.s.m.m.a.RequestMappingHandlerMapping : Mapped "{[/api/coupon/page],methods=[GET]}" onto public org.springframework.data.domain.Page<com.luwei.services.coupon.web.CouponWebVO> com.luwei.controller.CouponController.page(org.springframework.data.domain.Pageable,com.luwei.common.enums.type.SortType)
2018-11-24 13:24:17.713 - INFO 43112 [           main] s.w.s.m.m.a.RequestMappingHandlerMapping : Mapped "{[/api/coupon/detail],methods=[GET]}" onto public com.luwei.services.coupon.web.CouponDetailWebVO com.luwei.controller.CouponController.detail(java.lang.Integer)
2018-11-24 13:24:17.714 - INFO 43112 [           main] s.w.s.m.m.a.RequestMappingHandlerMapping : Mapped "{[/api/coupon/buy],methods=[POST]}" onto public com.luwei.common.Response<java.lang.String> com.luwei.controller.CouponController.buyCoupon(com.luwei.models.user.coupon.web.UserCouponAddDTO)
2018-11-24 13:24:17.715 - INFO 43112 [           main] s.w.s.m.m.a.RequestMappingHandlerMapping : Mapped "{[/api/evaluate],methods=[POST]}" onto public com.luwei.common.Response com.luwei.controller.EvaluateController.save(com.luwei.services.evaluate.web.EvaluateDTO)
2018-11-24 13:24:17.716 - INFO 43112 [           main] s.w.s.m.m.a.RequestMappingHandlerMapping : Mapped "{[/api/evaluate],methods=[GET]}" onto public org.springframework.data.domain.Page<com.luwei.services.evaluate.web.EvaluateWebListVO> com.luwei.controller.EvaluateController.findEvaluate(org.springframework.data.domain.Pageable,java.lang.Integer,com.luwei.common.enums.type.EvaluateType)
2018-11-24 13:24:17.717 - INFO 43112 [           main] s.w.s.m.m.a.RequestMappingHandlerMapping : Mapped "{[/api/goods/category/list],methods=[GET]}" onto public java.util.List<com.luwei.services.category.web.CategoryListVO> com.luwei.controller.GoodsCategoryController.list()
2018-11-24 13:24:17.718 - INFO 43112 [           main] s.w.s.m.m.a.RequestMappingHandlerMapping : Mapped "{[/api/goods/detail],methods=[GET]}" onto public com.luwei.services.goods.web.GoodsDetailVO com.luwei.controller.GoodsController.detail(java.lang.Integer,java.lang.Integer)
2018-11-24 13:24:17.719 - INFO 43112 [           main] s.w.s.m.m.a.RequestMappingHandlerMapping : Mapped "{[/api/goods/recommend],methods=[GET]}" onto public org.springframework.data.domain.Page<com.luwei.services.goods.web.StoreGoodsListVO> com.luwei.controller.GoodsController.recommend(org.springframework.data.domain.Pageable)
2018-11-24 13:24:17.720 - INFO 43112 [           main] s.w.s.m.m.a.RequestMappingHandlerMapping : Mapped "{[/api/goods/like],methods=[GET]}" onto public org.springframework.data.domain.Page<com.luwei.services.goods.web.StoreGoodsListVO> com.luwei.controller.GoodsController.guessLike(java.lang.Integer,org.springframework.data.domain.Pageable)
2018-11-24 13:24:17.720 - INFO 43112 [           main] s.w.s.m.m.a.RequestMappingHandlerMapping : Mapped "{[/api/goods/category/page],methods=[GET]}" onto public org.springframework.data.domain.Page<com.luwei.services.goods.web.StoreGoodsListVO> com.luwei.controller.GoodsController.categoryPage(java.lang.Integer,org.springframework.data.domain.Pageable)
2018-11-24 13:24:17.721 - INFO 43112 [           main] s.w.s.m.m.a.RequestMappingHandlerMapping : Mapped "{[/api/integral/page],methods=[GET]}" onto public org.springframework.data.domain.Page<com.luwei.services.integral.bill.web.IntegralBillWebPageVO> com.luwei.controller.IntegralController.page(org.springframework.data.domain.Pageable,com.luwei.common.enums.type.BillType,java.lang.Integer)
2018-11-24 13:24:17.723 - INFO 43112 [           main] s.w.s.m.m.a.RequestMappingHandlerMapping : Mapped "{[/api/order],methods=[DELETE]}" onto public void com.luwei.controller.OrderController.delete(java.util.Set<java.lang.Integer>)
2018-11-24 13:24:17.724 - INFO 43112 [           main] s.w.s.m.m.a.RequestMappingHandlerMapping : Mapped "{[/api/order/one],methods=[GET]}" onto public com.luwei.services.order.web.OrderWebPageVO com.luwei.controller.OrderController.findOne(java.lang.Integer,java.lang.Integer)
2018-11-24 13:24:17.724 - INFO 43112 [           main] s.w.s.m.m.a.RequestMappingHandlerMapping : Mapped "{[/api/order/page],methods=[GET]}" onto public org.springframework.data.domain.Page<com.luwei.services.order.web.OrderWebPageVO> com.luwei.controller.OrderController.page(org.springframework.data.domain.Pageable,java.lang.Integer,com.luwei.common.enums.status.OrderStatus)
2018-11-24 13:24:17.724 - INFO 43112 [           main] s.w.s.m.m.a.RequestMappingHandlerMapping : Mapped "{[/api/order/cancel],methods=[DELETE]}" onto public com.luwei.services.order.web.OrderWebPageVO com.luwei.controller.OrderController.cancel(java.lang.Integer)
2018-11-24 13:24:17.725 - INFO 43112 [           main] s.w.s.m.m.a.RequestMappingHandlerMapping : Mapped "{[/api/order/create],methods=[POST]}" onto public com.luwei.services.order.web.AffirmOrderVO com.luwei.controller.OrderController.commit(com.luwei.services.order.web.OrderAddOneDTO)
2018-11-24 13:24:17.725 - INFO 43112 [           main] s.w.s.m.m.a.RequestMappingHandlerMapping : Mapped "{[/api/order/pay],methods=[POST]}" onto public java.util.Map<java.lang.String, java.lang.String> com.luwei.controller.OrderController.payGoodsOrder(com.luwei.services.order.web.GoodsOrderPayDTO,javax.servlet.http.HttpServletRequest)
2018-11-24 13:24:17.726 - INFO 43112 [           main] s.w.s.m.m.a.RequestMappingHandlerMapping : Mapped "{[/api/order/receiving],methods=[PUT]}" onto public com.luwei.common.Response com.luwei.controller.OrderController.receiving(java.lang.Integer)
2018-11-24 13:24:17.726 - INFO 43112 [           main] s.w.s.m.m.a.RequestMappingHandlerMapping : Mapped "{[/api/order/address],methods=[PUT]}" onto public com.luwei.common.Response com.luwei.controller.OrderController.updateAddress(java.util.Set<java.lang.Integer>,java.lang.String,java.lang.String,java.lang.String)
2018-11-24 13:24:17.727 - INFO 43112 [           main] s.w.s.m.m.a.RequestMappingHandlerMapping : Mapped "{[/api/order/detail],methods=[GET]}" onto public com.luwei.services.order.detail.web.OrderDetailSimpleVO com.luwei.controller.OrderDetailController.findOne(java.lang.Integer)
2018-11-24 13:24:17.728 - INFO 43112 [           main] s.w.s.m.m.a.RequestMappingHandlerMapping : Mapped "{[/api/order/detail/unread],methods=[GET]}" onto public com.luwei.services.order.web.AffirmOrderVO com.luwei.controller.OrderDetailController.unreadOrderDetail(java.lang.Integer,java.lang.Integer)
2018-11-24 13:24:17.729 - INFO 43112 [           main] s.w.s.m.m.a.RequestMappingHandlerMapping : Mapped "{[/api/photo],methods=[POST]}" onto public void com.luwei.controller.PhotoController.save(com.luwei.services.photo.web.PhotoUploadDTO)
2018-11-24 13:24:17.730 - INFO 43112 [           main] s.w.s.m.m.a.RequestMappingHandlerMapping : Mapped "{[/api/photo/page],methods=[GET]}" onto public org.springframework.data.domain.Page<com.luwei.services.photo.web.PhotoWebPageVO> com.luwei.controller.PhotoController.page(org.springframework.data.domain.Pageable,java.lang.Integer)
2018-11-24 13:24:17.731 - INFO 43112 [           main] s.w.s.m.m.a.RequestMappingHandlerMapping : Mapped "{[/api/refund],methods=[POST]}" onto public java.lang.Object com.luwei.controller.RefundController.refund(com.luwei.services.refund.web.RefundAddDTO)
2018-11-24 13:24:17.733 - INFO 43112 [           main] s.w.s.m.m.a.RequestMappingHandlerMapping : Mapped "{[/api/shopping],methods=[PUT]}" onto public com.luwei.services.shopping.web.ShoppingPageVO com.luwei.controller.ShoppingController.update(com.luwei.services.shopping.web.ShoppingEditDTO)
2018-11-24 13:24:17.733 - INFO 43112 [           main] s.w.s.m.m.a.RequestMappingHandlerMapping : Mapped "{[/api/shopping],methods=[DELETE]}" onto public void com.luwei.controller.ShoppingController.delete(java.util.Set<java.lang.Integer>,java.lang.Integer)
2018-11-24 13:24:17.734 - INFO 43112 [           main] s.w.s.m.m.a.RequestMappingHandlerMapping : Mapped "{[/api/shopping],methods=[POST]}" onto public void com.luwei.controller.ShoppingController.save(com.luwei.services.shopping.web.ShoppingAddDTO)
2018-11-24 13:24:17.735 - INFO 43112 [           main] s.w.s.m.m.a.RequestMappingHandlerMapping : Mapped "{[/api/shopping/page],methods=[GET]}" onto public org.springframework.data.domain.Page<com.luwei.services.shopping.web.ShoppingPageVO> com.luwei.controller.ShoppingController.page(org.springframework.data.domain.Pageable,java.lang.Integer)
2018-11-24 13:24:17.735 - INFO 43112 [           main] s.w.s.m.m.a.RequestMappingHandlerMapping : Mapped "{[/api/shopping/clearing],methods=[POST]}" onto public com.luwei.services.order.web.AffirmOrderVO com.luwei.controller.ShoppingController.clearing(com.luwei.services.order.web.OrderAddDTO)
2018-11-24 13:24:17.736 - INFO 43112 [           main] s.w.s.m.m.a.RequestMappingHandlerMapping : Mapped "{[/api/sms/send],methods=[GET]}" onto public void com.luwei.controller.SmsController.sendCode(java.lang.String) throws com.aliyuncs.exceptions.ClientException
2018-11-24 13:24:17.736 - INFO 43112 [           main] s.w.s.m.m.a.RequestMappingHandlerMapping : Mapped "{[/api/store],methods=[GET]}" onto public com.luwei.services.store.web.StoreWebDetailVO com.luwei.controller.StoreController.storeDetail(java.lang.Integer,com.luwei.common.enums.type.SortType,com.luwei.common.enums.type.SortType,org.springframework.data.domain.Pageable)
2018-11-24 13:24:17.738 - INFO 43112 [           main] s.w.s.m.m.a.RequestMappingHandlerMapping : Mapped "{[/api/template],methods=[PUT]}" onto public void com.luwei.controller.TemplateController.update(java.lang.Object)
2018-11-24 13:24:17.738 - INFO 43112 [           main] s.w.s.m.m.a.RequestMappingHandlerMapping : Mapped "{[/api/template],methods=[DELETE]}" onto public void com.luwei.controller.TemplateController.delete(java.util.Set<java.lang.Integer>)
2018-11-24 13:24:17.738 - INFO 43112 [           main] s.w.s.m.m.a.RequestMappingHandlerMapping : Mapped "{[/api/template],methods=[POST]}" onto public void com.luwei.controller.TemplateController.save(java.lang.Object)
2018-11-24 13:24:17.738 - INFO 43112 [           main] s.w.s.m.m.a.RequestMappingHandlerMapping : Mapped "{[/api/template],methods=[GET]}" onto public void com.luwei.controller.TemplateController.findOne(java.lang.Integer)
2018-11-24 13:24:17.739 - INFO 43112 [           main] s.w.s.m.m.a.RequestMappingHandlerMapping : Mapped "{[/api/template/page],methods=[GET]}" onto public void com.luwei.controller.TemplateController.page(org.springframework.data.domain.Pageable,java.lang.Object)
2018-11-24 13:24:17.740 - INFO 43112 [           main] s.w.s.m.m.a.RequestMappingHandlerMapping : Mapped "{[/api/user/integral/total],methods=[GET]}" onto public com.luwei.common.Response<java.lang.Integer> com.luwei.controller.UserController.findOne(java.lang.Integer)
2018-11-24 13:24:17.741 - INFO 43112 [           main] s.w.s.m.m.a.RequestMappingHandlerMapping : Mapped "{[/api/user/address],methods=[GET]}" onto public com.luwei.services.user.address.web.UserAddressVO com.luwei.controller.UserController.userAddress(java.lang.Integer)
2018-11-24 13:24:17.741 - INFO 43112 [           main] s.w.s.m.m.a.RequestMappingHandlerMapping : Mapped "{[/api/user/binding],methods=[PUT]}" onto public com.luwei.common.Response<java.lang.String> com.luwei.controller.UserController.binding(java.lang.String,java.lang.Integer,java.lang.String)
2018-11-24 13:24:17.741 - INFO 43112 [           main] s.w.s.m.m.a.RequestMappingHandlerMapping : Mapped "{[/api/user],methods=[GET]}" onto public com.luwei.services.user.web.UserInfoVO com.luwei.controller.UserController.findUser(java.lang.Integer)
2018-11-24 13:24:17.742 - INFO 43112 [           main] s.w.s.m.m.a.RequestMappingHandlerMapping : Mapped "{[/api/user],methods=[PUT]}" onto public void com.luwei.controller.UserController.editUser(com.luwei.services.user.web.UserInfoAddDTO)
2018-11-24 13:24:17.742 - INFO 43112 [           main] s.w.s.m.m.a.RequestMappingHandlerMapping : Mapped "{[/api/user/receiving],methods=[PUT]}" onto public com.luwei.services.user.address.web.UserAddressVO com.luwei.controller.UserController.addReceivingAddress(com.luwei.services.user.address.web.UserReceivingAddDTO)
2018-11-24 13:24:17.743 - INFO 43112 [           main] s.w.s.m.m.a.RequestMappingHandlerMapping : Mapped "{[/api/wx/login],methods=[POST]}" onto public com.luwei.services.user.web.UserWebVO com.luwei.controller.WxController.login(com.luwei.services.weixin.pojos.WxUserDTO)
2018-11-24 13:24:17.743 - INFO 43112 [           main] s.w.s.m.m.a.RequestMappingHandlerMapping : Mapped "{[/api/wx/binding],methods=[PUT]}" onto public com.luwei.common.Response com.luwei.controller.WxController.bingingPhone(com.luwei.services.weixin.pojos.PhoneNumDTO) throws java.lang.Exception
2018-11-24 13:24:17.744 - INFO 43112 [           main] s.w.s.m.m.a.RequestMappingHandlerMapping : Mapped "{[/api/wx/openid],methods=[GET]}" onto public com.luwei.services.weixin.pojos.OpenidVO com.luwei.controller.WxController.openid(java.lang.String)
2018-11-24 13:24:17.745 - INFO 43112 [           main] s.w.s.m.m.a.RequestMappingHandlerMapping : Mapped "{[/api/pay/pay],methods=[POST || GET]}" onto public java.util.Map<java.lang.String, java.lang.String> com.luwei.controller.WxPayController.wxPay(javax.servlet.http.HttpServletRequest,java.lang.String) throws java.lang.Exception
2018-11-24 13:24:17.745 - INFO 43112 [           main] s.w.s.m.m.a.RequestMappingHandlerMapping : Mapped "{[/api/pay/notify],methods=[POST || GET]}" onto public void com.luwei.controller.WxPayController.wxNotify(javax.servlet.http.HttpServletRequest,javax.servlet.http.HttpServletResponse) throws java.lang.Exception
2018-11-24 13:24:17.752 - INFO 43112 [           main] s.w.s.m.m.a.RequestMappingHandlerMapping : Mapped "{[/api/module/qiniu/token],methods=[GET]}" onto public com.luwei.module.qiniu.pojo.QiniuToken com.luwei.module.qiniu.controller.QiniuController.getToken(java.lang.String)
2018-11-24 13:24:17.753 - INFO 43112 [           main] s.w.s.m.m.a.RequestMappingHandlerMapping : Mapped "{[/api/module/qiniu/one],methods=[POST]}" onto public com.luwei.module.qiniu.pojo.QiniuOne com.luwei.module.qiniu.controller.QiniuController.uploadOne(org.springframework.web.multipart.MultipartFile)
2018-11-24 13:24:17.753 - INFO 43112 [           main] s.w.s.m.m.a.RequestMappingHandlerMapping : Mapped "{[/api/module/qiniu/many],methods=[POST]}" onto public com.luwei.module.qiniu.pojo.QiniuMany com.luwei.module.qiniu.controller.QiniuController.uploadMany(org.springframework.web.multipart.MultipartFile[])
2018-11-24 13:24:17.753 - INFO 43112 [           main] s.w.s.m.m.a.RequestMappingHandlerMapping : Mapped "{[/api/module/qiniu/stream],methods=[POST]}" onto public com.luwei.module.qiniu.pojo.QiniuOne com.luwei.module.qiniu.controller.QiniuController.uploadByStream(java.io.InputStream)
2018-11-24 13:24:17.753 - INFO 43112 [           main] s.w.s.m.m.a.RequestMappingHandlerMapping : Mapped "{[/api/module/qiniu/byte],methods=[POST]}" onto public com.luwei.module.qiniu.pojo.QiniuOne com.luwei.module.qiniu.controller.QiniuController.uploadByByte(byte[])
2018-11-24 13:24:17.757 - INFO 43112 [           main] s.w.s.m.m.a.RequestMappingHandlerMapping : Mapped "{[/swagger-resources/configuration/security]}" onto public org.springframework.http.ResponseEntity<springfox.documentation.swagger.web.SecurityConfiguration> springfox.documentation.swagger.web.ApiResourceController.securityConfiguration()
2018-11-24 13:24:17.759 - INFO 43112 [           main] s.w.s.m.m.a.RequestMappingHandlerMapping : Mapped "{[/swagger-resources]}" onto public org.springframework.http.ResponseEntity<java.util.List<springfox.documentation.swagger.web.SwaggerResource>> springfox.documentation.swagger.web.ApiResourceController.swaggerResources()
2018-11-24 13:24:17.761 - INFO 43112 [           main] s.w.s.m.m.a.RequestMappingHandlerMapping : Mapped "{[/swagger-resources/configuration/ui]}" onto public org.springframework.http.ResponseEntity<springfox.documentation.swagger.web.UiConfiguration> springfox.documentation.swagger.web.ApiResourceController.uiConfiguration()
2018-11-24 13:24:17.768 - INFO 43112 [           main] s.w.s.m.m.a.RequestMappingHandlerMapping : Mapped "{[/error]}" onto public org.springframework.http.ResponseEntity<java.util.Map<java.lang.String, java.lang.Object>> org.springframework.boot.autoconfigure.web.servlet.error.BasicErrorController.error(javax.servlet.http.HttpServletRequest)
2018-11-24 13:24:17.769 - INFO 43112 [           main] s.w.s.m.m.a.RequestMappingHandlerMapping : Mapped "{[/error],produces=[text/html]}" onto public org.springframework.web.servlet.ModelAndView org.springframework.boot.autoconfigure.web.servlet.error.BasicErrorController.errorHtml(javax.servlet.http.HttpServletRequest,javax.servlet.http.HttpServletResponse)
2018-11-24 13:24:18.310 - INFO 43112 [           main] o.s.s.concurrent.ThreadPoolTaskExecutor  : Initializing ExecutorService 
2018-11-24 13:24:18.327 - INFO 43112 [           main] o.s.s.concurrent.ThreadPoolTaskExecutor  : Initializing ExecutorService  'taskExecutor'
2018-11-24 13:24:18.413 - INFO 43112 [           main] pertySourcedRequestMappingHandlerMapping : Mapped URL path [/v2/api-docs] onto method [public org.springframework.http.ResponseEntity<springfox.documentation.spring.web.json.Json> springfox.documentation.swagger2.web.Swagger2Controller.getDocumentation(java.lang.String,javax.servlet.http.HttpServletRequest)]
2018-11-24 13:24:18.603 - INFO 43112 [           main] o.s.w.s.handler.SimpleUrlHandlerMapping  : Mapped URL path [/**/favicon.ico] onto handler of type [class org.springframework.web.servlet.resource.ResourceHttpRequestHandler]
2018-11-24 13:24:18.890 - INFO 43112 [           main] s.w.s.m.m.a.RequestMappingHandlerAdapter : Looking for @ControllerAdvice: org.springframework.boot.web.servlet.context.AnnotationConfigServletWebServerApplicationContext@4c398c80: startup date [Sat Nov 24 13:24:04 CST 2018]; root of context hierarchy
2018-11-24 13:24:19.119 - INFO 43112 [           main] o.s.w.s.handler.SimpleUrlHandlerMapping  : Mapped URL path [/webjars/**] onto handler of type [class org.springframework.web.servlet.resource.ResourceHttpRequestHandler]
2018-11-24 13:24:19.119 - INFO 43112 [           main] o.s.w.s.handler.SimpleUrlHandlerMapping  : Mapped URL path [/**] onto handler of type [class org.springframework.web.servlet.resource.ResourceHttpRequestHandler]
2018-11-24 13:24:19.174 - INFO 43112 [           main] .m.m.a.ExceptionHandlerExceptionResolver : Detected @ExceptionHandler methods in globalExceptionHandler
2018-11-24 13:24:19.260 - INFO 43112 [           main] o.s.b.a.w.s.WelcomePageHandlerMapping    : Adding welcome page: class path resource [static/index.html]
2018-11-24 13:24:20.264 - INFO 43112 [           main] o.s.j.e.a.AnnotationMBeanExporter        : Registering beans for JMX exposure on startup
2018-11-24 13:24:20.266 - INFO 43112 [           main] o.s.j.e.a.AnnotationMBeanExporter        : Bean with name 'dataSource' has been autodetected for JMX exposure
2018-11-24 13:24:20.276 - INFO 43112 [           main] o.s.j.e.a.AnnotationMBeanExporter        : Located MBean 'dataSource': registering with JMX server as MBean [com.zaxxer.hikari:name=dataSource,type=HikariDataSource]
2018-11-24 13:24:20.282 - INFO 43112 [           main] o.s.c.support.DefaultLifecycleProcessor  : Starting beans in phase 2147483647
2018-11-24 13:24:20.283 - INFO 43112 [           main] d.s.w.p.DocumentationPluginsBootstrapper : Context refreshed
2018-11-24 13:24:20.304 - INFO 43112 [           main] d.s.w.p.DocumentationPluginsBootstrapper : Found 1 custom documentation plugin(s)
2018-11-24 13:24:20.364 - INFO 43112 [           main] s.d.s.w.s.ApiListingReferenceScanner     : Scanning for api listing references
2018-11-24 13:24:20.636 - INFO 43112 [           main] .d.s.w.r.o.CachingOperationNameGenerator : Generating unique operation named: listUsingGET_1
2018-11-24 13:24:20.671 - INFO 43112 [           main] .d.s.w.r.o.CachingOperationNameGenerator : Generating unique operation named: findOneUsingGET_1
2018-11-24 13:24:20.679 - INFO 43112 [           main] .d.s.w.r.o.CachingOperationNameGenerator : Generating unique operation named: deleteUsingDELETE_1
2018-11-24 13:24:20.686 - INFO 43112 [           main] .d.s.w.r.o.CachingOperationNameGenerator : Generating unique operation named: listUsingGET_2
2018-11-24 13:24:20.701 - INFO 43112 [           main] .d.s.w.r.o.CachingOperationNameGenerator : Generating unique operation named: pageUsingGET_1
2018-11-24 13:24:20.714 - INFO 43112 [           main] .d.s.w.r.o.CachingOperationNameGenerator : Generating unique operation named: listUsingGET_3
2018-11-24 13:24:20.727 - INFO 43112 [           main] .d.s.w.r.o.CachingOperationNameGenerator : Generating unique operation named: detailUsingGET_1
2018-11-24 13:24:20.729 - INFO 43112 [           main] .d.s.w.r.o.CachingOperationNameGenerator : Generating unique operation named: guessLikeUsingGET_1
2018-11-24 13:24:20.731 - INFO 43112 [           main] .d.s.w.r.o.CachingOperationNameGenerator : Generating unique operation named: recommendUsingGET_1
2018-11-24 13:24:20.738 - INFO 43112 [           main] .d.s.w.r.o.CachingOperationNameGenerator : Generating unique operation named: pageUsingGET_2
2018-11-24 13:24:20.755 - INFO 43112 [           main] .d.s.w.r.o.CachingOperationNameGenerator : Generating unique operation named: commitUsingPOST_1
2018-11-24 13:24:20.756 - INFO 43112 [           main] .d.s.w.r.o.CachingOperationNameGenerator : Generating unique operation named: deleteUsingDELETE_2
2018-11-24 13:24:20.757 - INFO 43112 [           main] .d.s.w.r.o.CachingOperationNameGenerator : Generating unique operation named: findOneUsingGET_2
2018-11-24 13:24:20.763 - INFO 43112 [           main] .d.s.w.r.o.CachingOperationNameGenerator : Generating unique operation named: pageUsingGET_3
2018-11-24 13:24:20.781 - INFO 43112 [           main] .d.s.w.r.o.CachingOperationNameGenerator : Generating unique operation named: findOneUsingGET_3
2018-11-24 13:24:20.788 - INFO 43112 [           main] .d.s.w.r.o.CachingOperationNameGenerator : Generating unique operation named: pageUsingGET_4
2018-11-24 13:24:20.793 - INFO 43112 [           main] .d.s.w.r.o.CachingOperationNameGenerator : Generating unique operation named: saveUsingPOST_1
2018-11-24 13:24:20.799 - WARN 43112 [           main] s.d.s.w.r.p.ParameterDataTypeReader      : Trying to infer dataType byte[]
2018-11-24 13:24:20.812 - INFO 43112 [           main] .d.s.w.r.o.CachingOperationNameGenerator : Generating unique operation named: deleteUsingDELETE_3
2018-11-24 13:24:20.817 - INFO 43112 [           main] .d.s.w.r.o.CachingOperationNameGenerator : Generating unique operation named: pageUsingGET_5
2018-11-24 13:24:20.819 - INFO 43112 [           main] .d.s.w.r.o.CachingOperationNameGenerator : Generating unique operation named: saveUsingPOST_2
2018-11-24 13:24:20.829 - INFO 43112 [           main] .d.s.w.r.o.CachingOperationNameGenerator : Generating unique operation named: deleteUsingDELETE_4
2018-11-24 13:24:20.830 - INFO 43112 [           main] .d.s.w.r.o.CachingOperationNameGenerator : Generating unique operation named: findOneUsingGET_4
2018-11-24 13:24:20.830 - INFO 43112 [           main] .d.s.w.r.o.CachingOperationNameGenerator : Generating unique operation named: pageUsingGET_6
2018-11-24 13:24:20.832 - INFO 43112 [           main] .d.s.w.r.o.CachingOperationNameGenerator : Generating unique operation named: saveUsingPOST_3
2018-11-24 13:24:20.832 - INFO 43112 [           main] .d.s.w.r.o.CachingOperationNameGenerator : Generating unique operation named: updateUsingPUT_1
2018-11-24 13:24:20.845 - INFO 43112 [           main] .d.s.w.r.o.CachingOperationNameGenerator : Generating unique operation named: findOneUsingGET_5
2018-11-24 13:24:20.913 - INFO 43112 [           main] o.s.s.quartz.SchedulerFactoryBean        : Will start Quartz Scheduler [schedulerFactoryBean] in 20 seconds
2018-11-24 13:24:20.963 - INFO 43112 [           main] o.a.coyote.http11.Http11NioProtocol      : Starting ProtocolHandler ["http-nio-9095"]
2018-11-24 13:24:21.001 - INFO 43112 [           main] o.a.tomcat.util.net.NioSelectorPool      : Using a shared selector for servlet write/read
2018-11-24 13:24:21.062 - INFO 43112 [           main] o.s.b.w.embedded.tomcat.TomcatWebServer  : Tomcat started on port(s): 9095 (http) with context path ''
2018-11-24 13:24:21.068 - INFO 43112 [           main] com.luwei.WebApplication                 : Started WebApplication in 17.262 seconds (JVM running for 20.721)
2018-11-24 13:24:40.915 - INFO 43112 [lerFactoryBean]] o.s.s.quartz.SchedulerFactoryBean        : Starting Quartz Scheduler now, after delay of 20 seconds
2018-11-24 13:24:40.916 - INFO 43112 [lerFactoryBean]] org.quartz.core.QuartzScheduler          : Scheduler schedulerFactoryBean_$_NON_CLUSTERED started.
2018-11-24 13:24:40.917 - INFO 43112 [nio-9095-exec-1] o.a.c.c.C.[Tomcat].[localhost].[/]       : Initializing Spring FrameworkServlet 'dispatcherServlet'
2018-11-24 13:24:40.917 - INFO 43112 [nio-9095-exec-1] o.s.web.servlet.DispatcherServlet        : FrameworkServlet 'dispatcherServlet': initialization started
2018-11-24 13:24:40.970 - INFO 43112 [nio-9095-exec-1] o.s.web.servlet.DispatcherServlet        : FrameworkServlet 'dispatcherServlet': initialization completed in 53 ms
2018-11-24 13:26:17.268 - INFO 43112 [nio-9095-exec-2] io.lettuce.core.EpollProvider            : Starting without optional epoll library
2018-11-24 13:26:17.271 - INFO 43112 [nio-9095-exec-2] io.lettuce.core.KqueueProvider           : Starting without optional kqueue library
2018-11-24 13:26:18.235 - INFO 43112 [nio-9095-exec-2] com.luwei.module.shiro.base.TokenRealm   : userId:19----token:56450EFCBB8E6B0CD507AC8528CCB8FF
2018-11-24 13:27:04.615 - INFO 43112 [nio-9095-exec-5] com.luwei.module.shiro.base.TokenRealm   : userId:19----token:56450EFCBB8E6B0CD507AC8528CCB8FF
2018-11-24 13:28:05.556 - WARN 43112 [l-1 housekeeper] com.zaxxer.hikari.pool.HikariPool        : HikariPool-1 - Thread starvation or clock leap detected (housekeeper delta=54s781ms899s932ns).
2018-11-24 14:06:35.602 - WARN 43112 [l-1 housekeeper] com.zaxxer.hikari.pool.HikariPool        : HikariPool-1 - Thread starvation or clock leap detected (housekeeper delta=38m30s57ms523s645ns).
2018-11-24 14:06:54.052 - INFO 43112 [ryBean_Worker-1] com.luwei.task.CollectJob                : CollectJob
2018-11-24 14:06:54.072 - INFO 43112 [ryBean_Worker-2] c.l.services.activity.ActivityService    : 
2018-11-24 14:06:54.341 - INFO 43112 [ryBean_Worker-2] c.l.services.activity.ActivityService    : 
2018-11-24 14:14:17.954 - WARN 43112 [nio-9095-exec-8] o.a.shiro.authc.AbstractAuthenticator    : Authentication failed for token submission [Token{token='56450EFCBB8E6B0CD507AC8528CCB8FF'}].  Possible unexpected error? (Typical or expected login exceptions should extend from AuthenticationException).
org.springframework.data.redis.RedisSystemException: Redis exception; nested exception is io.lettuce.core.RedisException: java.io.IOException: 
	at org.springframework.data.redis.connection.lettuce.LettuceExceptionConverter.convert(LettuceExceptionConverter.java:74)
	at org.springframework.data.redis.connection.lettuce.LettuceExceptionConverter.convert(LettuceExceptionConverter.java:41)
	at org.springframework.data.redis.PassThroughExceptionTranslationStrategy.translate(PassThroughExceptionTranslationStrategy.java:44)
	at org.springframework.data.redis.FallbackExceptionTranslationStrategy.translate(FallbackExceptionTranslationStrategy.java:42)
	at org.springframework.data.redis.connection.lettuce.LettuceConnection.convertLettuceAccessException(LettuceConnection.java:257)
	at org.springframework.data.redis.connection.lettuce.LettuceStringCommands.convertLettuceAccessException(LettuceStringCommands.java:718)
	at org.springframework.data.redis.connection.lettuce.LettuceStringCommands.get(LettuceStringCommands.java:63)
	at org.springframework.data.redis.connection.DefaultedRedisConnection.get(DefaultedRedisConnection.java:210)
	at org.springframework.data.redis.connection.DefaultStringRedisConnection.get(DefaultStringRedisConnection.java:348)
	at org.springframework.data.redis.core.DefaultValueOperations$1.inRedis(DefaultValueOperations.java:52)
	at org.springframework.data.redis.core.AbstractOperations$ValueDeserializingRedisCallback.doInRedis(AbstractOperations.java:59)
	at org.springframework.data.redis.core.RedisTemplate.execute(RedisTemplate.java:224)
	at org.springframework.data.redis.core.RedisTemplate.execute(RedisTemplate.java:184)
	at org.springframework.data.redis.core.AbstractOperations.execute(AbstractOperations.java:95)
	at org.springframework.data.redis.core.DefaultValueOperations.get(DefaultValueOperations.java:48)
	at com.luwei.module.shiro.base.TokenRealm.doGetAuthenticationInfo(TokenRealm.java:65)
	at org.apache.shiro.realm.AuthenticatingRealm.getAuthenticationInfo(AuthenticatingRealm.java:571)
	at org.apache.shiro.authc.pam.ModularRealmAuthenticator.doSingleRealmAuthentication(ModularRealmAuthenticator.java:180)
	at org.apache.shiro.authc.pam.ModularRealmAuthenticator.doAuthenticate(ModularRealmAuthenticator.java:267)
	at org.apache.shiro.authc.AbstractAuthenticator.authenticate(AbstractAuthenticator.java:198)
	at org.apache.shiro.mgt.AuthenticatingSecurityManager.authenticate(AuthenticatingSecurityManager.java:106)
	at org.apache.shiro.mgt.DefaultSecurityManager.login(DefaultSecurityManager.java:274)
	at org.apache.shiro.subject.support.DelegatingSubject.login(DelegatingSubject.java:260)
	at com.luwei.module.shiro.filter.TokenFilter.login(TokenFilter.java:68)
	at com.luwei.module.shiro.filter.TokenFilter.onAccessDenied(TokenFilter.java:35)
	at org.apache.shiro.web.filter.AccessControlFilter.onAccessDenied(AccessControlFilter.java:133)
	at org.apache.shiro.web.filter.AccessControlFilter.onPreHandle(AccessControlFilter.java:162)
	at org.apache.shiro.web.filter.PathMatchingFilter.isFilterChainContinued(PathMatchingFilter.java:203)
	at org.apache.shiro.web.filter.PathMatchingFilter.preHandle(PathMatchingFilter.java:178)
	at org.apache.shiro.web.servlet.AdviceFilter.doFilterInternal(AdviceFilter.java:131)
	at org.apache.shiro.web.servlet.OncePerRequestFilter.doFilter(OncePerRequestFilter.java:125)
	at org.apache.shiro.web.servlet.ProxiedFilterChain.doFilter(ProxiedFilterChain.java:66)
	at com.luwei.module.shiro.filter.CorsFilter.doFilter(CorsFilter.java:30)
	at org.apache.shiro.web.servlet.ProxiedFilterChain.doFilter(ProxiedFilterChain.java:66)
	at org.apache.shiro.web.servlet.AbstractShiroFilter.executeChain(AbstractShiroFilter.java:449)
	at org.apache.shiro.web.servlet.AbstractShiroFilter$1.call(AbstractShiroFilter.java:365)
	at org.apache.shiro.subject.support.SubjectCallable.doCall(SubjectCallable.java:90)
	at org.apache.shiro.subject.support.SubjectCallable.call(SubjectCallable.java:83)
	at org.apache.shiro.subject.support.DelegatingSubject.execute(DelegatingSubject.java:387)
	at org.apache.shiro.web.servlet.AbstractShiroFilter.doFilterInternal(AbstractShiroFilter.java:362)
	at org.apache.shiro.web.servlet.OncePerRequestFilter.doFilter(OncePerRequestFilter.java:125)
	at org.apache.catalina.core.ApplicationFilterChain.internalDoFilter(ApplicationFilterChain.java:193)
	at org.apache.catalina.core.ApplicationFilterChain.doFilter(ApplicationFilterChain.java:166)
	at org.springframework.web.filter.RequestContextFilter.doFilterInternal(RequestContextFilter.java:99)
	at org.springframework.web.filter.OncePerRequestFilter.doFilter(OncePerRequestFilter.java:107)
	at org.apache.catalina.core.ApplicationFilterChain.internalDoFilter(ApplicationFilterChain.java:193)
	at org.apache.catalina.core.ApplicationFilterChain.doFilter(ApplicationFilterChain.java:166)
	at org.springframework.web.filter.HttpPutFormContentFilter.doFilterInternal(HttpPutFormContentFilter.java:109)
	at org.springframework.web.filter.OncePerRequestFilter.doFilter(OncePerRequestFilter.java:107)
	at org.apache.catalina.core.ApplicationFilterChain.internalDoFilter(ApplicationFilterChain.java:193)
	at org.apache.catalina.core.ApplicationFilterChain.doFilter(ApplicationFilterChain.java:166)
	at org.springframework.web.filter.HiddenHttpMethodFilter.doFilterInternal(HiddenHttpMethodFilter.java:93)
	at org.springframework.web.filter.OncePerRequestFilter.doFilter(OncePerRequestFilter.java:107)
	at org.apache.catalina.core.ApplicationFilterChain.internalDoFilter(ApplicationFilterChain.java:193)
	at org.apache.catalina.core.ApplicationFilterChain.doFilter(ApplicationFilterChain.java:166)
	at org.springframework.web.filter.CharacterEncodingFilter.doFilterInternal(CharacterEncodingFilter.java:200)
	at org.springframework.web.filter.OncePerRequestFilter.doFilter(OncePerRequestFilter.java:107)
	at org.apache.catalina.core.ApplicationFilterChain.internalDoFilter(ApplicationFilterChain.java:193)
	at org.apache.catalina.core.ApplicationFilterChain.doFilter(ApplicationFilterChain.java:166)
	at org.apache.catalina.core.StandardWrapperValve.invoke(StandardWrapperValve.java:198)
	at org.apache.catalina.core.StandardContextValve.invoke(StandardContextValve.java:96)
	at org.apache.catalina.authenticator.AuthenticatorBase.invoke(AuthenticatorBase.java:496)
	at org.apache.catalina.core.StandardHostValve.invoke(StandardHostValve.java:140)
	at org.apache.catalina.valves.ErrorReportValve.invoke(ErrorReportValve.java:81)
	at org.apache.catalina.core.StandardEngineValve.invoke(StandardEngineValve.java:87)
	at org.apache.catalina.connector.CoyoteAdapter.service(CoyoteAdapter.java:342)
	at org.apache.coyote.http11.Http11Processor.service(Http11Processor.java:803)
	at org.apache.coyote.AbstractProcessorLight.process(AbstractProcessorLight.java:66)
	at org.apache.coyote.AbstractProtocol$ConnectionHandler.process(AbstractProtocol.java:790)
	at org.apache.tomcat.util.net.NioEndpoint$SocketProcessor.doRun(NioEndpoint.java:1468)
	at org.apache.tomcat.util.net.SocketProcessorBase.run(SocketProcessorBase.java:49)
	at java.util.concurrent.ThreadPoolExecutor.runWorker(ThreadPoolExecutor.java:1142)
	at java.util.concurrent.ThreadPoolExecutor$Worker.run(ThreadPoolExecutor.java:617)
	at org.apache.tomcat.util.threads.TaskThread$WrappingRunnable.run(TaskThread.java:61)
	at java.lang.Thread.run(Thread.java:745)
Caused by: io.lettuce.core.RedisException: java.io.IOException: 
	at io.lettuce.core.LettuceFutures.awaitOrCancel(LettuceFutures.java:125)
	at io.lettuce.core.FutureSyncInvocationHandler.handleInvocation(FutureSyncInvocationHandler.java:62)
	at io.lettuce.core.internal.AbstractInvocationHandler.invoke(AbstractInvocationHandler.java:80)
	at com.sun.proxy.$Proxy201.get(Unknown Source)
	at org.springframework.data.redis.connection.lettuce.LettuceStringCommands.get(LettuceStringCommands.java:61)
	... 68 common frames omitted
Caused by: java.io.IOException: 
	at sun.nio.ch.SocketDispatcher.read0(Native Method)
	at sun.nio.ch.SocketDispatcher.read(SocketDispatcher.java:43)
	at sun.nio.ch.IOUtil.readIntoNativeBuffer(IOUtil.java:223)
	at sun.nio.ch.IOUtil.read(IOUtil.java:192)
	at sun.nio.ch.SocketChannelImpl.read(SocketChannelImpl.java:380)
	at io.netty.buffer.PooledUnsafeDirectByteBuf.setBytes(PooledUnsafeDirectByteBuf.java:288)
	at io.netty.buffer.AbstractByteBuf.writeBytes(AbstractByteBuf.java:1108)
	at io.netty.channel.socket.nio.NioSocketChannel.doReadBytes(NioSocketChannel.java:345)
	at io.netty.channel.nio.AbstractNioByteChannel$NioByteUnsafe.read(AbstractNioByteChannel.java:148)
	at io.netty.channel.nio.NioEventLoop.processSelectedKey(NioEventLoop.java:647)
	at io.netty.channel.nio.NioEventLoop.processSelectedKeysOptimized(NioEventLoop.java:582)
	at io.netty.channel.nio.NioEventLoop.processSelectedKeys(NioEventLoop.java:499)
	at io.netty.channel.nio.NioEventLoop.run(NioEventLoop.java:461)
	at io.netty.util.concurrent.SingleThreadEventExecutor$5.run(SingleThreadEventExecutor.java:884)
	at io.netty.util.concurrent.FastThreadLocalRunnable.run(FastThreadLocalRunnable.java:30)
	... 1 common frames omitted
2018-11-24 14:14:17.960 -ERROR 43112 [nio-9095-exec-8] c.luwei.module.shiro.filter.TokenFilter  : Authentication failed for token submission [Token{token='56450EFCBB8E6B0CD507AC8528CCB8FF'}].  Possible unexpected error? (Typical or expected login exceptions should extend from AuthenticationException).
2018-11-24 14:14:18.056 - INFO 43112 [xecutorLoop-1-2] i.l.core.protocol.ConnectionWatchdog     : Reconnecting, last destination was /193.112.251.82:6380
2018-11-24 14:14:18.082 - INFO 43112 [ioEventLoop-4-2] i.l.core.protocol.ReconnectionHandler    : Reconnected to 193.112.251.82:6380
2018-11-24 14:14:24.847 - INFO 43112 [nio-9095-exec-9] com.luwei.module.shiro.base.TokenRealm   : userId:19----token:56450EFCBB8E6B0CD507AC8528CCB8FF
2018-11-24 14:18:54.395 - WARN 43112 [l-1 housekeeper] com.zaxxer.hikari.pool.HikariPool        : HikariPool-1 - Thread starvation or clock leap detected (housekeeper delta=4m48s774ms199s322ns).
2018-11-24 15:00:00.019 - INFO 43112 [ryBean_Worker-3] c.l.services.activity.ActivityService    : 
2018-11-24 15:00:00.174 - INFO 43112 [ryBean_Worker-3] c.l.services.activity.ActivityService    : 
