2018-12-11 00:19:51.524 - INFO 520 [           main] com.luwei.WebApplication                 : Starting WebApplication on PC-20170920CQZX with PID 520 (D:\idea\project\topshow\web\target\classes started by Administrator in D:\idea\project\topshow)
2018-12-11 00:19:51.533 - INFO 520 [           main] com.luwei.WebApplication                 : The following profiles are active: pro
2018-12-11 00:19:51.581 - INFO 520 [           main] ConfigServletWebServerApplicationContext : Refreshing org.springframework.boot.web.servlet.context.AnnotationConfigServletWebServerApplicationContext@1ae67cad: startup date [Tue Dec 11 00:19:51 CST 2018]; root of context hierarchy
2018-12-11 00:19:53.001 - INFO 520 [           main] .s.d.r.c.RepositoryConfigurationDelegate : Multiple Spring Data modules found, entering strict repository configuration mode!
2018-12-11 00:19:53.295 - INFO 520 [           main] .s.d.r.c.RepositoryConfigurationDelegate : Multiple Spring Data modules found, entering strict repository configuration mode!
2018-12-11 00:19:53.339 - INFO 520 [           main] .RepositoryConfigurationExtensionSupport : Spring Data Redis - Could not safely identify store assignment for repository candidate interface com.luwei.models.activity.ActivityDao.
2018-12-11 00:19:53.340 - INFO 520 [           main] .RepositoryConfigurationExtensionSupport : Spring Data Redis - Could not safely identify store assignment for repository candidate interface com.luwei.models.activity.category.ActivityCategoryDao.
2018-12-11 00:19:53.340 - INFO 520 [           main] .RepositoryConfigurationExtensionSupport : Spring Data Redis - Could not safely identify store assignment for repository candidate interface com.luwei.models.activity.order.ActivityOrderDao.
2018-12-11 00:19:53.341 - INFO 520 [           main] .RepositoryConfigurationExtensionSupport : Spring Data Redis - Could not safely identify store assignment for repository candidate interface com.luwei.models.activity.order.subcard.ActivitySubCardOrderDao.
2018-12-11 00:19:53.341 - INFO 520 [           main] .RepositoryConfigurationExtensionSupport : Spring Data Redis - Could not safely identify store assignment for repository candidate interface com.luwei.models.activity.series.ActivitySeriesDao.
2018-12-11 00:19:53.341 - INFO 520 [           main] .RepositoryConfigurationExtensionSupport : Spring Data Redis - Could not safely identify store assignment for repository candidate interface com.luwei.models.activity.subcard.ActivitySubCardDao.
2018-12-11 00:19:53.341 - INFO 520 [           main] .RepositoryConfigurationExtensionSupport : Spring Data Redis - Could not safely identify store assignment for repository candidate interface com.luwei.models.address.AddressDao.
2018-12-11 00:19:53.342 - INFO 520 [           main] .RepositoryConfigurationExtensionSupport : Spring Data Redis - Could not safely identify store assignment for repository candidate interface com.luwei.models.area.AreaDao.
2018-12-11 00:19:53.342 - INFO 520 [           main] .RepositoryConfigurationExtensionSupport : Spring Data Redis - Could not safely identify store assignment for repository candidate interface com.luwei.models.banner.BannerDao.
2018-12-11 00:19:53.342 - INFO 520 [           main] .RepositoryConfigurationExtensionSupport : Spring Data Redis - Could not safely identify store assignment for repository candidate interface com.luwei.models.bill.BillDao.
2018-12-11 00:19:53.342 - INFO 520 [           main] .RepositoryConfigurationExtensionSupport : Spring Data Redis - Could not safely identify store assignment for repository candidate interface com.luwei.models.checkIn.CheckInDao.
2018-12-11 00:19:53.343 - INFO 520 [           main] .RepositoryConfigurationExtensionSupport : Spring Data Redis - Could not safely identify store assignment for repository candidate interface com.luwei.models.collect.CollectDao.
2018-12-11 00:19:53.343 - INFO 520 [           main] .RepositoryConfigurationExtensionSupport : Spring Data Redis - Could not safely identify store assignment for repository candidate interface com.luwei.models.coupon.CouponDao.
2018-12-11 00:19:53.344 - INFO 520 [           main] .RepositoryConfigurationExtensionSupport : Spring Data Redis - Could not safely identify store assignment for repository candidate interface com.luwei.models.course.CourseDao.
2018-12-11 00:19:53.344 - INFO 520 [           main] .RepositoryConfigurationExtensionSupport : Spring Data Redis - Could not safely identify store assignment for repository candidate interface com.luwei.models.courseEnrolment.CourseEnrolmentDao.
2018-12-11 00:19:53.344 - INFO 520 [           main] .RepositoryConfigurationExtensionSupport : Spring Data Redis - Could not safely identify store assignment for repository candidate interface com.luwei.models.evaluate.EvaluateDao.
2018-12-11 00:19:53.345 - INFO 520 [           main] .RepositoryConfigurationExtensionSupport : Spring Data Redis - Could not safely identify store assignment for repository candidate interface com.luwei.models.goods.category.GoodsCategoryDao.
2018-12-11 00:19:53.345 - INFO 520 [           main] .RepositoryConfigurationExtensionSupport : Spring Data Redis - Could not safely identify store assignment for repository candidate interface com.luwei.models.goods.GoodsDao.
2018-12-11 00:19:53.345 - INFO 520 [           main] .RepositoryConfigurationExtensionSupport : Spring Data Redis - Could not safely identify store assignment for repository candidate interface com.luwei.models.integralbill.IntegralBillDao.
2018-12-11 00:19:53.345 - INFO 520 [           main] .RepositoryConfigurationExtensionSupport : Spring Data Redis - Could not safely identify store assignment for repository candidate interface com.luwei.models.integralset.IntegralSetDao.
2018-12-11 00:19:53.346 - INFO 520 [           main] .RepositoryConfigurationExtensionSupport : Spring Data Redis - Could not safely identify store assignment for repository candidate interface com.luwei.models.manager.ManagerDao.
2018-12-11 00:19:53.347 - INFO 520 [           main] .RepositoryConfigurationExtensionSupport : Spring Data Redis - Could not safely identify store assignment for repository candidate interface com.luwei.models.membershipcard.MembershipCardDao.
2018-12-11 00:19:53.347 - INFO 520 [           main] .RepositoryConfigurationExtensionSupport : Spring Data Redis - Could not safely identify store assignment for repository candidate interface com.luwei.models.membershipcard.order.MembershipCardOrderDao.
2018-12-11 00:19:53.347 - INFO 520 [           main] .RepositoryConfigurationExtensionSupport : Spring Data Redis - Could not safely identify store assignment for repository candidate interface com.luwei.models.order.detail.OrderDetailDao.
2018-12-11 00:19:53.348 - INFO 520 [           main] .RepositoryConfigurationExtensionSupport : Spring Data Redis - Could not safely identify store assignment for repository candidate interface com.luwei.models.order.OrderDao.
2018-12-11 00:19:53.348 - INFO 520 [           main] .RepositoryConfigurationExtensionSupport : Spring Data Redis - Could not safely identify store assignment for repository candidate interface com.luwei.models.photo.PhotoDao.
2018-12-11 00:19:53.348 - INFO 520 [           main] .RepositoryConfigurationExtensionSupport : Spring Data Redis - Could not safely identify store assignment for repository candidate interface com.luwei.models.property.PropertyDao.
2018-12-11 00:19:53.348 - INFO 520 [           main] .RepositoryConfigurationExtensionSupport : Spring Data Redis - Could not safely identify store assignment for repository candidate interface com.luwei.models.refund.RefundDao.
2018-12-11 00:19:53.348 - INFO 520 [           main] .RepositoryConfigurationExtensionSupport : Spring Data Redis - Could not safely identify store assignment for repository candidate interface com.luwei.models.shop.ShopDao.
2018-12-11 00:19:53.349 - INFO 520 [           main] .RepositoryConfigurationExtensionSupport : Spring Data Redis - Could not safely identify store assignment for repository candidate interface com.luwei.models.shopping.ShoppingDao.
2018-12-11 00:19:53.349 - INFO 520 [           main] .RepositoryConfigurationExtensionSupport : Spring Data Redis - Could not safely identify store assignment for repository candidate interface com.luwei.models.specification.SpecificationDao.
2018-12-11 00:19:53.349 - INFO 520 [           main] .RepositoryConfigurationExtensionSupport : Spring Data Redis - Could not safely identify store assignment for repository candidate interface com.luwei.models.store.StoreDao.
2018-12-11 00:19:53.349 - INFO 520 [           main] .RepositoryConfigurationExtensionSupport : Spring Data Redis - Could not safely identify store assignment for repository candidate interface com.luwei.models.task.TaskRepository.
2018-12-11 00:19:53.352 - INFO 520 [           main] .RepositoryConfigurationExtensionSupport : Spring Data Redis - Could not safely identify store assignment for repository candidate interface com.luwei.models.user.coupon.UserCouponDao.
2018-12-11 00:19:53.352 - INFO 520 [           main] .RepositoryConfigurationExtensionSupport : Spring Data Redis - Could not safely identify store assignment for repository candidate interface com.luwei.models.user.receiving.ReceivingAddressDao.
2018-12-11 00:19:53.352 - INFO 520 [           main] .RepositoryConfigurationExtensionSupport : Spring Data Redis - Could not safely identify store assignment for repository candidate interface com.luwei.models.user.UserDao.
2018-12-11 00:19:53.702 - INFO 520 [           main] trationDelegate$BeanPostProcessorChecker : Bean 'shiroConfig' of type [com.luwei.module.shiro.base.ShiroConfig$$EnhancerBySpringCGLIB$$c028af45] is not eligible for getting processed by all BeanPostProcessors (for example: not eligible for auto-proxying)
2018-12-11 00:19:53.792 - INFO 520 [           main] trationDelegate$BeanPostProcessorChecker : Bean 'org.springframework.boot.context.properties.ConversionServiceDeducer$Factory' of type [org.springframework.boot.context.properties.ConversionServiceDeducer$Factory] is not eligible for getting processed by all BeanPostProcessors (for example: not eligible for auto-proxying)
2018-12-11 00:19:53.805 - INFO 520 [           main] trationDelegate$BeanPostProcessorChecker : Bean 'shiroModuleProperties' of type [com.luwei.module.shiro.base.ShiroModuleProperties$$EnhancerBySpringCGLIB$$3b9b56e2] is not eligible for getting processed by all BeanPostProcessors (for example: not eligible for auto-proxying)
2018-12-11 00:19:53.809 - INFO 520 [           main] trationDelegate$BeanPostProcessorChecker : Bean 'org.springframework.boot.autoconfigure.data.redis.RedisAutoConfiguration' of type [org.springframework.boot.autoconfigure.data.redis.RedisAutoConfiguration$$EnhancerBySpringCGLIB$$b88ab650] is not eligible for getting processed by all BeanPostProcessors (for example: not eligible for auto-proxying)
2018-12-11 00:19:53.819 - INFO 520 [           main] trationDelegate$BeanPostProcessorChecker : Bean 'spring.redis-org.springframework.boot.autoconfigure.data.redis.RedisProperties' of type [org.springframework.boot.autoconfigure.data.redis.RedisProperties] is not eligible for getting processed by all BeanPostProcessors (for example: not eligible for auto-proxying)
2018-12-11 00:19:53.830 - INFO 520 [           main] trationDelegate$BeanPostProcessorChecker : Bean 'org.springframework.boot.autoconfigure.data.redis.LettuceConnectionConfiguration' of type [org.springframework.boot.autoconfigure.data.redis.LettuceConnectionConfiguration$$EnhancerBySpringCGLIB$$d80d495e] is not eligible for getting processed by all BeanPostProcessors (for example: not eligible for auto-proxying)
2018-12-11 00:19:53.912 - INFO 520 [           main] trationDelegate$BeanPostProcessorChecker : Bean 'lettuceClientResources' of type [io.lettuce.core.resource.DefaultClientResources] is not eligible for getting processed by all BeanPostProcessors (for example: not eligible for auto-proxying)
2018-12-11 00:19:53.999 - INFO 520 [           main] trationDelegate$BeanPostProcessorChecker : Bean 'redisConnectionFactory' of type [org.springframework.data.redis.connection.lettuce.LettuceConnectionFactory] is not eligible for getting processed by all BeanPostProcessors (for example: not eligible for auto-proxying)
2018-12-11 00:19:54.030 - INFO 520 [           main] trationDelegate$BeanPostProcessorChecker : Bean 'stringRedisTemplate' of type [org.springframework.data.redis.core.StringRedisTemplate] is not eligible for getting processed by all BeanPostProcessors (for example: not eligible for auto-proxying)
2018-12-11 00:19:54.030 - INFO 520 [           main] trationDelegate$BeanPostProcessorChecker : Bean 'tokenRealm' of type [com.luwei.module.shiro.base.TokenRealm] is not eligible for getting processed by all BeanPostProcessors (for example: not eligible for auto-proxying)
2018-12-11 00:19:54.524 - INFO 520 [           main] trationDelegate$BeanPostProcessorChecker : Bean 'defaultSessionManager' of type [org.apache.shiro.session.mgt.DefaultSessionManager] is not eligible for getting processed by all BeanPostProcessors (for example: not eligible for auto-proxying)
2018-12-11 00:19:54.524 - WARN 520 [           main] o.a.s.web.mgt.DefaultWebSecurityManager  : The org.apache.shiro.web.mgt.DefaultWebSecurityManager implementation expects SessionManager instances that implement the org.apache.shiro.web.session.mgt.WebSessionManager interface.  The configured instance is of type [org.apache.shiro.session.mgt.DefaultSessionManager] which does not implement this interface..  This may cause unexpected behavior.
2018-12-11 00:19:54.533 - INFO 520 [           main] trationDelegate$BeanPostProcessorChecker : Bean 'securityManager' of type [org.apache.shiro.web.mgt.DefaultWebSecurityManager] is not eligible for getting processed by all BeanPostProcessors (for example: not eligible for auto-proxying)
2018-12-11 00:19:54.534 - INFO 520 [           main] com.luwei.module.shiro.base.ShiroConfig  : Mapped "{[/api/banner]}"
2018-12-11 00:19:54.534 - INFO 520 [           main] com.luwei.module.shiro.base.ShiroConfig  : Mapped "{[/api/file/upload/**]}"
2018-12-11 00:19:54.534 - INFO 520 [           main] com.luwei.module.shiro.base.ShiroConfig  : Mapped "{[/api/sms/send]}"
2018-12-11 00:19:54.534 - INFO 520 [           main] com.luwei.module.shiro.base.ShiroConfig  : Mapped "{[/api/wx/login]}"
2018-12-11 00:19:54.534 - INFO 520 [           main] com.luwei.module.shiro.base.ShiroConfig  : Mapped "{[/api/wx/token]}"
2018-12-11 00:19:54.535 - INFO 520 [           main] com.luwei.module.shiro.base.ShiroConfig  : Mapped "{[/api/wx/openid]}"
2018-12-11 00:19:54.535 - INFO 520 [           main] com.luwei.module.shiro.base.ShiroConfig  : Mapped "{[/api/pay/*]}"
2018-12-11 00:19:54.535 - INFO 520 [           main] com.luwei.module.shiro.base.ShiroConfig  : Mapped "{[/api/evaluate]}"
2018-12-11 00:19:54.535 - INFO 520 [           main] com.luwei.module.shiro.base.ShiroConfig  : Mapped "{[/api/wx]}"
2018-12-11 00:19:54.535 - INFO 520 [           main] com.luwei.module.shiro.base.ShiroConfig  : Mapped "{[/api/**]}"
2018-12-11 00:19:54.632 - INFO 520 [           main] trationDelegate$BeanPostProcessorChecker : Bean 'advisor' of type [org.apache.shiro.spring.security.interceptor.AuthorizationAttributeSourceAdvisor] is not eligible for getting processed by all BeanPostProcessors (for example: not eligible for auto-proxying)
2018-12-11 00:19:54.772 - INFO 520 [           main] trationDelegate$BeanPostProcessorChecker : Bean 'org.springframework.transaction.annotation.ProxyTransactionManagementConfiguration' of type [org.springframework.transaction.annotation.ProxyTransactionManagementConfiguration$$EnhancerBySpringCGLIB$$c2f38b14] is not eligible for getting processed by all BeanPostProcessors (for example: not eligible for auto-proxying)
2018-12-11 00:19:55.287 - INFO 520 [           main] o.s.b.w.embedded.tomcat.TomcatWebServer  : Tomcat initialized with port(s): 9097 (http)
2018-12-11 00:19:55.302 - INFO 520 [           main] o.a.coyote.http11.Http11NioProtocol      : Initializing ProtocolHandler ["http-nio-9097"]
2018-12-11 00:19:55.318 - INFO 520 [           main] o.apache.catalina.core.StandardService   : Starting service [Tomcat]
2018-12-11 00:19:55.318 - INFO 520 [           main] org.apache.catalina.core.StandardEngine  : Starting Servlet Engine: Apache Tomcat/8.5.34
2018-12-11 00:19:55.323 - INFO 520 [ost-startStop-1] o.a.catalina.core.AprLifecycleListener   : The APR based Apache Tomcat Native library which allows optimal performance in production environments was not found on the java.library.path: [C:\Program Files\Java\jdk1.8.0_144\bin;C:\Windows\Sun\Java\bin;C:\Windows\system32;C:\Windows;D:\maven\apache-maven-3.5.2\bin;D:\mysql-5.6.37\bin;C:\Program Files\Java\jdk1.8.0_144\bin;C:\ProgramData\Oracle\Java\javapath;C:\Windows\system32;C:\Windows;C:\Windows\System32\Wbem;C:\Windows\System32\WindowsPowerShell\v1.0\;D:\Program Files\Git\cmd;D:\Program Files\TortoiseSVN\bin;D:\Program Files\nodejs\;C:\Program Files (x86)\Microsoft SQL Server\80\Tools\Binn\;D:\Program Files\Microsoft SQL Server\90\DTS\Binn\;D:\Program Files\Microsoft SQL Server\90\Tools\binn\;D:\Program Files\Microsoft SQL Server (x86)\90\Tools\binn\;D:\Program Files\Microsoft SQL Server (x86)\90\DTS\Binn\;D:\Program Files\Microsoft SQL Server (x86)\90\Tools\Binn\VSShell\Common7\IDE\;C:\Program Files (x86)\Microsoft Visual Studio 8\Common7\IDE\PrivateAssemblies\;C:\Program Files (x86)\MySQL\MySQL Fabric 1.5.4 & MySQL Utilities 1.5.4 1.5\;C:\Program Files (x86)\MySQL\MySQL Fabric 1.5.4 & MySQL Utilities 1.5.4 1.5\Doctrine extensions for PHP\;;d:\Program Files (x86)\Microsoft VS Code\bin;C:\Users\Administrator\AppData\Roaming\npm;.]
2018-12-11 00:19:55.463 - INFO 520 [ost-startStop-1] o.a.c.c.C.[Tomcat].[localhost].[/]       : Initializing Spring embedded WebApplicationContext
2018-12-11 00:19:55.463 - INFO 520 [ost-startStop-1] o.s.web.context.ContextLoader            : Root WebApplicationContext: initialization completed in 3882 ms
2018-12-11 00:19:55.599 - INFO 520 [ost-startStop-1] o.s.b.w.servlet.ServletRegistrationBean  : Servlet dispatcherServlet mapped to [/]
2018-12-11 00:19:55.606 - INFO 520 [ost-startStop-1] o.s.b.w.servlet.FilterRegistrationBean   : Mapping filter: 'characterEncodingFilter' to: [/*]
2018-12-11 00:19:55.608 - INFO 520 [ost-startStop-1] o.s.b.w.servlet.FilterRegistrationBean   : Mapping filter: 'hiddenHttpMethodFilter' to: [/*]
2018-12-11 00:19:55.608 - INFO 520 [ost-startStop-1] o.s.b.w.servlet.FilterRegistrationBean   : Mapping filter: 'httpPutFormContentFilter' to: [/*]
2018-12-11 00:19:55.608 - INFO 520 [ost-startStop-1] o.s.b.w.servlet.FilterRegistrationBean   : Mapping filter: 'requestContextFilter' to: [/*]
2018-12-11 00:19:55.608 - INFO 520 [ost-startStop-1] o.s.b.w.servlet.FilterRegistrationBean   : Mapping filter: 'shiroFilter' to: [/*]
2018-12-11 00:19:55.860 - INFO 520 [           main] com.zaxxer.hikari.HikariDataSource       : HikariPool-1 - Starting...
2018-12-11 00:19:56.326 - INFO 520 [           main] com.zaxxer.hikari.HikariDataSource       : HikariPool-1 - Start completed.
2018-12-11 00:19:56.393 - INFO 520 [           main] j.LocalContainerEntityManagerFactoryBean : Building JPA container EntityManagerFactory for persistence unit 'default'
2018-12-11 00:19:56.406 - INFO 520 [           main] o.hibernate.jpa.internal.util.LogHelper  : HHH000204: Processing PersistenceUnitInfo [
	name: default
	...]
2018-12-11 00:19:56.474 - INFO 520 [           main] org.hibernate.Version                    : HHH000412: Hibernate Core {5.2.17.Final}
2018-12-11 00:19:56.476 - INFO 520 [           main] org.hibernate.cfg.Environment            : HHH000206: hibernate.properties not found
2018-12-11 00:19:56.521 - INFO 520 [           main] o.hibernate.annotations.common.Version   : HCANN000001: Hibernate Commons Annotations {5.0.1.Final}
2018-12-11 00:19:56.686 - INFO 520 [           main] org.hibernate.dialect.Dialect            : HHH000400: Using dialect: org.hibernate.dialect.MySQL5Dialect
2018-12-11 00:19:59.059 - INFO 520 [           main] j.LocalContainerEntityManagerFactoryBean : Initialized JPA EntityManagerFactory for persistence unit 'default'
2018-12-11 00:19:59.462 - INFO 520 [           main] o.h.h.i.QueryTranslatorFactoryInitiator  : HHH000397: Using ASTQueryTranslatorFactory
2018-12-11 00:20:02.012 - INFO 520 [           main] org.quartz.impl.StdSchedulerFactory      : Using default implementation for ThreadExecutor
2018-12-11 00:20:02.027 - INFO 520 [           main] org.quartz.core.SchedulerSignalerImpl    : Initialized Scheduler Signaller of type: class org.quartz.core.SchedulerSignalerImpl
2018-12-11 00:20:02.028 - INFO 520 [           main] org.quartz.core.QuartzScheduler          : Quartz Scheduler v.2.3.0 created.
2018-12-11 00:20:02.029 - INFO 520 [           main] org.quartz.simpl.RAMJobStore             : RAMJobStore initialized.
2018-12-11 00:20:02.030 - INFO 520 [           main] org.quartz.core.QuartzScheduler          : Scheduler meta-data: Quartz Scheduler (v2.3.0) 'schedulerFactoryBean' with instanceId 'NON_CLUSTERED'
  Scheduler class: 'org.quartz.core.QuartzScheduler' - running locally.
  NOT STARTED.
  Currently in standby mode.
  Number of jobs executed: 0
  Using thread pool 'org.quartz.simpl.SimpleThreadPool' - with 10 threads.
  Using job-store 'org.quartz.simpl.RAMJobStore' - which does not support persistence. and is not clustered.

2018-12-11 00:20:02.030 - INFO 520 [           main] org.quartz.impl.StdSchedulerFactory      : Quartz scheduler 'schedulerFactoryBean' initialized from an externally provided properties instance.
2018-12-11 00:20:02.030 - INFO 520 [           main] org.quartz.impl.StdSchedulerFactory      : Quartz scheduler version: 2.3.0
2018-12-11 00:20:02.031 - INFO 520 [           main] org.quartz.core.QuartzScheduler          : JobFactory set to: com.luwei.task.JobFactory@106ac5f4
2018-12-11 00:20:02.640 - WARN 520 [           main] aWebConfiguration$JpaWebMvcConfiguration : spring.jpa.open-in-view is enabled by default. Therefore, database queries may be performed during view rendering. Explicitly configure spring.jpa.open-in-view to disable this warning
2018-12-11 00:20:02.812 - INFO 520 [           main] s.w.s.m.m.a.RequestMappingHandlerMapping : Mapped "{[/api/category/list],methods=[GET]}" onto public java.util.List<com.luwei.services.activity.category.web.ActivityCategoryListVO> com.luwei.controller.ActivityCategoryController.list()
2018-12-11 00:20:02.819 - INFO 520 [           main] s.w.s.m.m.a.RequestMappingHandlerMapping : Mapped "{[/api/activity/list],methods=[GET]}" onto public org.springframework.data.domain.Page<com.luwei.services.activity.web.ActivityWebListVO> com.luwei.controller.ActivityController.list(java.lang.Integer,java.lang.Integer,org.springframework.data.domain.Pageable)
2018-12-11 00:20:02.820 - INFO 520 [           main] s.w.s.m.m.a.RequestMappingHandlerMapping : Mapped "{[/api/activity/search],methods=[GET]}" onto public org.springframework.data.domain.Page<com.luwei.services.activity.web.ActivityWebListVO> com.luwei.controller.ActivityController.search(java.lang.Integer,java.lang.String,org.springframework.data.domain.Pageable)
2018-12-11 00:20:02.820 - INFO 520 [           main] s.w.s.m.m.a.RequestMappingHandlerMapping : Mapped "{[/api/activity/commit],methods=[POST]}" onto public com.luwei.common.Response com.luwei.controller.ActivityController.commit(com.luwei.services.activity.order.web.ActivityAddDTO,javax.servlet.http.HttpServletRequest) throws java.lang.Exception
2018-12-11 00:20:02.820 - INFO 520 [           main] s.w.s.m.m.a.RequestMappingHandlerMapping : Mapped "{[/api/activity/handpick],methods=[GET]}" onto public com.luwei.services.activity.web.HandpickVO com.luwei.controller.ActivityController.handpick(java.lang.Integer,java.lang.Integer)
2018-12-11 00:20:02.820 - INFO 520 [           main] s.w.s.m.m.a.RequestMappingHandlerMapping : Mapped "{[/api/activity/series],methods=[GET]}" onto public java.util.List<com.luwei.services.activity.series.web.ActivitySeriesListVO> com.luwei.controller.ActivityController.seriesActivity(java.lang.Integer,java.lang.Integer)
2018-12-11 00:20:02.820 - INFO 520 [           main] s.w.s.m.m.a.RequestMappingHandlerMapping : Mapped "{[/api/activity/apply],methods=[POST]}" onto public com.luwei.services.activity.web.ActivityApplyVO com.luwei.controller.ActivityController.applyActivity(java.lang.Integer)
2018-12-11 00:20:02.821 - INFO 520 [           main] s.w.s.m.m.a.RequestMappingHandlerMapping : Mapped "{[/api/activity/affirm],methods=[POST]}" onto public com.luwei.services.activity.web.ActivityAffirmVO com.luwei.controller.ActivityController.affirmActivity(com.luwei.services.activity.web.ActivityApplyDTO)
2018-12-11 00:20:02.821 - INFO 520 [           main] s.w.s.m.m.a.RequestMappingHandlerMapping : Mapped "{[/api/activity/city],methods=[GET]}" onto public java.util.List<com.luwei.services.area.web.CityListVO> com.luwei.controller.ActivityController.activityCityList()
2018-12-11 00:20:02.821 - INFO 520 [           main] s.w.s.m.m.a.RequestMappingHandlerMapping : Mapped "{[/api/activity/recommend],methods=[GET]}" onto public org.springframework.data.domain.Page<com.luwei.services.activity.web.ActivityWebListVO> com.luwei.controller.ActivityController.recommend(java.lang.Integer,org.springframework.data.domain.Pageable)
2018-12-11 00:20:02.821 - INFO 520 [           main] s.w.s.m.m.a.RequestMappingHandlerMapping : Mapped "{[/api/activity/like],methods=[GET]}" onto public org.springframework.data.domain.Page<com.luwei.services.activity.web.ActivityWebListVO> com.luwei.controller.ActivityController.guessLike(java.lang.Integer,org.springframework.data.domain.Pageable)
2018-12-11 00:20:02.822 - INFO 520 [           main] s.w.s.m.m.a.RequestMappingHandlerMapping : Mapped "{[/api/activity/subCard],methods=[GET]}" onto public com.luwei.common.Response com.luwei.controller.ActivityController.activitySubCard(java.lang.Integer)
2018-12-11 00:20:02.822 - INFO 520 [           main] s.w.s.m.m.a.RequestMappingHandlerMapping : Mapped "{[/api/activity/detail],methods=[GET]}" onto public com.luwei.services.activity.web.ActivityDetailVO com.luwei.controller.ActivityController.activityWebDetail(java.lang.Integer,java.lang.Integer)
2018-12-11 00:20:02.822 - INFO 520 [           main] s.w.s.m.m.a.RequestMappingHandlerMapping : Mapped "{[/api/activity/series/list],methods=[GET]}" onto public java.util.List<com.luwei.services.activity.series.web.SeriesListVO> com.luwei.controller.ActivityController.seriesActivityList()
2018-12-11 00:20:02.824 - INFO 520 [           main] s.w.s.m.m.a.RequestMappingHandlerMapping : Mapped "{[/api/activity/category],methods=[GET]}" onto public org.springframework.data.domain.Page<com.luwei.services.activity.web.ActivityWebListVO> com.luwei.controller.ActivityController.activityCategoryPage(java.lang.Integer,java.lang.Integer,org.springframework.data.domain.Pageable)
2018-12-11 00:20:02.824 - INFO 520 [           main] s.w.s.m.m.a.RequestMappingHandlerMapping : Mapped "{[/api/activity/purchase],methods=[POST]}" onto public com.luwei.common.Response com.luwei.controller.ActivityController.purchaseActivitySubCard(com.luwei.services.activity.order.web.ActivitySubCardAddDTO,javax.servlet.http.HttpServletRequest)
2018-12-11 00:20:02.824 - INFO 520 [           main] s.w.s.m.m.a.RequestMappingHandlerMapping : Mapped "{[/api/activity/enrolment],methods=[POST]}" onto public com.luwei.common.Response com.luwei.controller.ActivityController.enrolmentActivities(java.lang.Integer,java.lang.Integer)
2018-12-11 00:20:02.826 - INFO 520 [           main] s.w.s.m.m.a.RequestMappingHandlerMapping : Mapped "{[/api/activity/order],methods=[DELETE]}" onto public void com.luwei.controller.ActivityOrderController.delete(java.lang.Integer,java.lang.Integer)
2018-12-11 00:20:02.826 - INFO 520 [           main] s.w.s.m.m.a.RequestMappingHandlerMapping : Mapped "{[/api/activity/order/one],methods=[GET]}" onto public com.luwei.services.activity.order.web.ActivityOrderWebPageVO com.luwei.controller.ActivityOrderController.findOne(java.lang.Integer,java.lang.Integer)
2018-12-11 00:20:02.827 - INFO 520 [           main] s.w.s.m.m.a.RequestMappingHandlerMapping : Mapped "{[/api/activity/order/page],methods=[GET]}" onto public org.springframework.data.domain.Page<com.luwei.services.activity.order.web.ActivityOrderWebPageVO> com.luwei.controller.ActivityOrderController.page(org.springframework.data.domain.Pageable,java.lang.Integer,com.luwei.common.enums.status.ActivityOrderStatus)
2018-12-11 00:20:02.827 - INFO 520 [           main] s.w.s.m.m.a.RequestMappingHandlerMapping : Mapped "{[/api/activity/order/detail],methods=[GET]}" onto public com.luwei.services.activity.web.ActivityAffirmVO com.luwei.controller.ActivityOrderController.activityOrderDetail(java.lang.Integer)
2018-12-11 00:20:02.829 - INFO 520 [           main] s.w.s.m.m.a.RequestMappingHandlerMapping : Mapped "{[/api/area],methods=[GET]}" onto public java.util.List<com.luwei.services.area.cms.ProvinceVO> com.luwei.controller.AreaController.allArea()
2018-12-11 00:20:02.830 - INFO 520 [           main] s.w.s.m.m.a.RequestMappingHandlerMapping : Mapped "{[/api/area/one],methods=[GET]}" onto public com.luwei.services.area.cms.DistrictVO com.luwei.controller.AreaController.findOne(java.lang.Integer)
2018-12-11 00:20:02.830 - INFO 520 [           main] s.w.s.m.m.a.RequestMappingHandlerMapping : Mapped "{[/api/banner],methods=[GET]}" onto public org.springframework.data.domain.Page<com.luwei.services.banner.web.BannerWebVO> com.luwei.controller.BannerController.homePage(org.springframework.data.domain.Pageable,com.luwei.common.enums.type.BannerType,java.lang.Integer)
2018-12-11 00:20:02.831 - INFO 520 [           main] s.w.s.m.m.a.RequestMappingHandlerMapping : Mapped "{[/api/checkIn],methods=[GET]}" onto public com.luwei.services.checkIn.web.CheckInVo com.luwei.controller.CheckInController.getCheckInVo(java.lang.Integer)
2018-12-11 00:20:02.831 - INFO 520 [           main] s.w.s.m.m.a.RequestMappingHandlerMapping : Mapped "{[/api/checkIn],methods=[POST]}" onto public com.luwei.common.Response com.luwei.controller.CheckInController.saveCheckIn(java.lang.Integer)
2018-12-11 00:20:02.833 - INFO 520 [           main] s.w.s.m.m.a.RequestMappingHandlerMapping : Mapped "{[/api/collect],methods=[DELETE]}" onto public void com.luwei.controller.CollectController.delete(java.util.Set<java.lang.Integer>,com.luwei.common.enums.type.CollectType,java.lang.Integer)
2018-12-11 00:20:02.833 - INFO 520 [           main] s.w.s.m.m.a.RequestMappingHandlerMapping : Mapped "{[/api/collect],methods=[GET]}" onto public org.springframework.data.domain.Page<com.luwei.services.collect.web.CollectWebListVO> com.luwei.controller.CollectController.list(com.luwei.common.enums.type.CollectType,java.lang.Integer,org.springframework.data.domain.Pageable)
2018-12-11 00:20:02.833 - INFO 520 [           main] s.w.s.m.m.a.RequestMappingHandlerMapping : Mapped "{[/api/collect],methods=[PUT]}" onto public void com.luwei.controller.CollectController.save(java.lang.Integer,com.luwei.common.enums.type.CollectType,java.lang.Integer)
2018-12-11 00:20:02.834 - INFO 520 [           main] s.w.s.m.m.a.RequestMappingHandlerMapping : Mapped "{[/api/coupon/detail],methods=[GET]}" onto public com.luwei.services.coupon.web.CouponDetailWebVO com.luwei.controller.CouponController.detail(java.lang.Integer)
2018-12-11 00:20:02.834 - INFO 520 [           main] s.w.s.m.m.a.RequestMappingHandlerMapping : Mapped "{[/api/coupon/buy],methods=[POST]}" onto public com.luwei.common.Response<java.lang.String> com.luwei.controller.CouponController.buyCoupon(com.luwei.models.user.coupon.web.UserCouponAddDTO)
2018-12-11 00:20:02.834 - INFO 520 [           main] s.w.s.m.m.a.RequestMappingHandlerMapping : Mapped "{[/api/coupon/page],methods=[GET]}" onto public org.springframework.data.domain.Page<com.luwei.services.coupon.web.CouponWebVO> com.luwei.controller.CouponController.page(org.springframework.data.domain.Pageable,com.luwei.common.enums.type.SortType)
2018-12-11 00:20:02.835 - INFO 520 [           main] s.w.s.m.m.a.RequestMappingHandlerMapping : Mapped "{[/api/course/enrolment],methods=[POST]}" onto public com.luwei.common.Response com.luwei.controller.CourseController.enrolment(java.lang.Integer,java.lang.Integer,java.lang.Integer) throws com.aliyuncs.exceptions.ClientException
2018-12-11 00:20:02.835 - INFO 520 [           main] s.w.s.m.m.a.RequestMappingHandlerMapping : Mapped "{[/api/course/enrolmentCourse],methods=[GET]}" onto public org.springframework.data.domain.Page<com.luwei.services.course.web.CourseEnrolmentWebListVO> com.luwei.controller.CourseController.enrolmentCourseList(java.lang.Integer,java.lang.Integer,org.springframework.data.domain.Pageable)
2018-12-11 00:20:02.836 - INFO 520 [           main] s.w.s.m.m.a.RequestMappingHandlerMapping : Mapped "{[/api/evaluate],methods=[POST]}" onto public com.luwei.common.Response com.luwei.controller.EvaluateController.save(com.luwei.services.evaluate.web.EvaluateDTO)
2018-12-11 00:20:02.836 - INFO 520 [           main] s.w.s.m.m.a.RequestMappingHandlerMapping : Mapped "{[/api/evaluate],methods=[GET]}" onto public org.springframework.data.domain.Page<com.luwei.services.evaluate.web.EvaluateWebListVO> com.luwei.controller.EvaluateController.findEvaluate(org.springframework.data.domain.Pageable,java.lang.Integer,com.luwei.common.enums.type.EvaluateType)
2018-12-11 00:20:02.837 - INFO 520 [           main] s.w.s.m.m.a.RequestMappingHandlerMapping : Mapped "{[/api/goods/category/list],methods=[GET]}" onto public java.util.List<com.luwei.services.category.web.CategoryListVO> com.luwei.controller.GoodsCategoryController.list()
2018-12-11 00:20:02.839 - INFO 520 [           main] s.w.s.m.m.a.RequestMappingHandlerMapping : Mapped "{[/api/goods/detail],methods=[GET]}" onto public com.luwei.services.goods.web.GoodsDetailVO com.luwei.controller.GoodsController.detail(java.lang.Integer,java.lang.Integer)
2018-12-11 00:20:02.839 - INFO 520 [           main] s.w.s.m.m.a.RequestMappingHandlerMapping : Mapped "{[/api/goods/recommend],methods=[GET]}" onto public org.springframework.data.domain.Page<com.luwei.services.goods.web.StoreGoodsListVO> com.luwei.controller.GoodsController.recommend(org.springframework.data.domain.Pageable)
2018-12-11 00:20:02.839 - INFO 520 [           main] s.w.s.m.m.a.RequestMappingHandlerMapping : Mapped "{[/api/goods/like],methods=[GET]}" onto public org.springframework.data.domain.Page<com.luwei.services.goods.web.StoreGoodsListVO> com.luwei.controller.GoodsController.guessLike(java.lang.Integer,org.springframework.data.domain.Pageable)
2018-12-11 00:20:02.840 - INFO 520 [           main] s.w.s.m.m.a.RequestMappingHandlerMapping : Mapped "{[/api/goods/category/page],methods=[GET]}" onto public org.springframework.data.domain.Page<com.luwei.services.goods.web.StoreGoodsListVO> com.luwei.controller.GoodsController.categoryPage(java.lang.Integer,org.springframework.data.domain.Pageable)
2018-12-11 00:20:02.840 - INFO 520 [           main] s.w.s.m.m.a.RequestMappingHandlerMapping : Mapped "{[/api/integral/page],methods=[GET]}" onto public org.springframework.data.domain.Page<com.luwei.services.integral.bill.web.IntegralBillWebPageVO> com.luwei.controller.IntegralController.page(org.springframework.data.domain.Pageable,com.luwei.common.enums.type.BillType,java.lang.Integer)
2018-12-11 00:20:02.841 - INFO 520 [           main] s.w.s.m.m.a.RequestMappingHandlerMapping : Mapped "{[/api/membershipCard/order],methods=[POST]}" onto public com.luwei.common.Response com.luwei.controller.MembershipCardOrderController.save(com.luwei.services.membershipCard.order.web.MembershipCardAddOrder,javax.servlet.http.HttpServletRequest)
2018-12-11 00:20:02.842 - INFO 520 [           main] s.w.s.m.m.a.RequestMappingHandlerMapping : Mapped "{[/api/order],methods=[DELETE]}" onto public void com.luwei.controller.OrderController.delete(java.util.Set<java.lang.Integer>)
2018-12-11 00:20:02.842 - INFO 520 [           main] s.w.s.m.m.a.RequestMappingHandlerMapping : Mapped "{[/api/order/cancel],methods=[DELETE]}" onto public com.luwei.services.order.web.OrderWebPageVO com.luwei.controller.OrderController.cancel(java.lang.Integer)
2018-12-11 00:20:02.843 - INFO 520 [           main] s.w.s.m.m.a.RequestMappingHandlerMapping : Mapped "{[/api/order/create],methods=[POST]}" onto public com.luwei.services.order.web.AffirmOrderVO com.luwei.controller.OrderController.commit(com.luwei.services.order.web.OrderAddOneDTO)
2018-12-11 00:20:02.843 - INFO 520 [           main] s.w.s.m.m.a.RequestMappingHandlerMapping : Mapped "{[/api/order/one],methods=[GET]}" onto public com.luwei.services.order.web.OrderWebPageVO com.luwei.controller.OrderController.findOne(java.lang.Integer,java.lang.Integer)
2018-12-11 00:20:02.843 - INFO 520 [           main] s.w.s.m.m.a.RequestMappingHandlerMapping : Mapped "{[/api/order/page],methods=[GET]}" onto public org.springframework.data.domain.Page<com.luwei.services.order.web.OrderWebPageVO> com.luwei.controller.OrderController.page(org.springframework.data.domain.Pageable,java.lang.Integer,com.luwei.common.enums.status.OrderStatus)
2018-12-11 00:20:02.844 - INFO 520 [           main] s.w.s.m.m.a.RequestMappingHandlerMapping : Mapped "{[/api/order/pay],methods=[POST]}" onto public java.util.Map<java.lang.String, java.lang.String> com.luwei.controller.OrderController.payGoodsOrder(com.luwei.services.order.web.GoodsOrderPayDTO,javax.servlet.http.HttpServletRequest)
2018-12-11 00:20:02.844 - INFO 520 [           main] s.w.s.m.m.a.RequestMappingHandlerMapping : Mapped "{[/api/order/receiving],methods=[PUT]}" onto public com.luwei.common.Response com.luwei.controller.OrderController.receiving(java.lang.Integer)
2018-12-11 00:20:02.844 - INFO 520 [           main] s.w.s.m.m.a.RequestMappingHandlerMapping : Mapped "{[/api/order/address],methods=[PUT]}" onto public com.luwei.common.Response com.luwei.controller.OrderController.updateAddress(java.util.Set<java.lang.Integer>,java.lang.String,java.lang.String,java.lang.String)
2018-12-11 00:20:02.847 - INFO 520 [           main] s.w.s.m.m.a.RequestMappingHandlerMapping : Mapped "{[/api/order/detail],methods=[GET]}" onto public com.luwei.services.order.detail.web.OrderDetailSimpleVO com.luwei.controller.OrderDetailController.findOne(java.lang.Integer)
2018-12-11 00:20:02.848 - INFO 520 [           main] s.w.s.m.m.a.RequestMappingHandlerMapping : Mapped "{[/api/order/detail/unread],methods=[GET]}" onto public com.luwei.services.order.web.AffirmOrderVO com.luwei.controller.OrderDetailController.unreadOrderDetail(java.lang.Integer,java.lang.Integer)
2018-12-11 00:20:02.848 - INFO 520 [           main] s.w.s.m.m.a.RequestMappingHandlerMapping : Mapped "{[/api/photo],methods=[POST]}" onto public void com.luwei.controller.PhotoController.save(com.luwei.services.photo.web.PhotoUploadDTO)
2018-12-11 00:20:02.848 - INFO 520 [           main] s.w.s.m.m.a.RequestMappingHandlerMapping : Mapped "{[/api/photo/page],methods=[GET]}" onto public org.springframework.data.domain.Page<com.luwei.services.photo.web.PhotoWebPageVO> com.luwei.controller.PhotoController.page(org.springframework.data.domain.Pageable,java.lang.Integer)
2018-12-11 00:20:02.849 - INFO 520 [           main] s.w.s.m.m.a.RequestMappingHandlerMapping : Mapped "{[/api/refund],methods=[POST]}" onto public java.lang.Object com.luwei.controller.RefundController.refund(com.luwei.services.refund.web.RefundAddDTO)
2018-12-11 00:20:02.849 - INFO 520 [           main] s.w.s.m.m.a.RequestMappingHandlerMapping : Mapped "{[/api/shop/detail],methods=[GET]}" onto public com.luwei.services.shop.web.ShopDetailVO com.luwei.controller.ShopController.activityWebDetail(java.lang.Integer,java.lang.Integer)
2018-12-11 00:20:02.851 - INFO 520 [           main] s.w.s.m.m.a.RequestMappingHandlerMapping : Mapped "{[/api/shopping],methods=[PUT]}" onto public com.luwei.services.shopping.web.ShoppingPageVO com.luwei.controller.ShoppingController.update(com.luwei.services.shopping.web.ShoppingEditDTO)
2018-12-11 00:20:02.852 - INFO 520 [           main] s.w.s.m.m.a.RequestMappingHandlerMapping : Mapped "{[/api/shopping],methods=[DELETE]}" onto public void com.luwei.controller.ShoppingController.delete(java.util.Set<java.lang.Integer>,java.lang.Integer)
2018-12-11 00:20:02.852 - INFO 520 [           main] s.w.s.m.m.a.RequestMappingHandlerMapping : Mapped "{[/api/shopping],methods=[POST]}" onto public void com.luwei.controller.ShoppingController.save(com.luwei.services.shopping.web.ShoppingAddDTO)
2018-12-11 00:20:02.852 - INFO 520 [           main] s.w.s.m.m.a.RequestMappingHandlerMapping : Mapped "{[/api/shopping/page],methods=[GET]}" onto public org.springframework.data.domain.Page<com.luwei.services.shopping.web.ShoppingPageVO> com.luwei.controller.ShoppingController.page(org.springframework.data.domain.Pageable,java.lang.Integer)
2018-12-11 00:20:02.852 - INFO 520 [           main] s.w.s.m.m.a.RequestMappingHandlerMapping : Mapped "{[/api/shopping/clearing],methods=[POST]}" onto public com.luwei.services.order.web.AffirmOrderVO com.luwei.controller.ShoppingController.clearing(com.luwei.services.order.web.OrderAddDTO)
2018-12-11 00:20:02.853 - INFO 520 [           main] s.w.s.m.m.a.RequestMappingHandlerMapping : Mapped "{[/api/sms/send],methods=[GET]}" onto public void com.luwei.controller.SmsController.sendCode(java.lang.String) throws com.aliyuncs.exceptions.ClientException
2018-12-11 00:20:02.853 - INFO 520 [           main] s.w.s.m.m.a.RequestMappingHandlerMapping : Mapped "{[/api/store],methods=[GET]}" onto public com.luwei.services.store.web.StoreWebDetailVO com.luwei.controller.StoreController.storeDetail(java.lang.Integer,com.luwei.common.enums.type.SortType,com.luwei.common.enums.type.SortType,org.springframework.data.domain.Pageable)
2018-12-11 00:20:02.854 - INFO 520 [           main] s.w.s.m.m.a.RequestMappingHandlerMapping : Mapped "{[/api/template],methods=[PUT]}" onto public void com.luwei.controller.TemplateController.update(java.lang.Object)
2018-12-11 00:20:02.854 - INFO 520 [           main] s.w.s.m.m.a.RequestMappingHandlerMapping : Mapped "{[/api/template],methods=[DELETE]}" onto public void com.luwei.controller.TemplateController.delete(java.util.Set<java.lang.Integer>)
2018-12-11 00:20:02.855 - INFO 520 [           main] s.w.s.m.m.a.RequestMappingHandlerMapping : Mapped "{[/api/template],methods=[POST]}" onto public void com.luwei.controller.TemplateController.save(java.lang.Object)
2018-12-11 00:20:02.855 - INFO 520 [           main] s.w.s.m.m.a.RequestMappingHandlerMapping : Mapped "{[/api/template],methods=[GET]}" onto public void com.luwei.controller.TemplateController.findOne(java.lang.Integer)
2018-12-11 00:20:02.855 - INFO 520 [           main] s.w.s.m.m.a.RequestMappingHandlerMapping : Mapped "{[/api/template/page],methods=[GET]}" onto public void com.luwei.controller.TemplateController.page(org.springframework.data.domain.Pageable,java.lang.Object)
2018-12-11 00:20:02.856 - INFO 520 [           main] s.w.s.m.m.a.RequestMappingHandlerMapping : Mapped "{[/api/user/integral/total],methods=[GET]}" onto public com.luwei.common.Response com.luwei.controller.UserController.findOne(java.lang.Integer)
2018-12-11 00:20:02.856 - INFO 520 [           main] s.w.s.m.m.a.RequestMappingHandlerMapping : Mapped "{[/api/user/receiving],methods=[PUT]}" onto public com.luwei.services.user.address.web.UserAddressVO com.luwei.controller.UserController.addReceivingAddress(com.luwei.services.user.address.web.UserReceivingAddDTO)
2018-12-11 00:20:02.856 - INFO 520 [           main] s.w.s.m.m.a.RequestMappingHandlerMapping : Mapped "{[/api/user/binding],methods=[PUT]}" onto public com.luwei.common.Response<java.lang.String> com.luwei.controller.UserController.binding(java.lang.String,java.lang.Integer,java.lang.String)
2018-12-11 00:20:02.857 - INFO 520 [           main] s.w.s.m.m.a.RequestMappingHandlerMapping : Mapped "{[/api/user],methods=[PUT]}" onto public void com.luwei.controller.UserController.editUser(com.luwei.services.user.web.UserInfoAddDTO)
2018-12-11 00:20:02.857 - INFO 520 [           main] s.w.s.m.m.a.RequestMappingHandlerMapping : Mapped "{[/api/user],methods=[GET]}" onto public com.luwei.services.user.web.UserInfoVO com.luwei.controller.UserController.findUser(java.lang.Integer)
2018-12-11 00:20:02.858 - INFO 520 [           main] s.w.s.m.m.a.RequestMappingHandlerMapping : Mapped "{[/api/user/address],methods=[GET]}" onto public com.luwei.services.user.address.web.UserAddressVO com.luwei.controller.UserController.userAddress(java.lang.Integer)
2018-12-11 00:20:02.859 - INFO 520 [           main] s.w.s.m.m.a.RequestMappingHandlerMapping : Mapped "{[/api/user/memberCentre],methods=[GET]}" onto public com.luwei.common.Response com.luwei.controller.UserController.memberCentre(java.lang.Integer)
2018-12-11 00:20:02.859 - INFO 520 [           main] s.w.s.m.m.a.RequestMappingHandlerMapping : Mapped "{[/api/user/downloadPicture],methods=[GET]}" onto public com.luwei.common.Response com.luwei.controller.UserController.downloadPicture(java.lang.String)
2018-12-11 00:20:02.859 - INFO 520 [           main] s.w.s.m.m.a.RequestMappingHandlerMapping : Mapped "{[/api/user/shareUserDetails],methods=[GET]}" onto public com.luwei.common.Response com.luwei.controller.UserController.shareUserDetails(java.lang.Integer)
2018-12-11 00:20:02.860 - INFO 520 [           main] s.w.s.m.m.a.RequestMappingHandlerMapping : Mapped "{[/api/wx/openid],methods=[GET]}" onto public com.luwei.services.weixin.pojos.OpenidVO com.luwei.controller.WxController.openid(java.lang.String)
2018-12-11 00:20:02.860 - INFO 520 [           main] s.w.s.m.m.a.RequestMappingHandlerMapping : Mapped "{[/api/wx/login],methods=[POST]}" onto public com.luwei.services.user.web.UserWebVO com.luwei.controller.WxController.login(com.luwei.services.weixin.pojos.WxUserDTO)
2018-12-11 00:20:02.860 - INFO 520 [           main] s.w.s.m.m.a.RequestMappingHandlerMapping : Mapped "{[/api/wx/binding],methods=[PUT]}" onto public com.luwei.common.Response com.luwei.controller.WxController.bingingPhone(com.luwei.services.weixin.pojos.PhoneNumDTO) throws java.lang.Exception
2018-12-11 00:20:02.861 - INFO 520 [           main] s.w.s.m.m.a.RequestMappingHandlerMapping : Mapped "{[/api/pay/notify],methods=[POST || GET]}" onto public void com.luwei.controller.WxPayController.wxNotify(javax.servlet.http.HttpServletRequest,javax.servlet.http.HttpServletResponse) throws java.lang.Exception
2018-12-11 00:20:02.861 - INFO 520 [           main] s.w.s.m.m.a.RequestMappingHandlerMapping : Mapped "{[/api/pay/pay],methods=[POST || GET]}" onto public java.util.Map<java.lang.String, java.lang.String> com.luwei.controller.WxPayController.wxPay(javax.servlet.http.HttpServletRequest,java.lang.String) throws java.lang.Exception
2018-12-11 00:20:02.862 - INFO 520 [           main] s.w.s.m.m.a.RequestMappingHandlerMapping : Mapped "{[/api/file/upload/batch],methods=[POST]}" onto public com.luwei.module.qiniu.FileVO com.luwei.module.qiniu.QiNiuController.batch(org.springframework.web.multipart.MultipartFile[])
2018-12-11 00:20:02.863 - INFO 520 [           main] s.w.s.m.m.a.RequestMappingHandlerMapping : Mapped "{[/api/file/upload/token],methods=[GET]}" onto public com.luwei.module.qiniu.QiNiuToken com.luwei.module.qiniu.QiNiuController.getToken(java.lang.String)
2018-12-11 00:20:02.864 - INFO 520 [           main] s.w.s.m.m.a.RequestMappingHandlerMapping : Mapped "{[/api/file/upload/single],methods=[POST]}" onto public com.luwei.module.qiniu.FileVO com.luwei.module.qiniu.QiNiuController.single(org.springframework.web.multipart.MultipartFile)
2018-12-11 00:20:02.864 - INFO 520 [           main] s.w.s.m.m.a.RequestMappingHandlerMapping : Mapped "{[/api/file/upload/stream],methods=[POST]}" onto public com.luwei.module.qiniu.FileVO com.luwei.module.qiniu.QiNiuController.uploadByStream(java.io.InputStream)
2018-12-11 00:20:02.867 - INFO 520 [           main] s.w.s.m.m.a.RequestMappingHandlerMapping : Mapped "{[/swagger-resources/configuration/security]}" onto public org.springframework.http.ResponseEntity<springfox.documentation.swagger.web.SecurityConfiguration> springfox.documentation.swagger.web.ApiResourceController.securityConfiguration()
2018-12-11 00:20:02.868 - INFO 520 [           main] s.w.s.m.m.a.RequestMappingHandlerMapping : Mapped "{[/swagger-resources]}" onto public org.springframework.http.ResponseEntity<java.util.List<springfox.documentation.swagger.web.SwaggerResource>> springfox.documentation.swagger.web.ApiResourceController.swaggerResources()
2018-12-11 00:20:02.869 - INFO 520 [           main] s.w.s.m.m.a.RequestMappingHandlerMapping : Mapped "{[/swagger-resources/configuration/ui]}" onto public org.springframework.http.ResponseEntity<springfox.documentation.swagger.web.UiConfiguration> springfox.documentation.swagger.web.ApiResourceController.uiConfiguration()
2018-12-11 00:20:02.873 - INFO 520 [           main] s.w.s.m.m.a.RequestMappingHandlerMapping : Mapped "{[/error]}" onto public org.springframework.http.ResponseEntity<java.util.Map<java.lang.String, java.lang.Object>> org.springframework.boot.autoconfigure.web.servlet.error.BasicErrorController.error(javax.servlet.http.HttpServletRequest)
2018-12-11 00:20:02.874 - INFO 520 [           main] s.w.s.m.m.a.RequestMappingHandlerMapping : Mapped "{[/error],produces=[text/html]}" onto public org.springframework.web.servlet.ModelAndView org.springframework.boot.autoconfigure.web.servlet.error.BasicErrorController.errorHtml(javax.servlet.http.HttpServletRequest,javax.servlet.http.HttpServletResponse)
2018-12-11 00:20:03.107 - INFO 520 [           main] o.s.s.concurrent.ThreadPoolTaskExecutor  : Initializing ExecutorService
2018-12-11 00:20:03.116 - INFO 520 [           main] o.s.s.concurrent.ThreadPoolTaskExecutor  : Initializing ExecutorService 'taskExecutor'
2018-12-11 00:20:03.182 - INFO 520 [           main] pertySourcedRequestMappingHandlerMapping : Mapped URL path [/v2/api-docs] onto method [public org.springframework.http.ResponseEntity<springfox.documentation.spring.web.json.Json> springfox.documentation.swagger2.web.Swagger2Controller.getDocumentation(java.lang.String,javax.servlet.http.HttpServletRequest)]
2018-12-11 00:20:03.288 - INFO 520 [           main] o.s.w.s.handler.SimpleUrlHandlerMapping  : Mapped URL path [/**/favicon.ico] onto handler of type [class org.springframework.web.servlet.resource.ResourceHttpRequestHandler]
2018-12-11 00:20:03.460 - INFO 520 [           main] s.w.s.m.m.a.RequestMappingHandlerAdapter : Looking for @ControllerAdvice: org.springframework.boot.web.servlet.context.AnnotationConfigServletWebServerApplicationContext@1ae67cad: startup date [Tue Dec 11 00:19:51 CST 2018]; root of context hierarchy
2018-12-11 00:20:03.544 - INFO 520 [           main] o.s.w.s.handler.SimpleUrlHandlerMapping  : Mapped URL path [/webjars/**] onto handler of type [class org.springframework.web.servlet.resource.ResourceHttpRequestHandler]
2018-12-11 00:20:03.544 - INFO 520 [           main] o.s.w.s.handler.SimpleUrlHandlerMapping  : Mapped URL path [/**] onto handler of type [class org.springframework.web.servlet.resource.ResourceHttpRequestHandler]
2018-12-11 00:20:03.570 - INFO 520 [           main] .m.m.a.ExceptionHandlerExceptionResolver : Detected @ExceptionHandler methods in globalExceptionHandler
2018-12-11 00:20:03.619 - INFO 520 [           main] o.s.b.a.w.s.WelcomePageHandlerMapping    : Adding welcome page: class path resource [static/index.html]
2018-12-11 00:20:04.201 - INFO 520 [           main] o.s.j.e.a.AnnotationMBeanExporter        : Registering beans for JMX exposure on startup
2018-12-11 00:20:04.203 - INFO 520 [           main] o.s.j.e.a.AnnotationMBeanExporter        : Bean with name 'dataSource' has been autodetected for JMX exposure
2018-12-11 00:20:04.212 - INFO 520 [           main] o.s.j.e.a.AnnotationMBeanExporter        : Located MBean 'dataSource': registering with JMX server as MBean [com.zaxxer.hikari:name=dataSource,type=HikariDataSource]
2018-12-11 00:20:04.216 - INFO 520 [           main] o.s.c.support.DefaultLifecycleProcessor  : Starting beans in phase 2147483647
2018-12-11 00:20:04.216 - INFO 520 [           main] d.s.w.p.DocumentationPluginsBootstrapper : Context refreshed
2018-12-11 00:20:04.230 - INFO 520 [           main] d.s.w.p.DocumentationPluginsBootstrapper : Found 1 custom documentation plugin(s)
2018-12-11 00:20:04.282 - INFO 520 [           main] s.d.s.w.s.ApiListingReferenceScanner     : Scanning for api listing references
2018-12-11 00:20:04.528 - INFO 520 [           main] .d.s.w.r.o.CachingOperationNameGenerator : Generating unique operation named: listUsingGET_1
2018-12-11 00:20:04.566 - INFO 520 [           main] .d.s.w.r.o.CachingOperationNameGenerator : Generating unique operation named: findOneUsingGET_1
2018-12-11 00:20:04.579 - INFO 520 [           main] .d.s.w.r.o.CachingOperationNameGenerator : Generating unique operation named: deleteUsingDELETE_1
2018-12-11 00:20:04.585 - INFO 520 [           main] .d.s.w.r.o.CachingOperationNameGenerator : Generating unique operation named: listUsingGET_2
2018-12-11 00:20:04.600 - INFO 520 [           main] .d.s.w.r.o.CachingOperationNameGenerator : Generating unique operation named: pageUsingGET_1
2018-12-11 00:20:04.619 - INFO 520 [           main] .d.s.w.r.o.CachingOperationNameGenerator : Generating unique operation named: listUsingGET_3
2018-12-11 00:20:04.634 - INFO 520 [           main] .d.s.w.r.o.CachingOperationNameGenerator : Generating unique operation named: detailUsingGET_1
2018-12-11 00:20:04.635 - INFO 520 [           main] .d.s.w.r.o.CachingOperationNameGenerator : Generating unique operation named: guessLikeUsingGET_1
2018-12-11 00:20:04.636 - INFO 520 [           main] .d.s.w.r.o.CachingOperationNameGenerator : Generating unique operation named: recommendUsingGET_1
2018-12-11 00:20:04.643 - INFO 520 [           main] .d.s.w.r.o.CachingOperationNameGenerator : Generating unique operation named: pageUsingGET_2
2018-12-11 00:20:04.646 - INFO 520 [           main] .d.s.w.r.o.CachingOperationNameGenerator : Generating unique operation named: saveUsingPOST_1
2018-12-11 00:20:04.663 - INFO 520 [           main] .d.s.w.r.o.CachingOperationNameGenerator : Generating unique operation named: commitUsingPOST_1
2018-12-11 00:20:04.664 - INFO 520 [           main] .d.s.w.r.o.CachingOperationNameGenerator : Generating unique operation named: deleteUsingDELETE_2
2018-12-11 00:20:04.665 - INFO 520 [           main] .d.s.w.r.o.CachingOperationNameGenerator : Generating unique operation named: findOneUsingGET_2
2018-12-11 00:20:04.668 - INFO 520 [           main] .d.s.w.r.o.CachingOperationNameGenerator : Generating unique operation named: pageUsingGET_3
2018-12-11 00:20:04.678 - INFO 520 [           main] .d.s.w.r.o.CachingOperationNameGenerator : Generating unique operation named: findOneUsingGET_3
2018-12-11 00:20:04.682 - INFO 520 [           main] .d.s.w.r.o.CachingOperationNameGenerator : Generating unique operation named: pageUsingGET_4
2018-12-11 00:20:04.685 - INFO 520 [           main] .d.s.w.r.o.CachingOperationNameGenerator : Generating unique operation named: saveUsingPOST_2
2018-12-11 00:20:04.714 - INFO 520 [           main] .d.s.w.r.o.CachingOperationNameGenerator : Generating unique operation named: activityWebDetailUsingGET_1
2018-12-11 00:20:04.717 - INFO 520 [           main] .d.s.w.r.o.CachingOperationNameGenerator : Generating unique operation named: deleteUsingDELETE_3
2018-12-11 00:20:04.722 - INFO 520 [           main] .d.s.w.r.o.CachingOperationNameGenerator : Generating unique operation named: pageUsingGET_5
2018-12-11 00:20:04.727 - INFO 520 [           main] .d.s.w.r.o.CachingOperationNameGenerator : Generating unique operation named: saveUsingPOST_3
2018-12-11 00:20:04.737 - INFO 520 [           main] .d.s.w.r.o.CachingOperationNameGenerator : Generating unique operation named: deleteUsingDELETE_4
2018-12-11 00:20:04.738 - INFO 520 [           main] .d.s.w.r.o.CachingOperationNameGenerator : Generating unique operation named: findOneUsingGET_4
2018-12-11 00:20:04.739 - INFO 520 [           main] .d.s.w.r.o.CachingOperationNameGenerator : Generating unique operation named: pageUsingGET_6
2018-12-11 00:20:04.740 - INFO 520 [           main] .d.s.w.r.o.CachingOperationNameGenerator : Generating unique operation named: saveUsingPOST_4
2018-12-11 00:20:04.741 - INFO 520 [           main] .d.s.w.r.o.CachingOperationNameGenerator : Generating unique operation named: updateUsingPUT_1
2018-12-11 00:20:04.758 - INFO 520 [           main] .d.s.w.r.o.CachingOperationNameGenerator : Generating unique operation named: findOneUsingGET_5
2018-12-11 00:20:04.793 - INFO 520 [           main] o.s.s.quartz.SchedulerFactoryBean        : Will start Quartz Scheduler [schedulerFactoryBean] in 20 seconds
2018-12-11 00:20:04.820 - INFO 520 [           main] o.a.coyote.http11.Http11NioProtocol      : Starting ProtocolHandler ["http-nio-9097"]
2018-12-11 00:20:04.829 - INFO 520 [           main] o.a.tomcat.util.net.NioSelectorPool      : Using a shared selector for servlet write/read
2018-12-11 00:20:04.849 - INFO 520 [           main] o.s.b.w.embedded.tomcat.TomcatWebServer  : Tomcat started on port(s): 9097 (http) with context path ''
2018-12-11 00:20:04.852 - INFO 520 [           main] com.luwei.WebApplication                 : Started WebApplication in 14.025 seconds (JVM running for 15.072)
